#
# There is insufficient memory for the Java Runtime Environment to continue.
# Native memory allocation (mmap) failed to map 18874368 bytes for G1 virtual space
# Possible reasons:
#   The system is out of physical RAM or swap space
#   The process is running with CompressedOops enabled, and the Java Heap may be blocking the growth of the native heap
# Possible solutions:
#   Reduce memory load on the system
#   Increase physical memory or swap space
#   Check if swap backing store is full
#   Decrease Java heap size (-Xmx/-Xms)
#   Decrease number of Java threads
#   Decrease Java thread stack sizes (-Xss)
#   Set larger code cache with -XX:ReservedCodeCacheSize=
#   JVM is running with Unscaled Compressed Oops mode in which the Java heap is
#     placed in the first 4GB address space. The Java Heap base address is the
#     maximum limit for the native heap growth. Please use -XX:HeapBaseMinAddress
#     to set the Java Heap base and to place the Java Heap above 4GB virtual address.
# This output file may be truncated or incomplete.
#
#  Out of Memory Error (os_windows.cpp:3600), pid=42840, tid=27772
#
# JRE version: Java(TM) SE Runtime Environment (21.0.2+13) (build 21.0.2+13-LTS-58)
# Java VM: Java HotSpot(TM) 64-Bit Server VM (21.0.2+13-LTS-58, mixed mode, sharing, tiered, compressed oops, compressed class ptrs, g1 gc, windows-amd64)
# No core dump will be written. Minidumps are not enabled by default on client versions of Windows
#

---------------  S U M M A R Y ------------

Command Line: -Dclassworlds.conf=C:\Program Files\NetBeans-21\netbeans\java\maven\bin\m2.conf -Dmaven.home=C:\Program Files\NetBeans-21\netbeans\java\maven -Dlibrary.jansi.path=C:\Program Files\NetBeans-21\netbeans\java\maven\lib\jansi-native -Dmaven.multiModuleProjectDirectory=C:\Project Java\MotorcycleRental org.codehaus.plexus.classworlds.launcher.Launcher -Dmaven.ext.class.path=C:\Program Files\NetBeans-21\netbeans\java\maven-nblib\netbeans-eventspy.jar --no-transfer-progress clean install

Host: 11th Gen Intel(R) Core(TM) i5-11400H @ 2.70GHz, 12 cores, 7G,  Windows 11 , 64 bit Build 22621 (10.0.22621.3672)
Time: Mon Jul 15 12:55:57 2024 SE Asia Standard Time elapsed time: 5.675043 seconds (0d 0h 0m 5s)

---------------  T H R E A D  ---------------

Current thread (0x000002374af36a90):  VMThread "VM Thread"          [id=27772, stack(0x000000ed81400000,0x000000ed81500000) (1024K)]

Stack: [0x000000ed81400000,0x000000ed81500000]
Native frames: (J=compiled Java code, j=interpreted, Vv=VM code, C=native code)
V  [jvm.dll+0x6cade9]
V  [jvm.dll+0x8569c1]
V  [jvm.dll+0x858d2e]
V  [jvm.dll+0x859413]
V  [jvm.dll+0x280e56]
V  [jvm.dll+0x6c74d5]
V  [jvm.dll+0x6bbeca]
V  [jvm.dll+0x355bca]
V  [jvm.dll+0x35d816]
V  [jvm.dll+0x3ae67e]
V  [jvm.dll+0x3ae928]
V  [jvm.dll+0x3295dc]
V  [jvm.dll+0x329667]
V  [jvm.dll+0x36df1c]
V  [jvm.dll+0x36c71d]
V  [jvm.dll+0x328d51]
V  [jvm.dll+0x36be2a]
V  [jvm.dll+0x85ef18]
V  [jvm.dll+0x860014]
V  [jvm.dll+0x860550]
V  [jvm.dll+0x8607f3]
V  [jvm.dll+0x7ff568]
V  [jvm.dll+0x6c953d]
C  [ucrtbase.dll+0x29333]
C  [KERNEL32.DLL+0x1257d]
C  [ntdll.dll+0x5af28]

VM_Operation (0x000000ed80df8ca0): G1CollectForAllocation, mode: safepoint, requested by thread 0x000002372bfd2aa0


---------------  P R O C E S S  ---------------

Threads class SMR info:
_java_thread_list=0x0000023791523590, length=12, elements={
0x000002372bfd2aa0, 0x000002374af54e90, 0x000002374af55ea0, 0x000002374af59100,
0x000002374af5c0e0, 0x000002374af5f110, 0x000002374af5dea0, 0x000002374af68190,
0x000002374af70d70, 0x000002379022be50, 0x000002379022fd00, 0x000002379117a440
}

Java Threads: ( => current thread )
  0x000002372bfd2aa0 JavaThread "main"                              [_thread_blocked, id=40308, stack(0x000000ed80d00000,0x000000ed80e00000) (1024K)]
  0x000002374af54e90 JavaThread "Reference Handler"          daemon [_thread_blocked, id=36716, stack(0x000000ed81500000,0x000000ed81600000) (1024K)]
  0x000002374af55ea0 JavaThread "Finalizer"                  daemon [_thread_blocked, id=41672, stack(0x000000ed81600000,0x000000ed81700000) (1024K)]
  0x000002374af59100 JavaThread "Signal Dispatcher"          daemon [_thread_blocked, id=40708, stack(0x000000ed81700000,0x000000ed81800000) (1024K)]
  0x000002374af5c0e0 JavaThread "Attach Listener"            daemon [_thread_blocked, id=524, stack(0x000000ed81800000,0x000000ed81900000) (1024K)]
  0x000002374af5f110 JavaThread "Service Thread"             daemon [_thread_blocked, id=24680, stack(0x000000ed81900000,0x000000ed81a00000) (1024K)]
  0x000002374af5dea0 JavaThread "Monitor Deflation Thread"   daemon [_thread_blocked, id=21744, stack(0x000000ed81a00000,0x000000ed81b00000) (1024K)]
  0x000002374af68190 JavaThread "C2 CompilerThread0"         daemon [_thread_blocked, id=23796, stack(0x000000ed81b00000,0x000000ed81c00000) (1024K)]
  0x000002374af70d70 JavaThread "C1 CompilerThread0"         daemon [_thread_blocked, id=20296, stack(0x000000ed81c00000,0x000000ed81d00000) (1024K)]
  0x000002379022be50 JavaThread "Notification Thread"        daemon [_thread_blocked, id=23328, stack(0x000000ed81d00000,0x000000ed81e00000) (1024K)]
  0x000002379022fd00 JavaThread "Common-Cleaner"             daemon [_thread_blocked, id=25444, stack(0x000000ed81e00000,0x000000ed81f00000) (1024K)]
  0x000002379117a440 JavaThread "C2 CompilerThread1"         daemon [_thread_blocked, id=22816, stack(0x000000ed82800000,0x000000ed82900000) (1024K)]
Total: 12

Other Threads:
=>0x000002374af36a90 VMThread "VM Thread"                           [id=27772, stack(0x000000ed81400000,0x000000ed81500000) (1024K)]
  0x000002374af1e770 WatcherThread "VM Periodic Task Thread"        [id=39964, stack(0x000000ed81300000,0x000000ed81400000) (1024K)]
  0x000002372e27ee20 WorkerThread "GC Thread#0"                     [id=14644, stack(0x000000ed80e00000,0x000000ed80f00000) (1024K)]
  0x0000023791054040 WorkerThread "GC Thread#1"                     [id=19020, stack(0x000000ed81f00000,0x000000ed82000000) (1024K)]
  0x00000237910543e0 WorkerThread "GC Thread#2"                     [id=17276, stack(0x000000ed82000000,0x000000ed82100000) (1024K)]
  0x00000237910e6b90 WorkerThread "GC Thread#3"                     [id=29060, stack(0x000000ed82100000,0x000000ed82200000) (1024K)]
  0x0000023790e29670 WorkerThread "GC Thread#4"                     [id=32832, stack(0x000000ed82200000,0x000000ed82300000) (1024K)]
  0x0000023790e29a10 WorkerThread "GC Thread#5"                     [id=3864, stack(0x000000ed82300000,0x000000ed82400000) (1024K)]
  0x0000023790fb3240 WorkerThread "GC Thread#6"                     [id=28820, stack(0x000000ed82400000,0x000000ed82500000) (1024K)]
  0x0000023790fb35e0 WorkerThread "GC Thread#7"                     [id=38664, stack(0x000000ed82500000,0x000000ed82600000) (1024K)]
  0x0000023790fb3f90 WorkerThread "GC Thread#8"                     [id=12776, stack(0x000000ed82600000,0x000000ed82700000) (1024K)]
  0x0000023790ff93b0 WorkerThread "GC Thread#9"                     [id=42656, stack(0x000000ed82700000,0x000000ed82800000) (1024K)]
  0x000002372e290750 ConcurrentGCThread "G1 Main Marker"            [id=24584, stack(0x000000ed80f00000,0x000000ed81000000) (1024K)]
  0x000002372e291400 WorkerThread "G1 Conc#0"                       [id=18444, stack(0x000000ed81000000,0x000000ed81100000) (1024K)]
  0x0000023790ff8530 WorkerThread "G1 Conc#1"                       [id=9772, stack(0x000000ed82900000,0x000000ed82a00000) (1024K)]
  0x00000237921a8ff0 WorkerThread "G1 Conc#2"                       [id=32956, stack(0x000000ed82a00000,0x000000ed82b00000) (1024K)]
  0x000002372e2ee950 ConcurrentGCThread "G1 Refine#0"               [id=23752, stack(0x000000ed81100000,0x000000ed81200000) (1024K)]
  0x000002374adf26b0 ConcurrentGCThread "G1 Service"                [id=43304, stack(0x000000ed81200000,0x000000ed81300000) (1024K)]
Total: 18

Threads with active compile tasks:
C2 CompilerThread0     5689 6967       4       lombok.launch.PackageShader::apply (252 bytes)
C1 CompilerThread0     5689 6985       3       java.net.URI::appendAuthority (232 bytes)
C2 CompilerThread1     5689 6975 % !   4       sun.net.www.ParseUtil::decode @ 70 (349 bytes)
Total: 3

VM state: at safepoint (normal execution)

VM Mutex/Monitor currently owned by a thread:  ([mutex/lock_event])
[0x00007ffff5b3cd68] Threads_lock - owner thread: 0x000002374af36a90
[0x00007ffff5b3ce68] Heap_lock - owner thread: 0x000002372bfd2aa0

Heap address: 0x0000000083600000, size: 1994 MB, Compressed Oops mode: 32-bit

CDS archive(s) mapped at: [0x000002374b000000-0x000002374bc90000-0x000002374bc90000), size 13172736, SharedBaseAddress: 0x000002374b000000, ArchiveRelocationMode: 1.
Compressed class space mapped at: 0x000002374c000000-0x000002378c000000, reserved size: 1073741824
Narrow klass base: 0x000002374b000000, Narrow klass shift: 0, Narrow klass range: 0x100000000

GC Precious Log:
 CardTable entry size: 512
 Card Set container configuration: InlinePtr #cards 5 size 8 Array Of Cards #cards 12 size 40 Howl #buckets 4 coarsen threshold 1843 Howl Bitmap #cards 512 size 80 coarsen threshold 460 Card regions per heap region 1 cards per card region 2048
 CPUs: 12 total, 12 available
 Memory: 7971M
 Large Page Support: Disabled
 NUMA Support: Disabled
 Compressed Oops: Enabled (32-bit)
 Heap Region Size: 1M
 Heap Min Capacity: 8M
 Heap Initial Capacity: 126M
 Heap Max Capacity: 1994M
 Pre-touch: Disabled
 Parallel Workers: 10
 Concurrent Workers: 3
 Concurrent Refinement Workers: 10
 Periodic GC: Disabled

Heap:
 garbage-first heap   total 76800K, used 37376K [0x0000000083600000, 0x0000000100000000)
  region size 1024K, 3 young (3072K), 3 survivors (3072K)
 Metaspace       used 28035K, committed 28416K, reserved 1114112K
  class space    used 3091K, committed 3264K, reserved 1048576K

Heap Regions: E=young(eden), S=young(survivor), O=old, HS=humongous(starts), HC=humongous(continues), CS=collection set, F=free, TAMS=top-at-mark-start, PB=parsable bottom
|   0|0x0000000083600000, 0x0000000083700000, 0x0000000083700000|100%| O|  |TAMS 0x0000000083600000| PB 0x0000000083600000| Untracked 
|   1|0x0000000083700000, 0x0000000083800000, 0x0000000083800000|100%| O|  |TAMS 0x0000000083700000| PB 0x0000000083700000| Untracked 
|   2|0x0000000083800000, 0x0000000083900000, 0x0000000083900000|100%| O|  |TAMS 0x0000000083800000| PB 0x0000000083800000| Untracked 
|   3|0x0000000083900000, 0x0000000083a00000, 0x0000000083a00000|100%| O|  |TAMS 0x0000000083900000| PB 0x0000000083900000| Untracked 
|   4|0x0000000083a00000, 0x0000000083b00000, 0x0000000083b00000|100%| O|  |TAMS 0x0000000083a00000| PB 0x0000000083a00000| Untracked 
|   5|0x0000000083b00000, 0x0000000083c00000, 0x0000000083c00000|100%| O|  |TAMS 0x0000000083b00000| PB 0x0000000083b00000| Untracked 
|   6|0x0000000083c00000, 0x0000000083d00000, 0x0000000083d00000|100%| O|  |TAMS 0x0000000083c00000| PB 0x0000000083c00000| Untracked 
|   7|0x0000000083d00000, 0x0000000083e00000, 0x0000000083e00000|100%| O|  |TAMS 0x0000000083d00000| PB 0x0000000083d00000| Untracked 
|   8|0x0000000083e00000, 0x0000000083f00000, 0x0000000083f00000|100%| O|  |TAMS 0x0000000083e00000| PB 0x0000000083e00000| Untracked 
|   9|0x0000000083f00000, 0x0000000084000000, 0x0000000084000000|100%| O|  |TAMS 0x0000000083f00000| PB 0x0000000083f00000| Untracked 
|  10|0x0000000084000000, 0x0000000084100000, 0x0000000084100000|100%| O|  |TAMS 0x0000000084000000| PB 0x0000000084000000| Untracked 
|  11|0x0000000084100000, 0x0000000084200000, 0x0000000084200000|100%| O|  |TAMS 0x0000000084100000| PB 0x0000000084100000| Untracked 
|  12|0x0000000084200000, 0x0000000084300000, 0x0000000084300000|100%|HS|  |TAMS 0x0000000084200000| PB 0x0000000084200000| Complete 
|  13|0x0000000084300000, 0x0000000084400000, 0x0000000084400000|100%| O|  |TAMS 0x0000000084300000| PB 0x0000000084300000| Untracked 
|  14|0x0000000084400000, 0x0000000084500000, 0x0000000084500000|100%| O|  |TAMS 0x0000000084400000| PB 0x0000000084400000| Untracked 
|  15|0x0000000084500000, 0x0000000084600000, 0x0000000084600000|100%| O|  |TAMS 0x0000000084500000| PB 0x0000000084500000| Untracked 
|  16|0x0000000084600000, 0x0000000084700000, 0x0000000084700000|100%| O|  |TAMS 0x0000000084600000| PB 0x0000000084600000| Untracked 
|  17|0x0000000084700000, 0x0000000084800000, 0x0000000084800000|100%| O|  |TAMS 0x0000000084700000| PB 0x0000000084700000| Untracked 
|  18|0x0000000084800000, 0x0000000084900000, 0x0000000084900000|100%| O|  |TAMS 0x0000000084800000| PB 0x0000000084800000| Untracked 
|  19|0x0000000084900000, 0x0000000084a00000, 0x0000000084a00000|100%| O|  |TAMS 0x0000000084900000| PB 0x0000000084900000| Untracked 
|  20|0x0000000084a00000, 0x0000000084b00000, 0x0000000084b00000|100%| O|  |TAMS 0x0000000084a00000| PB 0x0000000084a00000| Untracked 
|  21|0x0000000084b00000, 0x0000000084c00000, 0x0000000084c00000|100%| O|  |TAMS 0x0000000084b00000| PB 0x0000000084b00000| Untracked 
|  22|0x0000000084c00000, 0x0000000084c00000, 0x0000000084d00000|  0%| F|  |TAMS 0x0000000084c00000| PB 0x0000000084c00000| Untracked 
|  23|0x0000000084d00000, 0x0000000084d00000, 0x0000000084e00000|  0%| F|  |TAMS 0x0000000084d00000| PB 0x0000000084d00000| Untracked 
|  24|0x0000000084e00000, 0x0000000084e00000, 0x0000000084f00000|  0%| F|  |TAMS 0x0000000084e00000| PB 0x0000000084e00000| Untracked 
|  25|0x0000000084f00000, 0x0000000084f00000, 0x0000000085000000|  0%| F|  |TAMS 0x0000000084f00000| PB 0x0000000084f00000| Untracked 
|  26|0x0000000085000000, 0x0000000085000000, 0x0000000085100000|  0%| F|  |TAMS 0x0000000085000000| PB 0x0000000085000000| Untracked 
|  27|0x0000000085100000, 0x0000000085200000, 0x0000000085200000|100%| O|  |TAMS 0x0000000085100000| PB 0x0000000085100000| Untracked 
|  28|0x0000000085200000, 0x0000000085300000, 0x0000000085300000|100%| O|  |TAMS 0x0000000085200000| PB 0x0000000085200000| Untracked 
|  29|0x0000000085300000, 0x0000000085400000, 0x0000000085400000|100%| O|  |TAMS 0x0000000085300000| PB 0x0000000085300000| Untracked 
|  30|0x0000000085400000, 0x0000000085500000, 0x0000000085500000|100%| O|  |TAMS 0x0000000085400000| PB 0x0000000085400000| Untracked 
|  31|0x0000000085500000, 0x0000000085500000, 0x0000000085600000|  0%| F|  |TAMS 0x0000000085500000| PB 0x0000000085500000| Untracked 
|  32|0x0000000085600000, 0x0000000085600000, 0x0000000085700000|  0%| F|  |TAMS 0x0000000085600000| PB 0x0000000085600000| Untracked 
|  33|0x0000000085700000, 0x0000000085700000, 0x0000000085800000|  0%| F|  |TAMS 0x0000000085700000| PB 0x0000000085700000| Untracked 
|  34|0x0000000085800000, 0x0000000085800000, 0x0000000085900000|  0%| F|  |TAMS 0x0000000085800000| PB 0x0000000085800000| Untracked 
|  35|0x0000000085900000, 0x0000000085900000, 0x0000000085a00000|  0%| F|  |TAMS 0x0000000085900000| PB 0x0000000085900000| Untracked 
|  36|0x0000000085a00000, 0x0000000085a00000, 0x0000000085b00000|  0%| F|  |TAMS 0x0000000085a00000| PB 0x0000000085a00000| Untracked 
|  37|0x0000000085b00000, 0x0000000085b80000, 0x0000000085c00000| 50%| S|CS|TAMS 0x0000000085b00000| PB 0x0000000085b00000| Complete 
|  38|0x0000000085c00000, 0x0000000085d00000, 0x0000000085d00000|100%| S|CS|TAMS 0x0000000085c00000| PB 0x0000000085c00000| Complete 
|  39|0x0000000085d00000, 0x0000000085e00000, 0x0000000085e00000|100%| S|CS|TAMS 0x0000000085d00000| PB 0x0000000085d00000| Complete 
|  40|0x0000000085e00000, 0x0000000085e00000, 0x0000000085f00000|  0%| F|  |TAMS 0x0000000085e00000| PB 0x0000000085e00000| Untracked 
|  41|0x0000000085f00000, 0x0000000085f00000, 0x0000000086000000|  0%| F|  |TAMS 0x0000000085f00000| PB 0x0000000085f00000| Untracked 
|  42|0x0000000086000000, 0x0000000086000000, 0x0000000086100000|  0%| F|  |TAMS 0x0000000086000000| PB 0x0000000086000000| Untracked 
|  43|0x0000000086100000, 0x0000000086100000, 0x0000000086200000|  0%| F|  |TAMS 0x0000000086100000| PB 0x0000000086100000| Untracked 
|  44|0x0000000086200000, 0x0000000086200000, 0x0000000086300000|  0%| F|  |TAMS 0x0000000086200000| PB 0x0000000086200000| Untracked 
|  45|0x0000000086300000, 0x0000000086300000, 0x0000000086400000|  0%| F|  |TAMS 0x0000000086300000| PB 0x0000000086300000| Untracked 
|  46|0x0000000086400000, 0x0000000086400000, 0x0000000086500000|  0%| F|  |TAMS 0x0000000086400000| PB 0x0000000086400000| Untracked 
|  47|0x0000000086500000, 0x0000000086500000, 0x0000000086600000|  0%| F|  |TAMS 0x0000000086500000| PB 0x0000000086500000| Untracked 
|  48|0x0000000086600000, 0x0000000086600000, 0x0000000086700000|  0%| F|  |TAMS 0x0000000086600000| PB 0x0000000086600000| Untracked 
|  49|0x0000000086700000, 0x0000000086700000, 0x0000000086800000|  0%| F|  |TAMS 0x0000000086700000| PB 0x0000000086700000| Untracked 
|  50|0x0000000086800000, 0x0000000086800000, 0x0000000086900000|  0%| F|  |TAMS 0x0000000086800000| PB 0x0000000086800000| Untracked 
|  51|0x0000000086900000, 0x0000000086900000, 0x0000000086a00000|  0%| F|  |TAMS 0x0000000086900000| PB 0x0000000086900000| Untracked 
|  52|0x0000000086a00000, 0x0000000086a00000, 0x0000000086b00000|  0%| F|  |TAMS 0x0000000086a00000| PB 0x0000000086a00000| Untracked 
|  53|0x0000000086b00000, 0x0000000086b00000, 0x0000000086c00000|  0%| F|  |TAMS 0x0000000086b00000| PB 0x0000000086b00000| Untracked 
|  54|0x0000000086c00000, 0x0000000086c00000, 0x0000000086d00000|  0%| F|  |TAMS 0x0000000086c00000| PB 0x0000000086c00000| Untracked 
|  55|0x0000000086d00000, 0x0000000086d00000, 0x0000000086e00000|  0%| F|  |TAMS 0x0000000086d00000| PB 0x0000000086d00000| Untracked 
|  56|0x0000000086e00000, 0x0000000086e00000, 0x0000000086f00000|  0%| F|  |TAMS 0x0000000086e00000| PB 0x0000000086e00000| Untracked 
|  57|0x0000000086f00000, 0x0000000086f00000, 0x0000000087000000|  0%| F|  |TAMS 0x0000000086f00000| PB 0x0000000086f00000| Untracked 
|  58|0x0000000087000000, 0x0000000087000000, 0x0000000087100000|  0%| F|  |TAMS 0x0000000087000000| PB 0x0000000087000000| Untracked 
|  59|0x0000000087100000, 0x0000000087100000, 0x0000000087200000|  0%| F|  |TAMS 0x0000000087100000| PB 0x0000000087100000| Untracked 
|  60|0x0000000087200000, 0x0000000087200000, 0x0000000087300000|  0%| F|  |TAMS 0x0000000087200000| PB 0x0000000087200000| Untracked 
|  61|0x0000000087300000, 0x0000000087300000, 0x0000000087400000|  0%| F|  |TAMS 0x0000000087300000| PB 0x0000000087300000| Untracked 
|  62|0x0000000087400000, 0x0000000087400000, 0x0000000087500000|  0%| F|  |TAMS 0x0000000087400000| PB 0x0000000087400000| Untracked 
|  63|0x0000000087500000, 0x0000000087500000, 0x0000000087600000|  0%| F|  |TAMS 0x0000000087500000| PB 0x0000000087500000| Untracked 
|  64|0x0000000087600000, 0x0000000087600000, 0x0000000087700000|  0%| F|  |TAMS 0x0000000087600000| PB 0x0000000087600000| Untracked 
|  65|0x0000000087700000, 0x0000000087700000, 0x0000000087800000|  0%| F|  |TAMS 0x0000000087700000| PB 0x0000000087700000| Untracked 
| 125|0x000000008b300000, 0x000000008b300000, 0x000000008b400000|  0%| F|  |TAMS 0x000000008b300000| PB 0x000000008b300000| Untracked 
|1986|0x00000000ff800000, 0x00000000ff900000, 0x00000000ff900000|100%| O|  |TAMS 0x00000000ff800000| PB 0x00000000ff800000| Untracked 
|1987|0x00000000ff900000, 0x00000000ffa00000, 0x00000000ffa00000|100%| O|  |TAMS 0x00000000ff900000| PB 0x00000000ff900000| Untracked 
|1988|0x00000000ffa00000, 0x00000000ffb00000, 0x00000000ffb00000|100%| O|  |TAMS 0x00000000ffa00000| PB 0x00000000ffa00000| Untracked 
|1989|0x00000000ffb00000, 0x00000000ffc00000, 0x00000000ffc00000|100%| O|  |TAMS 0x00000000ffb00000| PB 0x00000000ffb00000| Untracked 
|1990|0x00000000ffc00000, 0x00000000ffd00000, 0x00000000ffd00000|100%| O|  |TAMS 0x00000000ffc00000| PB 0x00000000ffc00000| Untracked 
|1991|0x00000000ffd00000, 0x00000000ffe00000, 0x00000000ffe00000|100%| O|  |TAMS 0x00000000ffd00000| PB 0x00000000ffd00000| Untracked 
|1992|0x00000000ffe00000, 0x00000000fff00000, 0x00000000fff00000|100%| O|  |TAMS 0x00000000ffe00000| PB 0x00000000ffe00000| Untracked 
|1993|0x00000000fff00000, 0x0000000100000000, 0x0000000100000000|100%| O|  |TAMS 0x00000000fff00000| PB 0x00000000fff00000| Untracked 

Card table byte_map: [0x0000023745fd0000,0x00000237463c0000] _byte_map_base: 0x0000023745bb5000

Marking Bits: (CMBitMap*) 0x000002372e27f520
 Bits: [0x00000237463c0000, 0x00000237482e8000)

Polling page: 0x000002372d9f0000

Metaspace:

Usage:
  Non-class:     24.36 MB used.
      Class:      3.02 MB used.
       Both:     27.38 MB used.

Virtual space:
  Non-class space:       64.00 MB reserved,      24.56 MB ( 38%) committed,  1 nodes.
      Class space:        1.00 GB reserved,       3.19 MB ( <1%) committed,  1 nodes.
             Both:        1.06 GB reserved,      27.75 MB (  3%) committed. 

Chunk freelists:
   Non-Class:  7.20 MB
       Class:  12.78 MB
        Both:  19.98 MB

MaxMetaspaceSize: unlimited
CompressedClassSpaceSize: 1.00 GB
Initial GC threshold: 21.00 MB
Current GC threshold: 35.25 MB
CDS: on
 - commit_granule_bytes: 65536.
 - commit_granule_words: 8192.
 - virtual_space_node_default_size: 8388608.
 - enlarge_chunks_in_place: 1.
 - use_allocation_guard: 0.


Internal statistics:

num_allocs_failed_limit: 3.
num_arena_births: 234.
num_arena_deaths: 0.
num_vsnodes_births: 2.
num_vsnodes_deaths: 0.
num_space_committed: 444.
num_space_uncommitted: 0.
num_chunks_returned_to_freelist: 3.
num_chunks_taken_from_freelist: 1206.
num_chunk_merges: 3.
num_chunk_splits: 866.
num_chunks_enlarged: 710.
num_inconsistent_stats: 0.

CodeHeap 'non-profiled nmethods': size=120000Kb used=3586Kb max_used=3586Kb free=116413Kb
 bounds [0x000002373e160000, 0x000002373e4f0000, 0x0000023745690000]
CodeHeap 'profiled nmethods': size=120000Kb used=15578Kb max_used=15578Kb free=104421Kb
 bounds [0x0000023736690000, 0x00000237375d0000, 0x000002373dbc0000]
CodeHeap 'non-nmethods': size=5760Kb used=1600Kb max_used=1648Kb free=4159Kb
 bounds [0x000002373dbc0000, 0x000002373de30000, 0x000002373e160000]
 total_blobs=7503 nmethods=6972 adapters=434
 compilation: enabled
              stopped_count=0, restarted_count=0
 full_count=0

Compilation events (20 events):
Event: 5.640 Thread 0x000002379117a440 nmethod 6972 0x000002373e4e0290 code [0x000002373e4e0420, 0x000002373e4e0748]
Event: 5.641 Thread 0x000002374af70d70 nmethod 6973 0x00000237375bef10 code [0x00000237375bf160, 0x00000237375bf9e8]
Event: 5.641 Thread 0x000002374af70d70 6974       3       java.net.URI$Parser::checkChar (14 bytes)
Event: 5.641 Thread 0x000002374af70d70 nmethod 6974 0x00000237375bfe10 code [0x00000237375bffc0, 0x00000237375c0118]
Event: 5.645 Thread 0x000002379117a440 6975 % !   4       sun.net.www.ParseUtil::decode @ 70 (349 bytes)
Event: 5.651 Thread 0x000002374af70d70 6977       3       java.net.URI$Parser::parseHierarchical (178 bytes)
Event: 5.652 Thread 0x000002374af70d70 nmethod 6977 0x00000237375c0210 code [0x00000237375c0620, 0x00000237375c2168]
Event: 5.656 Thread 0x000002374af70d70 6979       3       java.io.FilterInputStream::close (8 bytes)
Event: 5.656 Thread 0x000002374af70d70 nmethod 6979 0x00000237375c2c90 code [0x00000237375c2e40, 0x00000237375c3018]
Event: 5.657 Thread 0x000002374af70d70 6980   !   3       sun.net.www.protocol.jar.JarURLConnection$JarURLInputStream::close (51 bytes)
Event: 5.657 Thread 0x000002374af70d70 nmethod 6980 0x00000237375c3110 code [0x00000237375c3340, 0x00000237375c3a70]
Event: 5.657 Thread 0x000002374af70d70 6981       3       sun.net.www.protocol.jar.URLJarFile$URLJarFileEntry::<init> (16 bytes)
Event: 5.657 Thread 0x000002374af70d70 nmethod 6981 0x00000237375c3d90 code [0x00000237375c3f60, 0x00000237375c4350]
Event: 5.657 Thread 0x000002374af70d70 6982       3       java.util.jar.JarEntry::<init> (30 bytes)
Event: 5.658 Thread 0x000002374af70d70 nmethod 6982 0x00000237375c4490 code [0x00000237375c4660, 0x00000237375c4940]
Event: 5.663 Thread 0x000002374af70d70 6983       3       java.net.URI::toString (60 bytes)
Event: 5.663 Thread 0x000002374af70d70 nmethod 6983 0x00000237375c4a10 code [0x00000237375c4c40, 0x00000237375c5280]
Event: 5.663 Thread 0x000002374af70d70 6984       3       java.net.URI::appendSchemeSpecificPart (158 bytes)
Event: 5.664 Thread 0x000002374af70d70 nmethod 6984 0x00000237375c5590 code [0x00000237375c58a0, 0x00000237375c64d8]
Event: 5.664 Thread 0x000002374af70d70 6985       3       java.net.URI::appendAuthority (232 bytes)

GC Heap History (13 events):
Event: 0.427 GC heap before
{Heap before GC invocations=0 (full 0):
 garbage-first heap   total 129024K, used 22528K [0x0000000083600000, 0x0000000100000000)
  region size 1024K, 23 young (23552K), 0 survivors (0K)
 Metaspace       used 5800K, committed 6016K, reserved 1114112K
  class space    used 668K, committed 768K, reserved 1048576K
}
Event: 0.432 GC heap after
{Heap after GC invocations=1 (full 0):
 garbage-first heap   total 129024K, used 3829K [0x0000000083600000, 0x0000000100000000)
  region size 1024K, 3 young (3072K), 3 survivors (3072K)
 Metaspace       used 5800K, committed 6016K, reserved 1114112K
  class space    used 668K, committed 768K, reserved 1048576K
}
Event: 0.811 GC heap before
{Heap before GC invocations=1 (full 0):
 garbage-first heap   total 129024K, used 35573K [0x0000000083600000, 0x0000000100000000)
  region size 1024K, 34 young (34816K), 3 survivors (3072K)
 Metaspace       used 10495K, committed 10688K, reserved 1114112K
  class space    used 1244K, committed 1344K, reserved 1048576K
}
Event: 0.815 GC heap after
{Heap after GC invocations=2 (full 0):
 garbage-first heap   total 129024K, used 5978K [0x0000000083600000, 0x0000000100000000)
  region size 1024K, 2 young (2048K), 2 survivors (2048K)
 Metaspace       used 10495K, committed 10688K, reserved 1114112K
  class space    used 1244K, committed 1344K, reserved 1048576K
}
Event: 2.067 GC heap before
{Heap before GC invocations=2 (full 0):
 garbage-first heap   total 129024K, used 80730K [0x0000000083600000, 0x0000000100000000)
  region size 1024K, 75 young (76800K), 2 survivors (2048K)
 Metaspace       used 16228K, committed 16448K, reserved 1114112K
  class space    used 1864K, committed 1984K, reserved 1048576K
}
Event: 2.075 GC heap after
{Heap after GC invocations=3 (full 0):
 garbage-first heap   total 129024K, used 11930K [0x0000000083600000, 0x0000000100000000)
  region size 1024K, 8 young (8192K), 8 survivors (8192K)
 Metaspace       used 16228K, committed 16448K, reserved 1114112K
  class space    used 1864K, committed 1984K, reserved 1048576K
}
Event: 4.367 GC heap before
{Heap before GC invocations=3 (full 0):
 garbage-first heap   total 129024K, used 78490K [0x0000000083600000, 0x0000000100000000)
  region size 1024K, 75 young (76800K), 8 survivors (8192K)
 Metaspace       used 21219K, committed 21504K, reserved 1114112K
  class space    used 2418K, committed 2560K, reserved 1048576K
}
Event: 4.378 GC heap after
{Heap after GC invocations=4 (full 0):
 garbage-first heap   total 129024K, used 15620K [0x0000000083600000, 0x0000000100000000)
  region size 1024K, 4 young (4096K), 4 survivors (4096K)
 Metaspace       used 21219K, committed 21504K, reserved 1114112K
  class space    used 2418K, committed 2560K, reserved 1048576K
}
Event: 5.163 GC heap before
{Heap before GC invocations=5 (full 0):
 garbage-first heap   total 58368K, used 57604K [0x0000000083600000, 0x0000000100000000)
  region size 1024K, 45 young (46080K), 4 survivors (4096K)
 Metaspace       used 26267K, committed 26688K, reserved 1114112K
  class space    used 2931K, committed 3136K, reserved 1048576K
}
Event: 5.180 GC heap after
{Heap after GC invocations=6 (full 0):
 garbage-first heap   total 75776K, used 28932K [0x0000000083600000, 0x0000000100000000)
  region size 1024K, 10 young (10240K), 10 survivors (10240K)
 Metaspace       used 26267K, committed 26688K, reserved 1114112K
  class space    used 2931K, committed 3136K, reserved 1048576K
}
Event: 5.375 GC heap before
{Heap before GC invocations=6 (full 0):
 garbage-first heap   total 75776K, used 60676K [0x0000000083600000, 0x0000000100000000)
  region size 1024K, 40 young (40960K), 10 survivors (10240K)
 Metaspace       used 26950K, committed 27392K, reserved 1114112K
  class space    used 2990K, committed 3200K, reserved 1048576K
}
Event: 5.389 GC heap after
{Heap after GC invocations=7 (full 0):
 garbage-first heap   total 76800K, used 34304K [0x0000000083600000, 0x0000000100000000)
  region size 1024K, 5 young (5120K), 5 survivors (5120K)
 Metaspace       used 26950K, committed 27392K, reserved 1114112K
  class space    used 2990K, committed 3200K, reserved 1048576K
}
Event: 5.664 GC heap before
{Heap before GC invocations=7 (full 0):
 garbage-first heap   total 76800K, used 60928K [0x0000000083600000, 0x0000000100000000)
  region size 1024K, 32 young (32768K), 5 survivors (5120K)
 Metaspace       used 28035K, committed 28416K, reserved 1114112K
  class space    used 3091K, committed 3264K, reserved 1048576K
}

Dll operation events (8 events):
Event: 0.006 Loaded shared library C:\Program Files\Java\jdk-21\bin\java.dll
Event: 0.032 Loaded shared library C:\Program Files\Java\jdk-21\bin\jsvml.dll
Event: 0.043 Loaded shared library C:\Program Files\Java\jdk-21\bin\net.dll
Event: 0.044 Loaded shared library C:\Program Files\Java\jdk-21\bin\nio.dll
Event: 0.047 Loaded shared library C:\Program Files\Java\jdk-21\bin\zip.dll
Event: 0.115 Loaded shared library C:\Program Files\Java\jdk-21\bin\jimage.dll
Event: 0.140 Loaded shared library C:\Program Files\NetBeans-21\netbeans\java\maven\lib\jansi-native\Windows\x86_64\jansi.dll
Event: 0.147 Loaded shared library C:\Program Files\Java\jdk-21\bin\verify.dll

Deoptimization events (20 events):
Event: 5.548 Thread 0x000002372bfd2aa0 DEOPT PACKING pc=0x000002373e2bbf3c sp=0x000000ed80dfc6b0
Event: 5.548 Thread 0x000002372bfd2aa0 DEOPT UNPACKING pc=0x000002373dc17da2 sp=0x000000ed80dfc550 mode 2
Event: 5.556 Thread 0x000002372bfd2aa0 DEOPT PACKING pc=0x000002373759fd8b sp=0x000000ed80dfc530
Event: 5.556 Thread 0x000002372bfd2aa0 DEOPT UNPACKING pc=0x000002373dc188e2 sp=0x000000ed80dfb9a0 mode 0
Event: 5.562 Thread 0x000002372bfd2aa0 Uncommon trap: trap_request=0xffffff45 fr.pc=0x000002373e4a37b8 relative=0x0000000000000958
Event: 5.562 Thread 0x000002372bfd2aa0 Uncommon trap: reason=unstable_if action=reinterpret pc=0x000002373e4a37b8 method=java.util.regex.Pattern.atom()Ljava/util/regex/Pattern$Node; @ 14 c2
Event: 5.562 Thread 0x000002372bfd2aa0 DEOPT PACKING pc=0x000002373e4a37b8 sp=0x000000ed80dfc5c0
Event: 5.562 Thread 0x000002372bfd2aa0 DEOPT UNPACKING pc=0x000002373dc17da2 sp=0x000000ed80dfc548 mode 2
Event: 5.562 Thread 0x000002372bfd2aa0 Uncommon trap: trap_request=0xffffff45 fr.pc=0x000002373e494c4c relative=0x00000000000007ac
Event: 5.562 Thread 0x000002372bfd2aa0 Uncommon trap: reason=unstable_if action=reinterpret pc=0x000002373e494c4c method=java.util.regex.Pattern.closure(Ljava/util/regex/Pattern$Node;)Ljava/util/regex/Pattern$Node; @ 6 c2
Event: 5.562 Thread 0x000002372bfd2aa0 DEOPT PACKING pc=0x000002373e494c4c sp=0x000000ed80dfc5b0
Event: 5.562 Thread 0x000002372bfd2aa0 DEOPT UNPACKING pc=0x000002373dc17da2 sp=0x000000ed80dfc550 mode 2
Event: 5.637 Thread 0x000002372bfd2aa0 DEOPT PACKING pc=0x00000237375a9041 sp=0x000000ed80dfc7d0
Event: 5.637 Thread 0x000002372bfd2aa0 DEOPT UNPACKING pc=0x000002373dc188e2 sp=0x000000ed80dfbc80 mode 0
Event: 5.644 Thread 0x000002372bfd2aa0 DEOPT PACKING pc=0x00000237375a9041 sp=0x000000ed80df8df0
Event: 5.644 Thread 0x000002372bfd2aa0 DEOPT UNPACKING pc=0x000002373dc188e2 sp=0x000000ed80df82a0 mode 0
Event: 5.652 Thread 0x000002372bfd2aa0 DEOPT PACKING pc=0x00000237375a9041 sp=0x000000ed80df8df0
Event: 5.652 Thread 0x000002372bfd2aa0 DEOPT UNPACKING pc=0x000002373dc188e2 sp=0x000000ed80df82a0 mode 0
Event: 5.659 Thread 0x000002372bfd2aa0 DEOPT PACKING pc=0x00000237375a9041 sp=0x000000ed80df8df0
Event: 5.659 Thread 0x000002372bfd2aa0 DEOPT UNPACKING pc=0x000002373dc188e2 sp=0x000000ed80df82a0 mode 0

Classes loaded (20 events):
Event: 5.505 Loading class java/util/zip/ZipFile$ZipEntryIterator
Event: 5.505 Loading class java/util/zip/ZipFile$ZipEntryIterator done
Event: 5.516 Loading class jdk/internal/module/IllegalAccessLogger
Event: 5.516 Loading class jdk/internal/module/IllegalAccessLogger done
Event: 5.540 Loading class java/lang/LayerInstantiationException
Event: 5.541 Loading class java/lang/LayerInstantiationException done
Event: 5.541 Loading class jdk/internal/loader/Loader
Event: 5.541 Loading class jdk/internal/loader/Loader done
Event: 5.542 Loading class java/lang/Class$EnclosingMethodInfo
Event: 5.542 Loading class java/lang/Class$EnclosingMethodInfo done
Event: 5.543 Loading class jdk/internal/classfile/ClassBuilder
Event: 5.543 Loading class jdk/internal/classfile/ClassfileBuilder
Event: 5.543 Loading class jdk/internal/classfile/ClassfileBuilder done
Event: 5.543 Loading class jdk/internal/classfile/ClassBuilder done
Event: 5.543 Loading class jdk/internal/classfile/ClassElement
Event: 5.543 Loading class jdk/internal/classfile/ClassfileElement
Event: 5.543 Loading class jdk/internal/classfile/ClassfileElement done
Event: 5.543 Loading class jdk/internal/classfile/ClassElement done
Event: 5.629 Loading class java/text/BreakIterator
Event: 5.629 Loading class java/text/BreakIterator done

Classes unloaded (0 events):
No events

Classes redefined (0 events):
No events

Internal exceptions (20 events):
Event: 5.405 Thread 0x000002372bfd2aa0 Exception <a 'sun/nio/fs/WindowsException'{0x000000008756cd60}> (0x000000008756cd60) 
thrown [s\open\src\hotspot\share\prims\jni.cpp, line 520]
Event: 5.405 Thread 0x000002372bfd2aa0 Exception <a 'sun/nio/fs/WindowsException'{0x000000008756df28}> (0x000000008756df28) 
thrown [s\open\src\hotspot\share\prims\jni.cpp, line 520]
Event: 5.405 Thread 0x000002372bfd2aa0 Exception <a 'sun/nio/fs/WindowsException'{0x000000008756fcd8}> (0x000000008756fcd8) 
thrown [s\open\src\hotspot\share\prims\jni.cpp, line 520]
Event: 5.405 Thread 0x000002372bfd2aa0 Exception <a 'sun/nio/fs/WindowsException'{0x00000000875719c8}> (0x00000000875719c8) 
thrown [s\open\src\hotspot\share\prims\jni.cpp, line 520]
Event: 5.405 Thread 0x000002372bfd2aa0 Exception <a 'sun/nio/fs/WindowsException'{0x0000000087572d48}> (0x0000000087572d48) 
thrown [s\open\src\hotspot\share\prims\jni.cpp, line 520]
Event: 5.405 Thread 0x000002372bfd2aa0 Exception <a 'sun/nio/fs/WindowsException'{0x0000000087573f38}> (0x0000000087573f38) 
thrown [s\open\src\hotspot\share\prims\jni.cpp, line 520]
Event: 5.405 Thread 0x000002372bfd2aa0 Exception <a 'sun/nio/fs/WindowsException'{0x0000000087575d90}> (0x0000000087575d90) 
thrown [s\open\src\hotspot\share\prims\jni.cpp, line 520]
Event: 5.405 Thread 0x000002372bfd2aa0 Exception <a 'sun/nio/fs/WindowsException'{0x0000000087577578}> (0x0000000087577578) 
thrown [s\open\src\hotspot\share\prims\jni.cpp, line 520]
Event: 5.405 Thread 0x000002372bfd2aa0 Exception <a 'sun/nio/fs/WindowsException'{0x00000000875786c8}> (0x00000000875786c8) 
thrown [s\open\src\hotspot\share\prims\jni.cpp, line 520]
Event: 5.405 Thread 0x000002372bfd2aa0 Exception <a 'sun/nio/fs/WindowsException'{0x0000000087579620}> (0x0000000087579620) 
thrown [s\open\src\hotspot\share\prims\jni.cpp, line 520]
Event: 5.406 Thread 0x000002372bfd2aa0 Exception <a 'sun/nio/fs/WindowsException'{0x000000008757b1f8}> (0x000000008757b1f8) 
thrown [s\open\src\hotspot\share\prims\jni.cpp, line 520]
Event: 5.406 Thread 0x000002372bfd2aa0 Exception <a 'sun/nio/fs/WindowsException'{0x0000000087581dd0}> (0x0000000087581dd0) 
thrown [s\open\src\hotspot\share\prims\jni.cpp, line 520]
Event: 5.406 Thread 0x000002372bfd2aa0 Exception <a 'sun/nio/fs/WindowsException'{0x000000008758fa00}> (0x000000008758fa00) 
thrown [s\open\src\hotspot\share\prims\jni.cpp, line 520]
Event: 5.406 Thread 0x000002372bfd2aa0 Exception <a 'sun/nio/fs/WindowsException'{0x0000000087590970}> (0x0000000087590970) 
thrown [s\open\src\hotspot\share\prims\jni.cpp, line 520]
Event: 5.446 Thread 0x000002372bfd2aa0 Exception <a 'sun/nio/fs/WindowsException'{0x0000000086ebff88}> (0x0000000086ebff88) 
thrown [s\open\src\hotspot\share\prims\jni.cpp, line 520]
Event: 5.447 Thread 0x000002372bfd2aa0 Exception <a 'sun/nio/fs/WindowsException'{0x0000000086ec1ee8}> (0x0000000086ec1ee8) 
thrown [s\open\src\hotspot\share\prims\jni.cpp, line 520]
Event: 5.447 Thread 0x000002372bfd2aa0 Exception <a 'sun/nio/fs/WindowsException'{0x0000000086ec2bc0}> (0x0000000086ec2bc0) 
thrown [s\open\src\hotspot\share\prims\jni.cpp, line 520]
Event: 5.447 Thread 0x000002372bfd2aa0 Exception <a 'sun/nio/fs/WindowsException'{0x0000000086ec37a8}> (0x0000000086ec37a8) 
thrown [s\open\src\hotspot\share\prims\jni.cpp, line 520]
Event: 5.536 Thread 0x000002372bfd2aa0 Implicit null exception at 0x000002373e2d1178 to 0x000002373e2d15f4
Event: 5.548 Thread 0x000002372bfd2aa0 Implicit null exception at 0x000002373e2bbd15 to 0x000002373e2bbf20

ZGC Phase Switch (0 events):
No events

VM Operations (20 events):
Event: 5.049 Executing VM operation: ICBufferFull done
Event: 5.163 Executing VM operation: G1CollectForAllocation (G1 Evacuation Pause)
Event: 5.180 Executing VM operation: G1CollectForAllocation (G1 Evacuation Pause) done
Event: 5.196 Executing VM operation: HandshakeAllThreads (Deoptimize)
Event: 5.196 Executing VM operation: HandshakeAllThreads (Deoptimize) done
Event: 5.198 Executing VM operation: HandshakeAllThreads (Deoptimize)
Event: 5.198 Executing VM operation: HandshakeAllThreads (Deoptimize) done
Event: 5.301 Executing VM operation: ICBufferFull
Event: 5.301 Executing VM operation: ICBufferFull done
Event: 5.350 Executing VM operation: ICBufferFull
Event: 5.350 Executing VM operation: ICBufferFull done
Event: 5.375 Executing VM operation: G1CollectForAllocation (G1 Evacuation Pause)
Event: 5.389 Executing VM operation: G1CollectForAllocation (G1 Evacuation Pause) done
Event: 5.434 Executing VM operation: HandshakeAllThreads (Deoptimize)
Event: 5.434 Executing VM operation: HandshakeAllThreads (Deoptimize) done
Event: 5.483 Executing VM operation: HandshakeAllThreads (Deoptimize)
Event: 5.483 Executing VM operation: HandshakeAllThreads (Deoptimize) done
Event: 5.485 Executing VM operation: ICBufferFull
Event: 5.485 Executing VM operation: ICBufferFull done
Event: 5.664 Executing VM operation: G1CollectForAllocation (G1 Evacuation Pause)

Events (12 events):
Event: 0.019 Thread 0x000002372bfd2aa0 Thread added: 0x000002372bfd2aa0
Event: 0.029 Thread 0x000002374af54e90 Thread added: 0x000002374af54e90
Event: 0.029 Thread 0x000002374af55ea0 Thread added: 0x000002374af55ea0
Event: 0.030 Thread 0x000002374af59100 Thread added: 0x000002374af59100
Event: 0.030 Thread 0x000002374af5c0e0 Thread added: 0x000002374af5c0e0
Event: 0.030 Thread 0x000002374af5f110 Thread added: 0x000002374af5f110
Event: 0.030 Thread 0x000002374af5dea0 Thread added: 0x000002374af5dea0
Event: 0.030 Thread 0x000002374af68190 Thread added: 0x000002374af68190
Event: 0.030 Thread 0x000002374af70d70 Thread added: 0x000002374af70d70
Event: 0.039 Thread 0x000002379022be50 Thread added: 0x000002379022be50
Event: 0.041 Thread 0x000002379022fd00 Thread added: 0x000002379022fd00
Event: 3.973 Thread 0x000002379117a440 Thread added: 0x000002379117a440


Dynamic libraries:
0x00007ff6e0680000 - 0x00007ff6e0690000 	C:\Program Files\Java\jdk-21\bin\java.exe
0x00007ff86a030000 - 0x00007ff86a247000 	C:\WINDOWS\SYSTEM32\ntdll.dll
0x00007ff868950000 - 0x00007ff868a14000 	C:\WINDOWS\System32\KERNEL32.DLL
0x00007ff867560000 - 0x00007ff86790d000 	C:\WINDOWS\System32\KERNELBASE.dll
0x00007ff867360000 - 0x00007ff867471000 	C:\WINDOWS\System32\ucrtbase.dll
0x00007ff80d390000 - 0x00007ff80d3ab000 	C:\Program Files\Java\jdk-21\bin\VCRUNTIME140.dll
0x00007ff80dbf0000 - 0x00007ff80dc09000 	C:\Program Files\Java\jdk-21\bin\jli.dll
0x00007ff868890000 - 0x00007ff868942000 	C:\WINDOWS\System32\ADVAPI32.dll
0x00007ff8694a0000 - 0x00007ff869547000 	C:\WINDOWS\System32\msvcrt.dll
0x00007ff868460000 - 0x00007ff868509000 	C:\WINDOWS\System32\sechost.dll
0x00007ff867530000 - 0x00007ff867558000 	C:\WINDOWS\System32\bcrypt.dll
0x00007ff869380000 - 0x00007ff869494000 	C:\WINDOWS\System32\RPCRT4.dll
0x00007ff868be0000 - 0x00007ff868d8e000 	C:\WINDOWS\System32\USER32.dll
0x00007ff867480000 - 0x00007ff8674a6000 	C:\WINDOWS\System32\win32u.dll
0x00007ff8506e0000 - 0x00007ff850973000 	C:\WINDOWS\WinSxS\amd64_microsoft.windows.common-controls_6595b64144ccf1df_6.0.22621.3672_none_2713b9d173822955\COMCTL32.dll
0x00007ff868670000 - 0x00007ff868699000 	C:\WINDOWS\System32\GDI32.dll
0x00007ff867ae0000 - 0x00007ff867bf9000 	C:\WINDOWS\System32\gdi32full.dll
0x00007ff867a40000 - 0x00007ff867ada000 	C:\WINDOWS\System32\msvcp_win.dll
0x00007ff863050000 - 0x00007ff86305a000 	C:\WINDOWS\SYSTEM32\VERSION.dll
0x00007ff8686a0000 - 0x00007ff8686d1000 	C:\WINDOWS\System32\IMM32.DLL
0x00007ff8524e0000 - 0x00007ff8524ec000 	C:\Program Files\Java\jdk-21\bin\vcruntime140_1.dll
0x00007ffff9bd0000 - 0x00007ffff9c5e000 	C:\Program Files\Java\jdk-21\bin\msvcp140.dll
0x00007ffff4f00000 - 0x00007ffff5c17000 	C:\Program Files\Java\jdk-21\bin\server\jvm.dll
0x00007ff868db0000 - 0x00007ff868e21000 	C:\WINDOWS\System32\WS2_32.dll
0x00007ff8661d0000 - 0x00007ff86621d000 	C:\WINDOWS\SYSTEM32\POWRPROF.dll
0x00007ff860a30000 - 0x00007ff860a64000 	C:\WINDOWS\SYSTEM32\WINMM.dll
0x00007ff8661a0000 - 0x00007ff8661b3000 	C:\WINDOWS\SYSTEM32\UMPDC.dll
0x00007ff8663c0000 - 0x00007ff8663d8000 	C:\WINDOWS\SYSTEM32\kernel.appcore.dll
0x00007ff846aa0000 - 0x00007ff846aaa000 	C:\Program Files\Java\jdk-21\bin\jimage.dll
0x00007ff864c40000 - 0x00007ff864e72000 	C:\WINDOWS\SYSTEM32\DBGHELP.DLL
0x00007ff868fe0000 - 0x00007ff869368000 	C:\WINDOWS\System32\combase.dll
0x00007ff868360000 - 0x00007ff868437000 	C:\WINDOWS\System32\OLEAUT32.dll
0x00007ff831dc0000 - 0x00007ff831df2000 	C:\WINDOWS\SYSTEM32\dbgcore.DLL
0x00007ff8674b0000 - 0x00007ff86752b000 	C:\WINDOWS\System32\bcryptPrimitives.dll
0x00007fffff510000 - 0x00007fffff52f000 	C:\Program Files\Java\jdk-21\bin\java.dll
0x00007ff869550000 - 0x00007ff869daf000 	C:\WINDOWS\System32\SHELL32.dll
0x00007ff865260000 - 0x00007ff865b5c000 	C:\WINDOWS\SYSTEM32\windows.storage.dll
0x00007ff865120000 - 0x00007ff86525f000 	C:\WINDOWS\SYSTEM32\wintypes.dll
0x00007ff868790000 - 0x00007ff868884000 	C:\WINDOWS\System32\SHCORE.dll
0x00007ff8685a0000 - 0x00007ff8685fe000 	C:\WINDOWS\System32\shlwapi.dll
0x00007ff867290000 - 0x00007ff8672b1000 	C:\WINDOWS\SYSTEM32\profapi.dll
0x00007ffff9af0000 - 0x00007ffff9bc7000 	C:\Program Files\Java\jdk-21\bin\jsvml.dll
0x00007ff845cb0000 - 0x00007ff845cc0000 	C:\Program Files\Java\jdk-21\bin\net.dll
0x00007ff862cb0000 - 0x00007ff862de6000 	C:\WINDOWS\SYSTEM32\WINHTTP.dll
0x00007ff8668f0000 - 0x00007ff866959000 	C:\WINDOWS\system32\mswsock.dll
0x00007fffff400000 - 0x00007fffff416000 	C:\Program Files\Java\jdk-21\bin\nio.dll
0x00007fffff170000 - 0x00007fffff188000 	C:\Program Files\Java\jdk-21\bin\zip.dll
0x0000000069ac0000 - 0x0000000069ae4000 	C:\Program Files\NetBeans-21\netbeans\java\maven\lib\jansi-native\Windows\x86_64\jansi.dll
0x00007ff83f0b0000 - 0x00007ff83f0c0000 	C:\Program Files\Java\jdk-21\bin\verify.dll
0x00007ff8664a0000 - 0x00007ff8664d4000 	C:\WINDOWS\SYSTEM32\ntmarta.dll

dbghelp: loaded successfully - version: 4.0.5 - missing functions: none
symbol engine: initialized successfully - sym options: 0x614 - pdb path: .;C:\Program Files\Java\jdk-21\bin;C:\WINDOWS\SYSTEM32;C:\WINDOWS\WinSxS\amd64_microsoft.windows.common-controls_6595b64144ccf1df_6.0.22621.3672_none_2713b9d173822955;C:\Program Files\Java\jdk-21\bin\server;C:\Program Files\NetBeans-21\netbeans\java\maven\lib\jansi-native\Windows\x86_64

VM Arguments:
jvm_args: -Dclassworlds.conf=C:\Program Files\NetBeans-21\netbeans\java\maven\bin\m2.conf -Dmaven.home=C:\Program Files\NetBeans-21\netbeans\java\maven -Dlibrary.jansi.path=C:\Program Files\NetBeans-21\netbeans\java\maven\lib\jansi-native -Dmaven.multiModuleProjectDirectory=C:\Project Java\MotorcycleRental 
java_command: org.codehaus.plexus.classworlds.launcher.Launcher -Dmaven.ext.class.path=C:\Program Files\NetBeans-21\netbeans\java\maven-nblib\netbeans-eventspy.jar --no-transfer-progress clean install
java_class_path (initial): C:\Program Files\NetBeans-21\netbeans\java\maven\boot\plexus-classworlds-2.7.0.jar
Launcher Type: SUN_STANDARD

[Global flags]
     intx CICompilerCount                          = 4                                         {product} {ergonomic}
     uint ConcGCThreads                            = 3                                         {product} {ergonomic}
     uint G1ConcRefinementThreads                  = 10                                        {product} {ergonomic}
   size_t G1HeapRegionSize                         = 1048576                                   {product} {ergonomic}
    uintx GCDrainStackTargetSize                   = 64                                        {product} {ergonomic}
   size_t InitialHeapSize                          = 132120576                                 {product} {ergonomic}
   size_t MarkStackSize                            = 4194304                                   {product} {ergonomic}
   size_t MaxHeapSize                              = 2090860544                                {product} {ergonomic}
   size_t MaxNewSize                               = 1254096896                                {product} {ergonomic}
   size_t MinHeapDeltaBytes                        = 1048576                                   {product} {ergonomic}
   size_t MinHeapSize                              = 8388608                                   {product} {ergonomic}
    uintx NonNMethodCodeHeapSize                   = 5839372                                {pd product} {ergonomic}
    uintx NonProfiledCodeHeapSize                  = 122909434                              {pd product} {ergonomic}
    uintx ProfiledCodeHeapSize                     = 122909434                              {pd product} {ergonomic}
    uintx ReservedCodeCacheSize                    = 251658240                              {pd product} {ergonomic}
     bool SegmentedCodeCache                       = true                                      {product} {ergonomic}
   size_t SoftMaxHeapSize                          = 2090860544                             {manageable} {ergonomic}
     bool UseCompressedOops                        = true                           {product lp64_product} {ergonomic}
     bool UseG1GC                                  = true                                      {product} {ergonomic}
     bool UseLargePagesIndividualAllocation        = false                                  {pd product} {ergonomic}

Logging:
Log output configuration:
 #0: stdout all=warning uptime,level,tags foldmultilines=false
 #1: stderr all=off uptime,level,tags foldmultilines=false

Environment Variables:
JAVA_HOME=C:\Program Files\Java\jdk-21
PATH=C:\Program Files\Common Files\Oracle\Java\javapath;C:\Program Files (x86)\Common Files\Oracle\Java\java8path;C:\Program Files (x86)\Common Files\Oracle\Java\javapath;C:\ProgramData\Oracle\Java\javapath;C:\Windows\system32;C:\Windows;C:\Windows\System32\Wbem;C:\Windows\System32\WindowsPowerShell\v1.0\;C:\Windows\System32\OpenSSH\;C:\Program Files (x86)\NVIDIA Corporation\PhysX\Common;C:\Program Files\NVIDIA Corporation\NVIDIA NvDLISR;C:\WINDOWS\system32;C:\WINDOWS;C:\WINDOWS\System32\Wbem;C:\WINDOWS\System32\WindowsPowerShell\v1.0\;C:\WINDOWS\System32\OpenSSH\;C:\Program Files\Microsoft SQL Server\Client SDK\ODBC\170\Tools\Binn\;C:\Program Files (x86)\Microsoft SQL Server\150\Tools\Binn\;C:\Program Files\Microsoft SQL Server\150\Tools\Binn\;C:\Program Files\Microsoft SQL Server\150\DTS\Binn\;C:\Program Files\Azure Data Studio\bin;C:\Program Files (x86)\Microsoft SQL Server\150\DTS\Binn\;C:\Program Files (x86)\Microsoft SQL Server\160\DTS\Binn\;C:\Program Files\dotnet\;C:\Program Files\Git\cmd;C:\Program Files\nodejs\;C:\Users\MINH TUAN\AppData\Local\Programs\Python\Python312\Scripts\;C:\Users\MINH TUAN\AppData\Local\Programs\Python\Python312\;C:\Users\MINH TUAN\AppData\Local\Programs\Python\Launcher\;C:\Users\MINH TUAN\AppData\Local\Microsoft\WindowsApps;;C:\Users\MINH TUAN\AppData\Local\Programs\Microsoft VS Code\bin;C:\Program Files\JetBrains\IntelliJ IDEA Community Edition 2023.1\bin;;C:\Program Files\Azure Data Studio\bin;C:\Users\MINH TUAN\.dotnet\tools;C:\Users\MINH TUAN\AppData\Roaming\npm
USERNAME=MINH TUAN
OS=Windows_NT
PROCESSOR_IDENTIFIER=Intel64 Family 6 Model 141 Stepping 1, GenuineIntel
TMP=C:\Users\MINHTU~1\AppData\Local\Temp
TEMP=C:\Users\MINHTU~1\AppData\Local\Temp




Periodic native trim disabled

---------------  S Y S T E M  ---------------

OS:
 Windows 11 , 64 bit Build 22621 (10.0.22621.3672)
OS uptime: 1 days 18:30 hours
Hyper-V role detected

CPU: total 12 (initial active 12) (6 cores per cpu, 2 threads per core) family 6 model 141 stepping 1 microcode 0x3c, cx8, cmov, fxsr, ht, mmx, 3dnowpref, sse, sse2, sse3, ssse3, sse4.1, sse4.2, popcnt, lzcnt, tsc, tscinvbit, avx, avx2, aes, erms, clmul, bmi1, bmi2, adx, avx512f, avx512dq, avx512cd, avx512bw, avx512vl, sha, fma, vzeroupper, avx512_vpopcntdq, avx512_vpclmulqdq, avx512_vaes, avx512_vnni, clflush, clflushopt, clwb, avx512_vbmi2, avx512_vbmi, hv, rdtscp, rdpid, fsrm, gfni, avx512_bitalg, f16c, cet_ibt, cet_ss, avx512_ifma
Processor Information for all 12 processors :
  Max Mhz: 2688, Current Mhz: 2688, Mhz Limit: 2688

Memory: 4k page, system-wide physical 7971M (342M free)
TotalPageFile size 32547M (AvailPageFile size 13M)
current process WorkingSet (physical memory assigned to process): 212M, peak: 215M
current process commit charge ("private bytes"): 248M, peak: 273M

vm_info: Java HotSpot(TM) 64-Bit Server VM (21.0.2+13-LTS-58) for windows-amd64 JRE (21.0.2+13-LTS-58), built on 2024-01-05T18:32:24Z by "mach5one" with MS VC++ 17.1 (VS2022)

END.
