#
# There is insufficient memory for the Java Runtime Environment to continue.
# Native memory allocation (mmap) failed to map 65536 bytes for Failed to commit metaspace.
# Possible reasons:
#   The system is out of physical RAM or swap space
#   The process is running with CompressedOops enabled, and the Java Heap may be blocking the growth of the native heap
# Possible solutions:
#   Reduce memory load on the system
#   Increase physical memory or swap space
#   Check if swap backing store is full
#   Decrease Java heap size (-Xmx/-Xms)
#   Decrease number of Java threads
#   Decrease Java thread stack sizes (-Xss)
#   Set larger code cache with -XX:ReservedCodeCacheSize=
#   JVM is running with Unscaled Compressed Oops mode in which the Java heap is
#     placed in the first 4GB address space. The Java Heap base address is the
#     maximum limit for the native heap growth. Please use -XX:HeapBaseMinAddress
#     to set the Java Heap base and to place the Java Heap above 4GB virtual address.
# This output file may be truncated or incomplete.
#
#  Out of Memory Error (virtualSpaceNode.cpp:112), pid=340, tid=17432
#
# JRE version: Java(TM) SE Runtime Environment (21.0.2+13) (build 21.0.2+13-LTS-58)
# Java VM: Java HotSpot(TM) 64-Bit Server VM (21.0.2+13-LTS-58, mixed mode, sharing, tiered, compressed oops, compressed class ptrs, g1 gc, windows-amd64)
# No core dump will be written. Minidumps are not enabled by default on client versions of Windows
#

---------------  S U M M A R Y ------------

Command Line: -Dclassworlds.conf=C:\Program Files\NetBeans-21\netbeans\java\maven\bin\m2.conf -Dmaven.home=C:\Program Files\NetBeans-21\netbeans\java\maven -Dlibrary.jansi.path=C:\Program Files\NetBeans-21\netbeans\java\maven\lib\jansi-native -Dmaven.multiModuleProjectDirectory=C:\Project Java\MotorcycleRental org.codehaus.plexus.classworlds.launcher.Launcher -Dmaven.ext.class.path=C:\Program Files\NetBeans-21\netbeans\java\maven-nblib\netbeans-eventspy.jar --no-transfer-progress clean install

Host: 11th Gen Intel(R) Core(TM) i5-11400H @ 2.70GHz, 12 cores, 7G,  Windows 11 , 64 bit Build 22621 (10.0.22621.3672)
Time: Mon Jul 15 12:54:34 2024 SE Asia Standard Time elapsed time: 1.976102 seconds (0d 0h 0m 1s)

---------------  T H R E A D  ---------------

Current thread (0x0000026ca869e380):  JavaThread "main"             [_thread_in_vm, id=17432, stack(0x000000b20cd00000,0x000000b20ce00000) (1024K)]

Stack: [0x000000b20cd00000,0x000000b20ce00000]
Native frames: (J=compiled Java code, j=interpreted, Vv=VM code, C=native code)
V  [jvm.dll+0x6cade9]
V  [jvm.dll+0x8569c1]
V  [jvm.dll+0x858d2e]
V  [jvm.dll+0x859413]
V  [jvm.dll+0x280e56]
V  [jvm.dll+0x8526ee]
V  [jvm.dll+0x66e705]
V  [jvm.dll+0x1e68cc]
V  [jvm.dll+0x1e669e]
V  [jvm.dll+0x67104c]
V  [jvm.dll+0x670e62]
V  [jvm.dll+0x66f0de]
V  [jvm.dll+0x21802e]
V  [jvm.dll+0x218ad1]
V  [jvm.dll+0x20dd9e]
V  [jvm.dll+0x5ad3dc]
V  [jvm.dll+0x7cf5e6]
V  [jvm.dll+0x470270]
V  [jvm.dll+0x475ef8]
C  [java.dll+0x17ec]

Java frames: (J=compiled Java code, j=interpreted, Vv=VM code)
J 1127  java.lang.ClassLoader.defineClass1(Ljava/lang/ClassLoader;Ljava/lang/String;[BIILjava/security/ProtectionDomain;Ljava/lang/String;)Ljava/lang/Class; java.base@21.0.2 (0 bytes) @ 0x0000026cba933411 [0x0000026cba933340+0x00000000000000d1]
J 872 c1 java.lang.ClassLoader.defineClass(Ljava/lang/String;[BIILjava/security/ProtectionDomain;)Ljava/lang/Class; java.base@21.0.2 (43 bytes) @ 0x0000026cb2fba07c [0x0000026cb2fb9d20+0x000000000000035c]
J 942 c1 java.security.SecureClassLoader.defineClass(Ljava/lang/String;[BIILjava/security/CodeSource;)Ljava/lang/Class; java.base@21.0.2 (16 bytes) @ 0x0000026cb2fd601c [0x0000026cb2fd5f40+0x00000000000000dc]
J 948 c1 java.net.URLClassLoader.defineClass(Ljava/lang/String;Ljdk/internal/loader/Resource;)Ljava/lang/Class; java.base@21.0.2 (224 bytes) @ 0x0000026cb2fd9664 [0x0000026cb2fd8340+0x0000000000001324]
J 885 c1 java.net.URLClassLoader$1.run()Ljava/lang/Class; java.base@21.0.2 (81 bytes) @ 0x0000026cb2fc00cc [0x0000026cb2fbf460+0x0000000000000c6c]
J 884 c1 java.net.URLClassLoader$1.run()Ljava/lang/Object; java.base@21.0.2 (5 bytes) @ 0x0000026cb2fbeed4 [0x0000026cb2fbee40+0x0000000000000094]
J 507 c1 java.security.AccessController.doPrivileged(Ljava/security/PrivilegedExceptionAction;Ljava/security/AccessControlContext;)Ljava/lang/Object; java.base@21.0.2 (26 bytes) @ 0x0000026cb2ed5494 [0x0000026cb2ed52a0+0x00000000000001f4]
J 882 c1 java.net.URLClassLoader.findClass(Ljava/lang/String;)Ljava/lang/Class; java.base@21.0.2 (47 bytes) @ 0x0000026cb2fbe144 [0x0000026cb2fbdfa0+0x00000000000001a4]
J 887 c1 org.codehaus.plexus.classworlds.realm.ClassRealm.loadClassFromSelf(Ljava/lang/String;)Ljava/lang/Class; (40 bytes) @ 0x0000026cb2fc18bc [0x0000026cb2fc1520+0x000000000000039c]
J 819 c1 org.codehaus.plexus.classworlds.strategy.SelfFirstStrategy.loadClass(Ljava/lang/String;)Ljava/lang/Class; (50 bytes) @ 0x0000026cb2f922ac [0x0000026cb2f91ec0+0x00000000000003ec]
J 545 c1 org.codehaus.plexus.classworlds.realm.ClassRealm.loadClass(Ljava/lang/String;Z)Ljava/lang/Class; (33 bytes) @ 0x0000026cb2ef0fe4 [0x0000026cb2ef0e60+0x0000000000000184]
J 544 c1 org.codehaus.plexus.classworlds.realm.ClassRealm.loadClass(Ljava/lang/String;)Ljava/lang/Class; (7 bytes) @ 0x0000026cb2ef0ac4 [0x0000026cb2ef09c0+0x0000000000000104]
v  ~StubRoutines::call_stub 0x0000026cba3410e7
J 1127  java.lang.ClassLoader.defineClass1(Ljava/lang/ClassLoader;Ljava/lang/String;[BIILjava/security/ProtectionDomain;Ljava/lang/String;)Ljava/lang/Class; java.base@21.0.2 (0 bytes) @ 0x0000026cba933411 [0x0000026cba933340+0x00000000000000d1]
J 872 c1 java.lang.ClassLoader.defineClass(Ljava/lang/String;[BIILjava/security/ProtectionDomain;)Ljava/lang/Class; java.base@21.0.2 (43 bytes) @ 0x0000026cb2fba07c [0x0000026cb2fb9d20+0x000000000000035c]
J 942 c1 java.security.SecureClassLoader.defineClass(Ljava/lang/String;[BIILjava/security/CodeSource;)Ljava/lang/Class; java.base@21.0.2 (16 bytes) @ 0x0000026cb2fd601c [0x0000026cb2fd5f40+0x00000000000000dc]
J 948 c1 java.net.URLClassLoader.defineClass(Ljava/lang/String;Ljdk/internal/loader/Resource;)Ljava/lang/Class; java.base@21.0.2 (224 bytes) @ 0x0000026cb2fd9664 [0x0000026cb2fd8340+0x0000000000001324]
J 885 c1 java.net.URLClassLoader$1.run()Ljava/lang/Class; java.base@21.0.2 (81 bytes) @ 0x0000026cb2fc00cc [0x0000026cb2fbf460+0x0000000000000c6c]
J 884 c1 java.net.URLClassLoader$1.run()Ljava/lang/Object; java.base@21.0.2 (5 bytes) @ 0x0000026cb2fbeed4 [0x0000026cb2fbee40+0x0000000000000094]
J 507 c1 java.security.AccessController.doPrivileged(Ljava/security/PrivilegedExceptionAction;Ljava/security/AccessControlContext;)Ljava/lang/Object; java.base@21.0.2 (26 bytes) @ 0x0000026cb2ed5494 [0x0000026cb2ed52a0+0x00000000000001f4]
J 882 c1 java.net.URLClassLoader.findClass(Ljava/lang/String;)Ljava/lang/Class; java.base@21.0.2 (47 bytes) @ 0x0000026cb2fbe144 [0x0000026cb2fbdfa0+0x00000000000001a4]
J 887 c1 org.codehaus.plexus.classworlds.realm.ClassRealm.loadClassFromSelf(Ljava/lang/String;)Ljava/lang/Class; (40 bytes) @ 0x0000026cb2fc18bc [0x0000026cb2fc1520+0x000000000000039c]
J 819 c1 org.codehaus.plexus.classworlds.strategy.SelfFirstStrategy.loadClass(Ljava/lang/String;)Ljava/lang/Class; (50 bytes) @ 0x0000026cb2f922ac [0x0000026cb2f91ec0+0x00000000000003ec]
J 545 c1 org.codehaus.plexus.classworlds.realm.ClassRealm.loadClass(Ljava/lang/String;Z)Ljava/lang/Class; (33 bytes) @ 0x0000026cb2ef0fe4 [0x0000026cb2ef0e60+0x0000000000000184]
J 544 c1 org.codehaus.plexus.classworlds.realm.ClassRealm.loadClass(Ljava/lang/String;)Ljava/lang/Class; (7 bytes) @ 0x0000026cb2ef0ac4 [0x0000026cb2ef09c0+0x0000000000000104]
v  ~StubRoutines::call_stub 0x0000026cba3410e7
j  com.google.inject.internal.CycleDetectingLock$CycleDetectingLockFactory$ReentrantCycleDetectingLock.detectPotentialLocksCycle()Lcom/google/common/collect/ListMultimap;+19
j  com.google.inject.internal.CycleDetectingLock$CycleDetectingLockFactory$ReentrantCycleDetectingLock.lockOrDetectPotentialLocksCycle()Lcom/google/common/collect/ListMultimap;+25
j  com.google.inject.internal.Initializer$InjectableReference.get()Ljava/lang/Object;+19
j  com.google.inject.internal.Initializer.injectAll(Lcom/google/inject/internal/Errors;)V+39
j  com.google.inject.internal.InternalInjectorCreator.injectDynamically()V+25
j  com.google.inject.internal.InternalInjectorCreator.build()Lcom/google/inject/Injector;+78
j  com.google.inject.Guice.createInjector(Lcom/google/inject/Stage;Ljava/lang/Iterable;)Lcom/google/inject/Injector;+15
j  com.google.inject.Guice.createInjector(Ljava/lang/Iterable;)Lcom/google/inject/Injector;+4
j  com.google.inject.Guice.createInjector([Lcom/google/inject/Module;)Lcom/google/inject/Injector;+4
j  org.codehaus.plexus.DefaultPlexusContainer.addPlexusInjector(Ljava/util/List;[Lcom/google/inject/Module;)Lcom/google/inject/Injector;+88
j  org.codehaus.plexus.DefaultPlexusContainer.<init>(Lorg/codehaus/plexus/ContainerConfiguration;[Lcom/google/inject/Module;)V+400
j  org.apache.maven.cli.MavenCli.container(Lorg/apache/maven/cli/CliRequest;)Lorg/codehaus/plexus/PlexusContainer;+279
j  org.apache.maven.cli.MavenCli.doMain(Lorg/apache/maven/cli/CliRequest;)I+34
j  org.apache.maven.cli.MavenCli.main([Ljava/lang/String;Lorg/codehaus/plexus/classworlds/ClassWorld;)I+24
j  java.lang.invoke.DirectMethodHandle$Holder.invokeStatic(Ljava/lang/Object;Ljava/lang/Object;Ljava/lang/Object;)I+11 java.base@21.0.2
j  java.lang.invoke.LambdaForm$MH+0x0000026cc9009400.invoke(Ljava/lang/Object;Ljava/lang/Object;Ljava/lang/Object;Ljava/lang/Object;)Ljava/lang/Object;+54 java.base@21.0.2
j  java.lang.invoke.LambdaForm$MH+0x0000026cc9009800.invokeExact_MT(Ljava/lang/Object;Ljava/lang/Object;Ljava/lang/Object;Ljava/lang/Object;Ljava/lang/Object;)Ljava/lang/Object;+22 java.base@21.0.2
j  jdk.internal.reflect.DirectMethodHandleAccessor.invokeImpl(Ljava/lang/Object;[Ljava/lang/Object;)Ljava/lang/Object;+72 java.base@21.0.2
j  jdk.internal.reflect.DirectMethodHandleAccessor.invoke(Ljava/lang/Object;[Ljava/lang/Object;)Ljava/lang/Object;+23 java.base@21.0.2
j  java.lang.reflect.Method.invoke(Ljava/lang/Object;[Ljava/lang/Object;)Ljava/lang/Object;+102 java.base@21.0.2
j  org.codehaus.plexus.classworlds.launcher.Launcher.launchEnhanced([Ljava/lang/String;)V+45
j  org.codehaus.plexus.classworlds.launcher.Launcher.launch([Ljava/lang/String;)V+2
j  org.codehaus.plexus.classworlds.launcher.Launcher.mainWithExitCode([Ljava/lang/String;)I+108
j  org.codehaus.plexus.classworlds.launcher.Launcher.main([Ljava/lang/String;)V+1
v  ~StubRoutines::call_stub 0x0000026cba3410e7

Compiled method (n/a)    2012 1127     n 0       java.lang.ClassLoader::defineClass1 (native)
 total in heap  [0x0000026cba933190,0x0000026cba9338f0] = 1888
 relocation     [0x0000026cba9332f0,0x0000026cba933330] = 64
 main code      [0x0000026cba933340,0x0000026cba9338ef] = 1455
 stub code      [0x0000026cba9338ef,0x0000026cba9338f0] = 1

[Constant Pool (empty)]

[MachCode]
[Entry Point]
  # {method} {0x0000026cc843cd80} 'defineClass1' '(Ljava/lang/ClassLoader;Ljava/lang/String;[BIILjava/security/ProtectionDomain;Ljava/lang/String;)Ljava/lang/Class;' in 'java/lang/ClassLoader'
  # parm0:    rdx:rdx   = 'java/lang/ClassLoader'
  # parm1:    r8:r8     = 'java/lang/String'
  # parm2:    r9:r9     = '[B'
  # parm3:    rdi       = int
  # parm4:    rsi       = int
  # parm5:    rcx:rcx   = 'java/security/ProtectionDomain'
  # parm6:    [sp+0xa0]   = 'java/lang/String'  (sp of caller)
  0x0000026cba933340: 448b 5208 | 49bb 0000 | 00c8 6c02 | 0000 4d03 | d349 3bc2 | 0f84 0600 

  0x0000026cba933358: ;   {runtime_call ic_miss_stub}
  0x0000026cba933358: 0000 e921 | b6a5 ff90 
[Verified Entry Point]
  0x0000026cba933360: 8984 2400 | 80ff ff55 | 488b ec48 | 81ec 9000 | 0000 6690 | 4181 7f20 | 0100 0000 

  0x0000026cba93337c: ;   {runtime_call StubRoutines (final stubs)}
  0x0000026cba93337c: 7405 e87d | 2ea4 ff48 | 837d 1000 | 488d 4510 | 480f 4445 | 1048 8944 | 2440 4889 | 4c24 7048 
  0x0000026cba93339c: 83f9 0048 | 8d44 2470 | 480f 4444 | 2470 4889 | 4424 3848 | 8974 2430 | 4889 7c24 | 284c 894c 
  0x0000026cba9333bc: 2458 4983 | f900 488d | 4424 5848 | 0f44 4424 | 5848 8944 | 2420 4c89 | 4424 5049 | 83f8 004c 
  0x0000026cba9333dc: 8d4c 2450 | 4c0f 444c | 2450 4889 | 5424 4848 | 83fa 004c | 8d44 2448 | 4c0f 4444 

  0x0000026cba9333f8: ;   {oop(a 'java/lang/Class'{0x00000000836d0a10} = 'java/lang/ClassLoader')}
  0x0000026cba9333f8: 2448 49be | 100a 6d83 | 0000 0000 | 4c89 7424 | 784c 8d74 | 2478 498b | d6c5 f877 

  0x0000026cba933414: ;   {internal_word}
  0x0000026cba933414: 49ba 1134 | 93ba 6c02 | 0000 4d89 | 97a0 0300 | 0049 89a7 | 9803 0000 

  0x0000026cba93342c: ;   {external_word}
  0x0000026cba93342c: 49ba f945 | b2f5 ff7f | 0000 4180 | 3a00 0f84 | 4e00 0000 | 5241 5041 

  0x0000026cba933444: ;   {metadata({method} {0x0000026cc843cd80} 'defineClass1' '(Ljava/lang/ClassLoader;Ljava/lang/String;[BIILjava/security/ProtectionDomain;Ljava/lang/String;)Ljava/lang/Class;' in 'java/lang/ClassLoader')}
  0x0000026cba933444: 5148 ba78 | cd43 c86c | 0200 0049 | 8bcf 4883 | ec20 40f6 | c40f 0f84 | 1900 0000 | 4883 ec08 
  0x0000026cba933464: ;   {runtime_call}
  0x0000026cba933464: 48b8 4009 | 63f5 ff7f | 0000 ffd0 | 4883 c408 | e90c 0000 

  0x0000026cba933478: ;   {runtime_call}
  0x0000026cba933478: 0048 b840 | 0963 f5ff | 7f00 00ff | d048 83c4 | 2041 5941 | 585a 498d | 8fb8 0300 | 0041 c787 
  0x0000026cba933498: 4c04 0000 | 0400 0000 

  0x0000026cba9334a0: ;   {runtime_call}
  0x0000026cba9334a0: 48b8 ac16 | 390d f87f | 0000 ffd0 | c5f8 7741 | c787 4c04 | 0000 0500 | 0000 f083 | 4424 c000 
  0x0000026cba9334c0: 493b af50 | 0400 000f | 870e 0000 | 0041 83bf | 4804 0000 | 000f 842b | 0000 00c5 | f877 4889 
  0x0000026cba9334e0: 45f8 498b | cf4c 8be4 | 4883 ec20 | 4883 e4f0 

  0x0000026cba9334f0: ;   {runtime_call}
  0x0000026cba9334f0: 48b8 d0c3 | 2ef5 ff7f | 0000 ffd0 | 498b e44d | 33e4 488b | 45f8 41c7 | 874c 0400 | 0008 0000 
  0x0000026cba933510: 0041 83bf | c804 0000 | 020f 84a3 

  0x0000026cba93351c: ;   {external_word}
  0x0000026cba93351c: 0300 0049 | baf9 45b2 | f5ff 7f00 | 0041 803a | 000f 844c | 0000 0048 

  0x0000026cba933534: ;   {metadata({method} {0x0000026cc843cd80} 'defineClass1' '(Ljava/lang/ClassLoader;Ljava/lang/String;[BIILjava/security/ProtectionDomain;Ljava/lang/String;)Ljava/lang/Class;' in 'java/lang/ClassLoader')}
  0x0000026cba933534: 8945 f848 | ba78 cd43 | c86c 0200 | 0049 8bcf | 4883 ec20 | 40f6 c40f | 0f84 1900 | 0000 4883 
  0x0000026cba933554: ;   {runtime_call}
  0x0000026cba933554: ec08 48b8 | 4009 63f5 | ff7f 0000 | ffd0 4883 | c408 e90c 

  0x0000026cba933568: ;   {runtime_call}
  0x0000026cba933568: 0000 0048 | b840 0963 | f5ff 7f00 | 00ff d048 | 83c4 2048 | 8b45 f849 | c787 9803 | 0000 0000 
  0x0000026cba933588: 0000 49c7 | 87a0 0300 | 0000 0000 | 00c5 f877 | 4885 c00f | 84fe 0200 | 00a8 030f | 8508 0000 
  0x0000026cba9335a8: 0048 8b00 | e9ee 0200 | 00a8 010f | 8509 0000 | 0048 8b40 | fee9 dd02 | 0000 488b | 40ff 4180 
  0x0000026cba9335c8: 7f40 000f | 84ce 0200 | 0048 83f8 | 000f 84c4 | 0200 0049 | 8b4f 2848 | 83f9 000f | 8414 0000 
  0x0000026cba9335e8: 0048 83e9 | 0849 894f | 2849 034f | 3848 8901 | e9a2 0200 | 0048 81ec | 5001 0000 | 4889 0424 
  0x0000026cba933608: 4889 4c24 | 0848 8954 | 2410 4889 | 7424 1848 | 897c 2420 | 4c89 4424 | 284c 894c | 2430 4c89 
  0x0000026cba933628: 5424 384c | 895c 2440 | c5fb 1144 | 2450 c5fb | 114c 2458 | c5fb 1154 | 2460 c5fb | 115c 2468 
  0x0000026cba933648: c5fb 1164 | 2470 c5fb | 116c 2478 | c5fb 11b4 | 2480 0000 | 00c5 fb11 | bc24 8800 | 0000 c57b 
  0x0000026cba933668: ;   {no_reloc}
  0x0000026cba933668: 1184 2490 | 0000 00c5 | 7b11 8c24 | 9800 0000 | c57b 1194 | 24a0 0000 | 00c5 7b11 | 9c24 a800 
  0x0000026cba933688: 0000 c57b | 11a4 24b0 | 0000 00c5 | 7b11 ac24 | b800 0000 | c57b 11b4 | 24c0 0000 | 00c5 7b11 
  0x0000026cba9336a8: bc24 c800 | 0000 62e1 | ff08 1144 | 241a 62e1 | ff08 114c | 241b 62e1 | ff08 1154 | 241c 62e1 
  0x0000026cba9336c8: ff08 115c | 241d 62e1 | ff08 1164 | 241e 62e1 | ff08 116c | 241f 62e1 | ff08 1174 | 2420 62e1 
  0x0000026cba9336e8: ff08 117c | 2421 6261 | ff08 1144 | 2422 6261 | ff08 114c | 2423 6261 | ff08 1154 | 2424 6261 
  0x0000026cba933708: ff08 115c | 2425 6261 | ff08 1164 | 2426 6261 | ff08 116c | 2427 6261 | ff08 1174 | 2428 6261 
  0x0000026cba933728: ff08 117c | 2429 498b | d748 8bc8 | 4883 ec20 | 40f6 c40f | 0f84 1900 | 0000 4883 

  0x0000026cba933744: ;   {runtime_call}
  0x0000026cba933744: ec08 48b8 | 9026 22f5 | ff7f 0000 | ffd0 4883 | c408 e90c 

  0x0000026cba933758: ;   {runtime_call}
  0x0000026cba933758: 0000 0048 | b890 2622 | f5ff 7f00 | 00ff d048 | 83c4 2062 | 61ff 0810 | 7c24 2962 | 61ff 0810 
  0x0000026cba933778: 7424 2862 | 61ff 0810 | 6c24 2762 | 61ff 0810 | 6424 2662 | 61ff 0810 | 5c24 2562 | 61ff 0810 
  0x0000026cba933798: 5424 2462 | 61ff 0810 | 4c24 2362 | 61ff 0810 | 4424 2262 | e1ff 0810 | 7c24 2162 | e1ff 0810 
  0x0000026cba9337b8: 7424 2062 | e1ff 0810 | 6c24 1f62 | e1ff 0810 | 6424 1e62 | e1ff 0810 | 5c24 1d62 | e1ff 0810 
  0x0000026cba9337d8: 5424 1c62 | e1ff 0810 | 4c24 1b62 | e1ff 0810 | 4424 1ac5 | 7b10 bc24 | c800 0000 | c57b 10b4 
  0x0000026cba9337f8: 24c0 0000 | 00c5 7b10 | ac24 b800 | 0000 c57b | 10a4 24b0 | 0000 00c5 | 7b10 9c24 | a800 0000 
  0x0000026cba933818: c57b 1094 | 24a0 0000 | 00c5 7b10 | 8c24 9800 | 0000 c57b | 1084 2490 | 0000 00c5 | fb10 bc24 
  0x0000026cba933838: 8800 0000 | c5fb 10b4 | 2480 0000 | 00c5 fb10 | 6c24 78c5 | fb10 6424 | 70c5 fb10 | 5c24 68c5 
  0x0000026cba933858: ;   {no_reloc}
  0x0000026cba933858: fb10 5424 | 60c5 fb10 | 4c24 58c5 | fb10 4424 | 504c 8b5c | 2440 4c8b | 5424 384c | 8b4c 2430 
  0x0000026cba933878: 4c8b 4424 | 2848 8b7c | 2420 488b | 7424 1848 | 8b54 2410 | 488b 4c24 | 0848 8b04 | 2448 81c4 
  0x0000026cba933898: 5001 0000 | c5f8 7749 | 8b8f 2804 | 0000 c781 | 0001 0000 | 0000 0000 | c949 837f | 0800 0f85 
  0x0000026cba9338b8: 0100 0000 

  0x0000026cba9338bc: ;   {runtime_call StubRoutines (initial stubs)}
  0x0000026cba9338bc: c3e9 3ed6 | a0ff c5f8 | 7748 8945 | f84c 8be4 | 4883 ec20 | 4883 e4f0 

  0x0000026cba9338d4: ;   {runtime_call}
  0x0000026cba9338d4: 48b8 7041 | 63f5 ff7f | 0000 ffd0 | 498b e44d | 33e4 488b | 45f8 e930 | fcff fff4 
[/MachCode]


Compiled method (c1)    2019  872       3       java.lang.ClassLoader::defineClass (43 bytes)
 total in heap  [0x0000026cb2fb9b10,0x0000026cb2fba468] = 2392
 relocation     [0x0000026cb2fb9c70,0x0000026cb2fb9d10] = 160
 main code      [0x0000026cb2fb9d20,0x0000026cb2fba1c0] = 1184
 stub code      [0x0000026cb2fba1c0,0x0000026cb2fba238] = 120
 metadata       [0x0000026cb2fba238,0x0000026cb2fba268] = 48
 scopes data    [0x0000026cb2fba268,0x0000026cb2fba358] = 240
 scopes pcs     [0x0000026cb2fba358,0x0000026cb2fba438] = 224
 dependencies   [0x0000026cb2fba438,0x0000026cb2fba440] = 8
 nul chk table  [0x0000026cb2fba440,0x0000026cb2fba468] = 40

[Constant Pool (empty)]

[MachCode]
[Entry Point]
  # {method} {0x0000026cc843d100} 'defineClass' '(Ljava/lang/String;[BIILjava/security/ProtectionDomain;)Ljava/lang/Class;' in 'java/lang/ClassLoader'
  # this:     rdx:rdx   = 'java/lang/ClassLoader'
  # parm0:    r8:r8     = 'java/lang/String'
  # parm1:    r9:r9     = '[B'
  # parm2:    rdi       = int
  # parm3:    rsi       = int
  # parm4:    rcx:rcx   = 'java/security/ProtectionDomain'
  #           [sp+0xc0]  (sp of caller)
  0x0000026cb2fb9d20: 448b 5208 | 49bb 0000 | 00c8 6c02 | 0000 4d03 | d34c 3bd0 

  0x0000026cb2fb9d34: ;   {runtime_call ic_miss_stub}
  0x0000026cb2fb9d34: 0f85 464c | 3d07 660f | 1f44 0000 
[Verified Entry Point]
  0x0000026cb2fb9d40: 8984 2400 | 80ff ff55 | 4881 ecb0 | 0000 0090 | 4181 7f20 | 0100 0000 

  0x0000026cb2fb9d58: ;   {runtime_call StubRoutines (final stubs)}
  0x0000026cb2fb9d58: 7405 e8a1 | c43b 0748 | 8954 2478 

  0x0000026cb2fb9d64: ;   {metadata(method data for {method} {0x0000026cc843d100} 'defineClass' '(Ljava/lang/String;[BIILjava/security/ProtectionDomain;)Ljava/lang/Class;' in 'java/lang/ClassLoader')}
  0x0000026cb2fb9d64: 48bb b0d2 | 1909 6d02 | 0000 8b83 | cc00 0000 | 83c0 0289 | 83cc 0000 | 0025 fe07 | 0000 85c0 
  0x0000026cb2fb9d84: 0f84 5803 | 0000 89b4 | 2494 0000 | 0089 bc24 | 9000 0000 | 4c89 8c24 | 8800 0000 

  0x0000026cb2fb9da0: ;   {metadata(method data for {method} {0x0000026cc843d100} 'defineClass' '(Ljava/lang/String;[BIILjava/security/ProtectionDomain;)Ljava/lang/Class;' in 'java/lang/ClassLoader')}
  0x0000026cb2fb9da0: 488b da48 | b8b0 d219 | 096d 0200 | 0048 8380 | 1001 0000 | 0149 8bd8 | 4c8b c34c | 8bc9 488b 
  0x0000026cb2fb9dc0: ca48 8bd1 | 4889 9c24 | 8000 0000 

  0x0000026cb2fb9dcc: ;   {optimized virtual_call}
  0x0000026cb2fb9dcc: 6666 90e8 

  0x0000026cb2fb9dd0: ; ImmutableOopMap {[120]=Oop [128]=Oop [136]=Oop }
                      ;*invokevirtual preDefineClass {reexecute=0 rethrow=0 return_oop=0}
                      ; - java.lang.ClassLoader::defineClass@4 (line 1025)
  0x0000026cb2fb9dd0: ccab ffff 

  0x0000026cb2fb9dd4: ;   {other}
  0x0000026cb2fb9dd4: 0f1f 8400 | c402 0000 | 4889 8424 | 9800 0000 | 488b 5424 

  0x0000026cb2fb9de8: ;   {metadata(method data for {method} {0x0000026cc843d100} 'defineClass' '(Ljava/lang/String;[BIILjava/security/ProtectionDomain;)Ljava/lang/Class;' in 'java/lang/ClassLoader')}
  0x0000026cb2fb9de8: 7849 b8b0 | d219 096d | 0200 0049 | 8380 4801 

  0x0000026cb2fb9df8: ;   {metadata(method data for {method} {0x0000026cc843cde8} 'defineClassSourceLocation' '(Ljava/security/ProtectionDomain;)Ljava/lang/String;' in 'java/lang/ClassLoader')}
  0x0000026cb2fb9df8: 0000 0149 | b838 d019 | 096d 0200 | 0041 8b90 | cc00 0000 | 83c2 0241 | 8990 cc00 | 0000 81e2 
  0x0000026cb2fb9e18: feff 1f00 | 85d2 0f84 | df02 0000 

  0x0000026cb2fb9e24: ; implicit exception: dispatches to 0x0000026cb2fba124
  0x0000026cb2fb9e24: 483b 004c 

  0x0000026cb2fb9e28: ;   {metadata(method data for {method} {0x0000026cc843cde8} 'defineClassSourceLocation' '(Ljava/security/ProtectionDomain;)Ljava/lang/String;' in 'java/lang/ClassLoader')}
  0x0000026cb2fb9e28: 8bc0 48ba | 38d0 1909 | 6d02 0000 | 4883 8210 | 0100 0001 | 448b 4010 

  0x0000026cb2fb9e40: ;   {metadata(method data for {method} {0x0000026cc843cde8} 'defineClassSourceLocation' '(Ljava/security/ProtectionDomain;)Ljava/lang/String;' in 'java/lang/ClassLoader')}
  0x0000026cb2fb9e40: 4d85 c048 | ba38 d019 | 096d 0200 | 0048 be58 | 0100 0000 | 0000 0075 | 0a48 be48 | 0100 0000 
  0x0000026cb2fb9e60: 0000 0048 | 8b3c 3248 | 8d7f 0148 | 893c 320f | 850f 0000 

  0x0000026cb2fb9e74: ;   {oop(nullptr)}
  0x0000026cb2fb9e74: 0048 bb00 | 0000 0000 | 0000 00e9 | a301 0000 

  0x0000026cb2fb9e84: ; implicit exception: dispatches to 0x0000026cb2fba129
  0x0000026cb2fb9e84: 493b 0049 

  0x0000026cb2fb9e88: ;   {metadata(method data for {method} {0x0000026cc843cde8} 'defineClassSourceLocation' '(Ljava/security/ProtectionDomain;)Ljava/lang/String;' in 'java/lang/ClassLoader')}
  0x0000026cb2fb9e88: 8bd0 48be | 38d0 1909 | 6d02 0000 | 4883 8668 | 0100 0001 | 418b 500c 

  0x0000026cb2fb9ea0: ;   {metadata(method data for {method} {0x0000026cc843cde8} 'defineClassSourceLocation' '(Ljava/security/ProtectionDomain;)Ljava/lang/String;' in 'java/lang/ClassLoader')}
  0x0000026cb2fb9ea0: 4885 d248 | be38 d019 | 096d 0200 | 0048 bfb0 | 0100 0000 | 0000 0075 | 0a48 bfa0 | 0100 0000 
  0x0000026cb2fb9ec0: 0000 0048 | 8b1c 3e48 | 8d5b 0148 | 891c 3e0f | 850f 0000 

  0x0000026cb2fb9ed4: ;   {oop(nullptr)}
  0x0000026cb2fb9ed4: 0048 bb00 | 0000 0000 | 0000 00e9 | 4301 0000 

  0x0000026cb2fb9ee4: ;   {metadata(method data for {method} {0x0000026cc843cde8} 'defineClassSourceLocation' '(Ljava/security/ProtectionDomain;)Ljava/lang/String;' in 'java/lang/ClassLoader')}
  0x0000026cb2fb9ee4: 48be 38d0 | 1909 6d02 | 0000 4883 | 86c0 0100 | 0001 483b | 024c 8bc2 

  0x0000026cb2fb9efc: ;   {metadata(method data for {method} {0x0000026cc843cde8} 'defineClassSourceLocation' '(Ljava/security/ProtectionDomain;)Ljava/lang/String;' in 'java/lang/ClassLoader')}
  0x0000026cb2fb9efc: 48be 38d0 | 1909 6d02 | 0000 4883 | 86f8 0100 

  0x0000026cb2fb9f0c: ;   {metadata(method data for {method} {0x0000026cc801aa98} 'toString' '()Ljava/lang/String;' in 'java/net/URL')}
  0x0000026cb2fb9f0c: 0001 49b8 | 68bf 1709 | 6d02 0000 | 418b b0cc | 0000 0083 | c602 4189 | b0cc 0000 | 0081 e6fe 
  0x0000026cb2fb9f2c: ff1f 0085 | f60f 84fc | 0100 004c 

  0x0000026cb2fb9f38: ;   {metadata(method data for {method} {0x0000026cc801aa98} 'toString' '()Ljava/lang/String;' in 'java/net/URL')}
  0x0000026cb2fb9f38: 8bc2 48be | 68bf 1709 | 6d02 0000 | 4883 8610 | 0100 0001 

  0x0000026cb2fb9f4c: ;   {metadata(method data for {method} {0x0000026cc8430a00} 'toExternalForm' '()Ljava/lang/String;' in 'java/net/URL')}
  0x0000026cb2fb9f4c: 49b8 408a | 1309 6d02 | 0000 418b | b0cc 0000 | 0083 c602 | 4189 b0cc | 0000 0081 | e6fe ff1f 
  0x0000026cb2fb9f6c: 0085 f60f | 84df 0100 | 008b 7238 

  0x0000026cb2fb9f78: ; implicit exception: dispatches to 0x0000026cb2fba175
  0x0000026cb2fb9f78: 483b 064c 

  0x0000026cb2fb9f7c: ;   {metadata(method data for {method} {0x0000026cc8430a00} 'toExternalForm' '()Ljava/lang/String;' in 'java/net/URL')}
  0x0000026cb2fb9f7c: 8bc6 48bf | 408a 1309 | 6d02 0000 | 458b 4008 | 49ba 0000 | 00c8 6c02 | 0000 4d03 | c24c 3b87 
  0x0000026cb2fb9f9c: 2001 0000 | 750d 4883 | 8728 0100 | 0001 e960 | 0000 004c | 3b87 3001 | 0000 750d | 4883 8738 
  0x0000026cb2fb9fbc: 0100 0001 | e94a 0000 | 0048 83bf | 2001 0000 | 0075 174c | 8987 2001 | 0000 48c7 | 8728 0100 
  0x0000026cb2fb9fdc: 0001 0000 | 00e9 2900 | 0000 4883 | bf30 0100 | 0000 7517 | 4c89 8730 | 0100 0048 | c787 3801 
  0x0000026cb2fb9ffc: 0000 0100 | 0000 e908 | 0000 0048 | 8387 1001 | 0000 014c | 8bc2 488b 

  0x0000026cb2fba014: ;   {optimized virtual_call}
  0x0000026cb2fba014: d666 90e8 

  0x0000026cb2fba018: ; ImmutableOopMap {[120]=Oop [128]=Oop [136]=Oop [152]=Oop }
                      ;*invokevirtual toExternalForm {reexecute=0 rethrow=0 return_oop=0}
                      ; - java.net.URL::toExternalForm@5 (line 1203)
                      ; - java.net.URL::toString@1 (line 1189)
                      ; - java.lang.ClassLoader::defineClassSourceLocation@22 (line 927)
                      ; - java.lang.ClassLoader::defineClass@12 (line 1026)
  0x0000026cb2fba018: 848f f3ff 

  0x0000026cb2fba01c: ;   {other}
  0x0000026cb2fba01c: 0f1f 8400 | 0c05 0001 | 488b d848 | 8b84 2498 | 0000 008b | b424 9400 | 0000 8bbc | 2490 0000 
  0x0000026cb2fba03c: 004c 8b8c | 2488 0000 | 004c 8b84 | 2480 0000 | 0048 8b54 

  0x0000026cb2fba050: ;   {metadata(method data for {method} {0x0000026cc843d100} 'defineClass' '(Ljava/lang/String;[BIILjava/security/ProtectionDomain;)Ljava/lang/Class;' in 'java/lang/ClassLoader')}
  0x0000026cb2fba050: 2478 48b9 | b0d2 1909 | 6d02 0000 | 4883 8180 | 0100 0001 | 4c8b da49 | 8bd3 488b | c848 891c 
  0x0000026cb2fba070: 2466 0f1f 

  0x0000026cb2fba074: ;   {static_call}
  0x0000026cb2fba074: 4400 00e8 

  0x0000026cb2fba078: ; ImmutableOopMap {[120]=Oop [152]=Oop }
                      ;*invokestatic defineClass1 {reexecute=0 rethrow=0 return_oop=0}
                      ; - java.lang.ClassLoader::defineClass@27 (line 1027)
  0x0000026cb2fba078: e492 9707 

  0x0000026cb2fba07c: ;   {other}
  0x0000026cb2fba07c: 0f1f 8400 | 6c05 0002 | 488b 5424 

  0x0000026cb2fba088: ;   {metadata(method data for {method} {0x0000026cc843d100} 'defineClass' '(Ljava/lang/String;[BIILjava/security/ProtectionDomain;)Ljava/lang/Class;' in 'java/lang/ClassLoader')}
  0x0000026cb2fba088: 7849 b8b0 | d219 096d | 0200 0049 | 8380 9001 | 0000 014c | 8bc0 4c8b | 8c24 9800 | 0000 488b 
  0x0000026cb2fba0a8: 5424 7848 | 8984 24a0 | 0000 000f 

  0x0000026cb2fba0b4: ;   {optimized virtual_call}
  0x0000026cb2fba0b4: 1f40 00e8 

  0x0000026cb2fba0b8: ; ImmutableOopMap {[160]=Oop }
                      ;*invokevirtual postDefineClass {reexecute=0 rethrow=0 return_oop=0}
                      ; - java.lang.ClassLoader::defineClass@37 (line 1028)
  0x0000026cb2fba0b8: 64e5 ffff 

  0x0000026cb2fba0bc: ;   {other}
  0x0000026cb2fba0bc: 0f1f 8400 | ac05 0003 | 488b 8424 | a000 0000 | 4881 c4b0 | 0000 005d 

  0x0000026cb2fba0d4: ;   {poll_return}
  0x0000026cb2fba0d4: 493b a750 | 0400 000f | 8799 0000 

  0x0000026cb2fba0e0: ;   {metadata({method} {0x0000026cc843d100} 'defineClass' '(Ljava/lang/String;[BIILjava/security/ProtectionDomain;)Ljava/lang/Class;' in 'java/lang/ClassLoader')}
  0x0000026cb2fba0e0: 00c3 49ba | f8d0 43c8 | 6c02 0000 | 4c89 5424 | 0848 c704 | 24ff ffff 

  0x0000026cb2fba0f8: ;   {runtime_call counter_overflow Runtime1 stub}
  0x0000026cb2fba0f8: ffe8 021b 

  0x0000026cb2fba0fc: ; ImmutableOopMap {rdx=Oop r8=Oop r9=Oop rcx=Oop [120]=Oop }
                      ;*synchronization entry
                      ; - java.lang.ClassLoader::defineClass@-1 (line 1025)
  0x0000026cb2fba0fc: 4b07 e987 

  0x0000026cb2fba100: ;   {metadata({method} {0x0000026cc843cde8} 'defineClassSourceLocation' '(Ljava/security/ProtectionDomain;)Ljava/lang/String;' in 'java/lang/ClassLoader')}
  0x0000026cb2fba100: fcff ff49 | bae0 cd43 | c86c 0200 | 004c 8954 | 2408 48c7 | 0424 ffff 

  0x0000026cb2fba118: ;   {runtime_call counter_overflow Runtime1 stub}
  0x0000026cb2fba118: ffff e8e1 

  0x0000026cb2fba11c: ; ImmutableOopMap {rax=Oop [120]=Oop [128]=Oop [136]=Oop [152]=Oop }
                      ;*synchronization entry
                      ; - java.lang.ClassLoader::defineClassSourceLocation@-1 (line 924)
                      ; - java.lang.ClassLoader::defineClass@12 (line 1026)
  0x0000026cb2fba11c: 1a4b 07e9 | 00fd ffff 

  0x0000026cb2fba124: ;   {runtime_call throw_null_pointer_exception Runtime1 stub}
  0x0000026cb2fba124: e877 9a4a 

  0x0000026cb2fba128: ; ImmutableOopMap {rax=Oop [120]=Oop [128]=Oop [136]=Oop [152]=Oop }
                      ;*invokevirtual getCodeSource {reexecute=0 rethrow=0 return_oop=0}
                      ; - java.lang.ClassLoader::defineClassSourceLocation@1 (line 924)
                      ; - java.lang.ClassLoader::defineClass@12 (line 1026)
                      ;   {runtime_call throw_null_pointer_exception Runtime1 stub}
  0x0000026cb2fba128: 07e8 729a 

  0x0000026cb2fba12c: ; ImmutableOopMap {rax=Oop r8=Oop [120]=Oop [128]=Oop [136]=Oop [152]=Oop }
                      ;*invokevirtual getLocation {reexecute=0 rethrow=0 return_oop=0}
                      ; - java.lang.ClassLoader::defineClassSourceLocation@12 (line 926)
                      ; - java.lang.ClassLoader::defineClass@12 (line 1026)
                      ;   {runtime_call throw_null_pointer_exception Runtime1 stub}
  0x0000026cb2fba12c: 4a07 e86d 

  0x0000026cb2fba130: ; ImmutableOopMap {rdx=Oop [120]=Oop [128]=Oop [136]=Oop [152]=Oop }
                      ;*invokevirtual toString {reexecute=0 rethrow=0 return_oop=0}
                      ; - java.lang.ClassLoader::defineClassSourceLocation@22 (line 927)
                      ; - java.lang.ClassLoader::defineClass@12 (line 1026)
                      ;   {metadata({method} {0x0000026cc801aa98} 'toString' '()Ljava/lang/String;' in 'java/net/URL')}
  0x0000026cb2fba130: 9a4a 0749 | ba90 aa01 | c86c 0200 | 004c 8954 | 2408 48c7 | 0424 ffff 

  0x0000026cb2fba148: ;   {runtime_call counter_overflow Runtime1 stub}
  0x0000026cb2fba148: ffff e8b1 

  0x0000026cb2fba14c: ; ImmutableOopMap {rdx=Oop [120]=Oop [128]=Oop [136]=Oop [152]=Oop }
                      ;*synchronization entry
                      ; - java.net.URL::toString@-1 (line 1189)
                      ; - java.lang.ClassLoader::defineClassSourceLocation@22 (line 927)
                      ; - java.lang.ClassLoader::defineClass@12 (line 1026)
  0x0000026cb2fba14c: 1a4b 07e9 | e3fd ffff 

  0x0000026cb2fba154: ;   {metadata({method} {0x0000026cc8430a00} 'toExternalForm' '()Ljava/lang/String;' in 'java/net/URL')}
  0x0000026cb2fba154: 49ba f809 | 43c8 6c02 | 0000 4c89 | 5424 0848 | c704 24ff 

  0x0000026cb2fba168: ;   {runtime_call counter_overflow Runtime1 stub}
  0x0000026cb2fba168: ffff ffe8 

  0x0000026cb2fba16c: ; ImmutableOopMap {rdx=Oop [120]=Oop [128]=Oop [136]=Oop [152]=Oop }
                      ;*synchronization entry
                      ; - java.net.URL::toExternalForm@-1 (line 1203)
                      ; - java.net.URL::toString@1 (line 1189)
                      ; - java.lang.ClassLoader::defineClassSourceLocation@22 (line 927)
                      ; - java.lang.ClassLoader::defineClass@12 (line 1026)
  0x0000026cb2fba16c: 901a 4b07 | e900 feff 

  0x0000026cb2fba174: ;   {runtime_call throw_null_pointer_exception Runtime1 stub}
  0x0000026cb2fba174: ffe8 269a 

  0x0000026cb2fba178: ; ImmutableOopMap {rdx=Oop rsi=Oop [120]=Oop [128]=Oop [136]=Oop [152]=Oop }
                      ;*invokevirtual toExternalForm {reexecute=0 rethrow=0 return_oop=0}
                      ; - java.net.URL::toExternalForm@5 (line 1203)
                      ; - java.net.URL::toString@1 (line 1189)
                      ; - java.lang.ClassLoader::defineClassSourceLocation@22 (line 927)
                      ; - java.lang.ClassLoader::defineClass@12 (line 1026)
                      ;   {internal_word}
  0x0000026cb2fba178: 4a07 49ba | d4a0 fbb2 | 6c02 0000 | 4d89 9768 

  0x0000026cb2fba188: ;   {runtime_call SafepointBlob}
  0x0000026cb2fba188: 0400 00e9 | f0c9 3d07 | 498b 8700 | 0500 0049 | c787 0005 | 0000 0000 | 0000 49c7 | 8708 0500 
  0x0000026cb2fba1a8: 0000 0000 | 0048 81c4 | b000 0000 

  0x0000026cb2fba1b4: ;   {runtime_call unwind_exception Runtime1 stub}
  0x0000026cb2fba1b4: 5de9 c67e | 4a07 f4f4 | f4f4 f4f4 
[Stub Code]
  0x0000026cb2fba1c0: ;   {no_reloc}
  0x0000026cb2fba1c0: 0f1f 4400 

  0x0000026cb2fba1c4: ;   {static_stub}
  0x0000026cb2fba1c4: 0048 bb00 | 0000 0000 

  0x0000026cb2fba1cc: ;   {runtime_call}
  0x0000026cb2fba1cc: 0000 00e9 | fbff ffff 

  0x0000026cb2fba1d4: ;   {static_stub}
  0x0000026cb2fba1d4: 48bb 0000 | 0000 0000 

  0x0000026cb2fba1dc: ;   {runtime_call}
  0x0000026cb2fba1dc: 0000 e9fb 

  0x0000026cb2fba1e0: ;   {static_stub}
  0x0000026cb2fba1e0: ffff ff48 | bb78 cd43 | c86c 0200 

  0x0000026cb2fba1ec: ;   {runtime_call I2C/C2I adapters}
  0x0000026cb2fba1ec: 00e9 b073 

  0x0000026cb2fba1f0: ;   {static_stub}
  0x0000026cb2fba1f0: 3c07 48bb | 0000 0000 | 0000 0000 

  0x0000026cb2fba1fc: ;   {runtime_call}
  0x0000026cb2fba1fc: e9fb ffff 

  0x0000026cb2fba200: ;   {runtime_call handle_exception_from_callee Runtime1 stub}
  0x0000026cb2fba200: ffe8 7ad7 

  0x0000026cb2fba204: ;   {external_word}
  0x0000026cb2fba204: 4a07 48b9 | 0048 8af5 | ff7f 0000 | 4883 e4f0 

  0x0000026cb2fba214: ;   {runtime_call}
  0x0000026cb2fba214: 48b8 4024 | 52f5 ff7f | 0000 ffd0 

  0x0000026cb2fba220: ;   {section_word}
  0x0000026cb2fba220: f449 ba21 | a2fb b26c | 0200 0041 

  0x0000026cb2fba22c: ;   {runtime_call DeoptimizationBlob}
  0x0000026cb2fba22c: 52e9 eedd | 3d07 f4f4 | f4f4 f4f4 
[/MachCode]


Compiled method (c1)    2027  942       3       java.security.SecureClassLoader::defineClass (16 bytes)
 total in heap  [0x0000026cb2fd5d90,0x0000026cb2fd6190] = 1024
 relocation     [0x0000026cb2fd5ef0,0x0000026cb2fd5f40] = 80
 main code      [0x0000026cb2fd5f40,0x0000026cb2fd6098] = 344
 stub code      [0x0000026cb2fd6098,0x0000026cb2fd60e8] = 80
 metadata       [0x0000026cb2fd60e8,0x0000026cb2fd60f0] = 8
 scopes data    [0x0000026cb2fd60f0,0x0000026cb2fd6138] = 72
 scopes pcs     [0x0000026cb2fd6138,0x0000026cb2fd6188] = 80
 dependencies   [0x0000026cb2fd6188,0x0000026cb2fd6190] = 8

[Constant Pool (empty)]

[MachCode]
[Entry Point]
  # {method} {0x0000026cc804d810} 'defineClass' '(Ljava/lang/String;[BIILjava/security/CodeSource;)Ljava/lang/Class;' in 'java/security/SecureClassLoader'
  # this:     rdx:rdx   = 'java/security/SecureClassLoader'
  # parm0:    r8:r8     = 'java/lang/String'
  # parm1:    r9:r9     = '[B'
  # parm2:    rdi       = int
  # parm3:    rsi       = int
  # parm4:    rcx:rcx   = 'java/security/CodeSource'
  #           [sp+0x80]  (sp of caller)
  0x0000026cb2fd5f40: 448b 5208 | 49bb 0000 | 00c8 6c02 | 0000 4d03 | d34c 3bd0 

  0x0000026cb2fd5f54: ;   {runtime_call ic_miss_stub}
  0x0000026cb2fd5f54: 0f85 268a | 3b07 660f | 1f44 0000 
[Verified Entry Point]
  0x0000026cb2fd5f60: 8984 2400 | 80ff ff55 | 4883 ec70 | 4181 7f20 | 0100 0000 

  0x0000026cb2fd5f74: ;   {runtime_call StubRoutines (final stubs)}
  0x0000026cb2fd5f74: 7405 e885 

  0x0000026cb2fd5f78: ;   {metadata(method data for {method} {0x0000026cc804d810} 'defineClass' '(Ljava/lang/String;[BIILjava/security/CodeSource;)Ljava/lang/Class;' in 'java/security/SecureClassLoader')}
  0x0000026cb2fd5f78: 023a 0748 | bb48 cc1c | 096d 0200 | 008b 83cc | 0000 0083 | c002 8983 | cc00 0000 | 25fe 0700 
  0x0000026cb2fd5f98: 0085 c00f | 8496 0000 | 0089 7424 | 5c89 7c24 | 584c 894c | 2450 4c89 | 4424 4848 

  0x0000026cb2fd5fb4: ;   {metadata(method data for {method} {0x0000026cc804d810} 'defineClass' '(Ljava/lang/String;[BIILjava/security/CodeSource;)Ljava/lang/Class;' in 'java/security/SecureClassLoader')}
  0x0000026cb2fd5fb4: 8bda 48b8 | 48cc 1c09 | 6d02 0000 | 4883 8010 | 0100 0001 | 4c8b c148 | 8bc2 488b | d048 8944 
  0x0000026cb2fd5fd4: ;   {optimized virtual_call}
  0x0000026cb2fd5fd4: 2440 90e8 

  0x0000026cb2fd5fd8: ; ImmutableOopMap {[64]=Oop [72]=Oop [80]=Oop }
                      ;*invokevirtual getProtectionDomain {reexecute=0 rethrow=0 return_oop=0}
                      ; - java.security.SecureClassLoader::defineClass@9 (line 150)
  0x0000026cb2fd5fd8: c4fa f9ff 

  0x0000026cb2fd5fdc: ;   {other}
  0x0000026cb2fd5fdc: 0f1f 8400 | 4c02 0000 | 488b 5424 

  0x0000026cb2fd5fe8: ;   {metadata(method data for {method} {0x0000026cc804d810} 'defineClass' '(Ljava/lang/String;[BIILjava/security/CodeSource;)Ljava/lang/Class;' in 'java/security/SecureClassLoader')}
  0x0000026cb2fd5fe8: 4049 b848 | cc1c 096d | 0200 0049 | 8380 4801 | 0000 014c | 8b44 2448 | 4c8b 4c24 | 508b 7c24 
  0x0000026cb2fd6008: 588b 7424 | 5c48 8bc8 | 488b 5424 

  0x0000026cb2fd6014: ;   {optimized virtual_call}
  0x0000026cb2fd6014: 4066 90e8 

  0x0000026cb2fd6018: ; ImmutableOopMap {}
                      ;*invokevirtual defineClass {reexecute=0 rethrow=0 return_oop=0}
                      ; - java.security.SecureClassLoader::defineClass@12 (line 150)
  0x0000026cb2fd6018: 243d feff 

  0x0000026cb2fd601c: ;   {other}
  0x0000026cb2fd601c: 0f1f 8400 | 8c02 0001 | 4883 c470 

  0x0000026cb2fd6028: ;   {poll_return}
  0x0000026cb2fd6028: 5d49 3ba7 | 5004 0000 | 0f87 2200 

  0x0000026cb2fd6034: ;   {metadata({method} {0x0000026cc804d810} 'defineClass' '(Ljava/lang/String;[BIILjava/security/CodeSource;)Ljava/lang/Class;' in 'java/security/SecureClassLoader')}
  0x0000026cb2fd6034: 0000 c349 | ba08 d804 | c86c 0200 | 004c 8954 | 2408 48c7 | 0424 ffff 

  0x0000026cb2fd604c: ;   {runtime_call counter_overflow Runtime1 stub}
  0x0000026cb2fd604c: ffff e8ad 

  0x0000026cb2fd6050: ; ImmutableOopMap {rdx=Oop r8=Oop r9=Oop rcx=Oop }
                      ;*synchronization entry
                      ; - java.security.SecureClassLoader::defineClass@-1 (line 150)
  0x0000026cb2fd6050: 5b49 07e9 | 49ff ffff 

  0x0000026cb2fd6058: ;   {internal_word}
  0x0000026cb2fd6058: 49ba 2960 | fdb2 6c02 | 0000 4d89 | 9768 0400 

  0x0000026cb2fd6068: ;   {runtime_call SafepointBlob}
  0x0000026cb2fd6068: 00e9 120b | 3c07 498b | 8700 0500 | 0049 c787 | 0005 0000 | 0000 0000 | 49c7 8708 | 0500 0000 
  0x0000026cb2fd6088: 0000 0048 | 83c4 705d 

  0x0000026cb2fd6090: ;   {runtime_call unwind_exception Runtime1 stub}
  0x0000026cb2fd6090: e9eb bf48 | 07f4 f4f4 
[Stub Code]
  0x0000026cb2fd6098: ;   {no_reloc}
  0x0000026cb2fd6098: 48bb 0000 | 0000 0000 

  0x0000026cb2fd60a0: ;   {runtime_call}
  0x0000026cb2fd60a0: 0000 e9fb 

  0x0000026cb2fd60a4: ;   {static_stub}
  0x0000026cb2fd60a4: ffff ff48 | bb00 0000 | 0000 0000 

  0x0000026cb2fd60b0: ;   {runtime_call}
  0x0000026cb2fd60b0: 00e9 fbff 

  0x0000026cb2fd60b4: ;   {runtime_call handle_exception_from_callee Runtime1 stub}
  0x0000026cb2fd60b4: ffff e8c5 

  0x0000026cb2fd60b8: ;   {external_word}
  0x0000026cb2fd60b8: 1849 0748 | b900 488a | f5ff 7f00 | 0048 83e4 

  0x0000026cb2fd60c8: ;   {runtime_call}
  0x0000026cb2fd60c8: f048 b840 | 2452 f5ff | 7f00 00ff 

  0x0000026cb2fd60d4: ;   {section_word}
  0x0000026cb2fd60d4: d0f4 49ba | d660 fdb2 | 6c02 0000 

  0x0000026cb2fd60e0: ;   {runtime_call DeoptimizationBlob}
  0x0000026cb2fd60e0: 4152 e939 | 1f3c 07f4 
[/MachCode]


---------------  P R O C E S S  ---------------

Threads class SMR info:
_java_thread_list=0x0000026d0d6be600, length=12, elements={
0x0000026ca869e380, 0x0000026cc76e7150, 0x0000026cc76e8eb0, 0x0000026cc76eafa0,
0x0000026cc76ede60, 0x0000026cc76f1ea0, 0x0000026cc76f0b00, 0x0000026cc76fe930,
0x0000026cc7702a00, 0x0000026cc7972c20, 0x0000026cc7973450, 0x0000026d0d716780
}

Java Threads: ( => current thread )
=>0x0000026ca869e380 JavaThread "main"                              [_thread_in_vm, id=17432, stack(0x000000b20cd00000,0x000000b20ce00000) (1024K)]
  0x0000026cc76e7150 JavaThread "Reference Handler"          daemon [_thread_blocked, id=41764, stack(0x000000b20d500000,0x000000b20d600000) (1024K)]
  0x0000026cc76e8eb0 JavaThread "Finalizer"                  daemon [_thread_blocked, id=23512, stack(0x000000b20d600000,0x000000b20d700000) (1024K)]
  0x0000026cc76eafa0 JavaThread "Signal Dispatcher"          daemon [_thread_blocked, id=15916, stack(0x000000b20d700000,0x000000b20d800000) (1024K)]
  0x0000026cc76ede60 JavaThread "Attach Listener"            daemon [_thread_blocked, id=42560, stack(0x000000b20d800000,0x000000b20d900000) (1024K)]
  0x0000026cc76f1ea0 JavaThread "Service Thread"             daemon [_thread_blocked, id=18392, stack(0x000000b20d900000,0x000000b20da00000) (1024K)]
  0x0000026cc76f0b00 JavaThread "Monitor Deflation Thread"   daemon [_thread_blocked, id=15484, stack(0x000000b20da00000,0x000000b20db00000) (1024K)]
  0x0000026cc76fe930 JavaThread "C2 CompilerThread0"         daemon [_thread_blocked, id=13556, stack(0x000000b20db00000,0x000000b20dc00000) (1024K)]
  0x0000026cc7702a00 JavaThread "C1 CompilerThread0"         daemon [_thread_blocked, id=14884, stack(0x000000b20dc00000,0x000000b20dd00000) (1024K)]
  0x0000026cc7972c20 JavaThread "Notification Thread"        daemon [_thread_blocked, id=18012, stack(0x000000b20dd00000,0x000000b20de00000) (1024K)]
  0x0000026cc7973450 JavaThread "Common-Cleaner"             daemon [_thread_blocked, id=18816, stack(0x000000b20de00000,0x000000b20df00000) (1024K)]
  0x0000026d0d716780 JavaThread "C2 CompilerThread1"         daemon [_thread_blocked, id=40664, stack(0x000000b20df00000,0x000000b20e000000) (1024K)]
Total: 12

Other Threads:
  0x0000026cc76c7f90 VMThread "VM Thread"                           [id=39424, stack(0x000000b20d400000,0x000000b20d500000) (1024K)]
  0x0000026cc76b03e0 WatcherThread "VM Periodic Task Thread"        [id=15324, stack(0x000000b20d300000,0x000000b20d400000) (1024K)]
  0x0000026caaa00c30 WorkerThread "GC Thread#0"                     [id=43520, stack(0x000000b20ce00000,0x000000b20cf00000) (1024K)]
  0x0000026d0e2c2a90 WorkerThread "GC Thread#1"                     [id=17936, stack(0x000000b20e100000,0x000000b20e200000) (1024K)]
  0x0000026d0e2c2e30 WorkerThread "GC Thread#2"                     [id=2152, stack(0x000000b20e200000,0x000000b20e300000) (1024K)]
  0x0000026d0e2045a0 WorkerThread "GC Thread#3"                     [id=20540, stack(0x000000b20e300000,0x000000b20e400000) (1024K)]
  0x0000026d0e204d50 WorkerThread "GC Thread#4"                     [id=10484, stack(0x000000b20e400000,0x000000b20e500000) (1024K)]
  0x0000026d0e2050f0 WorkerThread "GC Thread#5"                     [id=27400, stack(0x000000b20e500000,0x000000b20e600000) (1024K)]
  0x0000026d0e5f4290 WorkerThread "GC Thread#6"                     [id=14136, stack(0x000000b20e600000,0x000000b20e700000) (1024K)]
  0x0000026d0e1a20b0 WorkerThread "GC Thread#7"                     [id=38872, stack(0x000000b20e700000,0x000000b20e800000) (1024K)]
  0x0000026d0e1a3320 WorkerThread "GC Thread#8"                     [id=43872, stack(0x000000b20e800000,0x000000b20e900000) (1024K)]
  0x0000026d0e1a3e00 WorkerThread "GC Thread#9"                     [id=28824, stack(0x000000b20e000000,0x000000b20e100000) (1024K)]
  0x0000026caaa12560 ConcurrentGCThread "G1 Main Marker"            [id=43808, stack(0x000000b20cf00000,0x000000b20d000000) (1024K)]
  0x0000026caaa13a20 WorkerThread "G1 Conc#0"                       [id=13620, stack(0x000000b20d000000,0x000000b20d100000) (1024K)]
  0x0000026caaa6de50 ConcurrentGCThread "G1 Refine#0"               [id=27312, stack(0x000000b20d100000,0x000000b20d200000) (1024K)]
  0x0000026cc7586510 ConcurrentGCThread "G1 Service"                [id=9336, stack(0x000000b20d200000,0x000000b20d300000) (1024K)]
Total: 16

Threads with active compile tasks:
Total: 0

VM state: not at safepoint (normal execution)

VM Mutex/Monitor currently owned by a thread:  ([mutex/lock_event])
[0x00007ffff5b3ace8] Metaspace_lock - owner thread: 0x0000026ca869e380

Heap address: 0x0000000083600000, size: 1994 MB, Compressed Oops mode: 32-bit

CDS archive(s) mapped at: [0x0000026cc8000000-0x0000026cc8c90000-0x0000026cc8c90000), size 13172736, SharedBaseAddress: 0x0000026cc8000000, ArchiveRelocationMode: 1.
Compressed class space mapped at: 0x0000026cc9000000-0x0000026d09000000, reserved size: 1073741824
Narrow klass base: 0x0000026cc8000000, Narrow klass shift: 0, Narrow klass range: 0x100000000

GC Precious Log:
 CardTable entry size: 512
 Card Set container configuration: InlinePtr #cards 5 size 8 Array Of Cards #cards 12 size 40 Howl #buckets 4 coarsen threshold 1843 Howl Bitmap #cards 512 size 80 coarsen threshold 460 Card regions per heap region 1 cards per card region 2048
 CPUs: 12 total, 12 available
 Memory: 7971M
 Large Page Support: Disabled
 NUMA Support: Disabled
 Compressed Oops: Enabled (32-bit)
 Heap Region Size: 1M
 Heap Min Capacity: 8M
 Heap Initial Capacity: 126M
 Heap Max Capacity: 1994M
 Pre-touch: Disabled
 Parallel Workers: 10
 Concurrent Workers: 3
 Concurrent Refinement Workers: 10
 Periodic GC: Disabled

Heap:
 garbage-first heap   total 129024K, used 16118K [0x0000000083600000, 0x0000000100000000)
  region size 1024K, 13 young (13312K), 2 survivors (2048K)
 Metaspace       used 12382K, committed 12544K, reserved 1114112K
  class space    used 1486K, committed 1600K, reserved 1048576K

Heap Regions: E=young(eden), S=young(survivor), O=old, HS=humongous(starts), HC=humongous(continues), CS=collection set, F=free, TAMS=top-at-mark-start, PB=parsable bottom
|   0|0x0000000083600000, 0x0000000083700000, 0x0000000083700000|100%| O|  |TAMS 0x0000000083600000| PB 0x0000000083600000| Untracked 
|   1|0x0000000083700000, 0x0000000083800000, 0x0000000083800000|100%| O|  |TAMS 0x0000000083700000| PB 0x0000000083700000| Untracked 
|   2|0x0000000083800000, 0x0000000083900000, 0x0000000083900000|100%| O|  |TAMS 0x0000000083800000| PB 0x0000000083800000| Untracked 
|   3|0x0000000083900000, 0x00000000839bd980, 0x0000000083a00000| 74%| O|  |TAMS 0x0000000083900000| PB 0x0000000083900000| Untracked 
|   4|0x0000000083a00000, 0x0000000083a00000, 0x0000000083b00000|  0%| F|  |TAMS 0x0000000083a00000| PB 0x0000000083a00000| Untracked 
|   5|0x0000000083b00000, 0x0000000083b00000, 0x0000000083c00000|  0%| F|  |TAMS 0x0000000083b00000| PB 0x0000000083b00000| Untracked 
|   6|0x0000000083c00000, 0x0000000083c00000, 0x0000000083d00000|  0%| F|  |TAMS 0x0000000083c00000| PB 0x0000000083c00000| Untracked 
|   7|0x0000000083d00000, 0x0000000083d00000, 0x0000000083e00000|  0%| F|  |TAMS 0x0000000083d00000| PB 0x0000000083d00000| Untracked 
|   8|0x0000000083e00000, 0x0000000083e00000, 0x0000000083f00000|  0%| F|  |TAMS 0x0000000083e00000| PB 0x0000000083e00000| Untracked 
|   9|0x0000000083f00000, 0x0000000083f00000, 0x0000000084000000|  0%| F|  |TAMS 0x0000000083f00000| PB 0x0000000083f00000| Untracked 
|  10|0x0000000084000000, 0x0000000084000000, 0x0000000084100000|  0%| F|  |TAMS 0x0000000084000000| PB 0x0000000084000000| Untracked 
|  11|0x0000000084100000, 0x0000000084100000, 0x0000000084200000|  0%| F|  |TAMS 0x0000000084100000| PB 0x0000000084100000| Untracked 
|  12|0x0000000084200000, 0x0000000084200000, 0x0000000084300000|  0%| F|  |TAMS 0x0000000084200000| PB 0x0000000084200000| Untracked 
|  13|0x0000000084300000, 0x0000000084300000, 0x0000000084400000|  0%| F|  |TAMS 0x0000000084300000| PB 0x0000000084300000| Untracked 
|  14|0x0000000084400000, 0x0000000084400000, 0x0000000084500000|  0%| F|  |TAMS 0x0000000084400000| PB 0x0000000084400000| Untracked 
|  15|0x0000000084500000, 0x0000000084500000, 0x0000000084600000|  0%| F|  |TAMS 0x0000000084500000| PB 0x0000000084500000| Untracked 
|  16|0x0000000084600000, 0x0000000084600000, 0x0000000084700000|  0%| F|  |TAMS 0x0000000084600000| PB 0x0000000084600000| Untracked 
|  17|0x0000000084700000, 0x0000000084700000, 0x0000000084800000|  0%| F|  |TAMS 0x0000000084700000| PB 0x0000000084700000| Untracked 
|  18|0x0000000084800000, 0x0000000084800000, 0x0000000084900000|  0%| F|  |TAMS 0x0000000084800000| PB 0x0000000084800000| Untracked 
|  19|0x0000000084900000, 0x0000000084900000, 0x0000000084a00000|  0%| F|  |TAMS 0x0000000084900000| PB 0x0000000084900000| Untracked 
|  20|0x0000000084a00000, 0x0000000084a00000, 0x0000000084b00000|  0%| F|  |TAMS 0x0000000084a00000| PB 0x0000000084a00000| Untracked 
|  21|0x0000000084b00000, 0x0000000084b00000, 0x0000000084c00000|  0%| F|  |TAMS 0x0000000084b00000| PB 0x0000000084b00000| Untracked 
|  22|0x0000000084c00000, 0x0000000084c00000, 0x0000000084d00000|  0%| F|  |TAMS 0x0000000084c00000| PB 0x0000000084c00000| Untracked 
|  23|0x0000000084d00000, 0x0000000084d00000, 0x0000000084e00000|  0%| F|  |TAMS 0x0000000084d00000| PB 0x0000000084d00000| Untracked 
|  24|0x0000000084e00000, 0x0000000084e00000, 0x0000000084f00000|  0%| F|  |TAMS 0x0000000084e00000| PB 0x0000000084e00000| Untracked 
|  25|0x0000000084f00000, 0x0000000084f00000, 0x0000000085000000|  0%| F|  |TAMS 0x0000000084f00000| PB 0x0000000084f00000| Untracked 
|  26|0x0000000085000000, 0x0000000085000000, 0x0000000085100000|  0%| F|  |TAMS 0x0000000085000000| PB 0x0000000085000000| Untracked 
|  27|0x0000000085100000, 0x0000000085100000, 0x0000000085200000|  0%| F|  |TAMS 0x0000000085100000| PB 0x0000000085100000| Untracked 
|  28|0x0000000085200000, 0x0000000085200000, 0x0000000085300000|  0%| F|  |TAMS 0x0000000085200000| PB 0x0000000085200000| Untracked 
|  29|0x0000000085300000, 0x0000000085300000, 0x0000000085400000|  0%| F|  |TAMS 0x0000000085300000| PB 0x0000000085300000| Untracked 
|  30|0x0000000085400000, 0x0000000085400000, 0x0000000085500000|  0%| F|  |TAMS 0x0000000085400000| PB 0x0000000085400000| Untracked 
|  31|0x0000000085500000, 0x0000000085500000, 0x0000000085600000|  0%| F|  |TAMS 0x0000000085500000| PB 0x0000000085500000| Untracked 
|  32|0x0000000085600000, 0x0000000085600000, 0x0000000085700000|  0%| F|  |TAMS 0x0000000085600000| PB 0x0000000085600000| Untracked 
|  33|0x0000000085700000, 0x0000000085700000, 0x0000000085800000|  0%| F|  |TAMS 0x0000000085700000| PB 0x0000000085700000| Untracked 
|  34|0x0000000085800000, 0x0000000085800000, 0x0000000085900000|  0%| F|  |TAMS 0x0000000085800000| PB 0x0000000085800000| Untracked 
|  35|0x0000000085900000, 0x0000000085900000, 0x0000000085a00000|  0%| F|  |TAMS 0x0000000085900000| PB 0x0000000085900000| Untracked 
|  36|0x0000000085a00000, 0x0000000085a00000, 0x0000000085b00000|  0%| F|  |TAMS 0x0000000085a00000| PB 0x0000000085a00000| Untracked 
|  37|0x0000000085b00000, 0x0000000085b00000, 0x0000000085c00000|  0%| F|  |TAMS 0x0000000085b00000| PB 0x0000000085b00000| Untracked 
|  38|0x0000000085c00000, 0x0000000085c00000, 0x0000000085d00000|  0%| F|  |TAMS 0x0000000085c00000| PB 0x0000000085c00000| Untracked 
|  39|0x0000000085d00000, 0x0000000085d00000, 0x0000000085e00000|  0%| F|  |TAMS 0x0000000085d00000| PB 0x0000000085d00000| Untracked 
|  40|0x0000000085e00000, 0x0000000085e00000, 0x0000000085f00000|  0%| F|  |TAMS 0x0000000085e00000| PB 0x0000000085e00000| Untracked 
|  41|0x0000000085f00000, 0x0000000085f00000, 0x0000000086000000|  0%| F|  |TAMS 0x0000000085f00000| PB 0x0000000085f00000| Untracked 
|  42|0x0000000086000000, 0x0000000086000000, 0x0000000086100000|  0%| F|  |TAMS 0x0000000086000000| PB 0x0000000086000000| Untracked 
|  43|0x0000000086100000, 0x0000000086100000, 0x0000000086200000|  0%| F|  |TAMS 0x0000000086100000| PB 0x0000000086100000| Untracked 
|  44|0x0000000086200000, 0x0000000086200000, 0x0000000086300000|  0%| F|  |TAMS 0x0000000086200000| PB 0x0000000086200000| Untracked 
|  45|0x0000000086300000, 0x0000000086300000, 0x0000000086400000|  0%| F|  |TAMS 0x0000000086300000| PB 0x0000000086300000| Untracked 
|  46|0x0000000086400000, 0x0000000086400000, 0x0000000086500000|  0%| F|  |TAMS 0x0000000086400000| PB 0x0000000086400000| Untracked 
|  47|0x0000000086500000, 0x0000000086500000, 0x0000000086600000|  0%| F|  |TAMS 0x0000000086500000| PB 0x0000000086500000| Untracked 
|  48|0x0000000086600000, 0x0000000086600000, 0x0000000086700000|  0%| F|  |TAMS 0x0000000086600000| PB 0x0000000086600000| Untracked 
|  49|0x0000000086700000, 0x0000000086700000, 0x0000000086800000|  0%| F|  |TAMS 0x0000000086700000| PB 0x0000000086700000| Untracked 
|  50|0x0000000086800000, 0x0000000086800000, 0x0000000086900000|  0%| F|  |TAMS 0x0000000086800000| PB 0x0000000086800000| Untracked 
|  51|0x0000000086900000, 0x0000000086900000, 0x0000000086a00000|  0%| F|  |TAMS 0x0000000086900000| PB 0x0000000086900000| Untracked 
|  52|0x0000000086a00000, 0x0000000086a00000, 0x0000000086b00000|  0%| F|  |TAMS 0x0000000086a00000| PB 0x0000000086a00000| Untracked 
|  53|0x0000000086b00000, 0x0000000086b00000, 0x0000000086c00000|  0%| F|  |TAMS 0x0000000086b00000| PB 0x0000000086b00000| Untracked 
|  54|0x0000000086c00000, 0x0000000086c00000, 0x0000000086d00000|  0%| F|  |TAMS 0x0000000086c00000| PB 0x0000000086c00000| Untracked 
|  55|0x0000000086d00000, 0x0000000086d00000, 0x0000000086e00000|  0%| F|  |TAMS 0x0000000086d00000| PB 0x0000000086d00000| Untracked 
|  56|0x0000000086e00000, 0x0000000086e00000, 0x0000000086f00000|  0%| F|  |TAMS 0x0000000086e00000| PB 0x0000000086e00000| Untracked 
|  57|0x0000000086f00000, 0x0000000086f00000, 0x0000000087000000|  0%| F|  |TAMS 0x0000000086f00000| PB 0x0000000086f00000| Untracked 
|  58|0x0000000087000000, 0x0000000087000000, 0x0000000087100000|  0%| F|  |TAMS 0x0000000087000000| PB 0x0000000087000000| Untracked 
|  59|0x0000000087100000, 0x0000000087100000, 0x0000000087200000|  0%| F|  |TAMS 0x0000000087100000| PB 0x0000000087100000| Untracked 
|  60|0x0000000087200000, 0x0000000087200000, 0x0000000087300000|  0%| F|  |TAMS 0x0000000087200000| PB 0x0000000087200000| Untracked 
|  61|0x0000000087300000, 0x0000000087300000, 0x0000000087400000|  0%| F|  |TAMS 0x0000000087300000| PB 0x0000000087300000| Untracked 
|  62|0x0000000087400000, 0x0000000087400000, 0x0000000087500000|  0%| F|  |TAMS 0x0000000087400000| PB 0x0000000087400000| Untracked 
|  63|0x0000000087500000, 0x0000000087500000, 0x0000000087600000|  0%| F|  |TAMS 0x0000000087500000| PB 0x0000000087500000| Untracked 
|  64|0x0000000087600000, 0x0000000087600000, 0x0000000087700000|  0%| F|  |TAMS 0x0000000087600000| PB 0x0000000087600000| Untracked 
|  65|0x0000000087700000, 0x0000000087700000, 0x0000000087800000|  0%| F|  |TAMS 0x0000000087700000| PB 0x0000000087700000| Untracked 
|  66|0x0000000087800000, 0x0000000087800000, 0x0000000087900000|  0%| F|  |TAMS 0x0000000087800000| PB 0x0000000087800000| Untracked 
|  67|0x0000000087900000, 0x0000000087900000, 0x0000000087a00000|  0%| F|  |TAMS 0x0000000087900000| PB 0x0000000087900000| Untracked 
|  68|0x0000000087a00000, 0x0000000087a00000, 0x0000000087b00000|  0%| F|  |TAMS 0x0000000087a00000| PB 0x0000000087a00000| Untracked 
|  69|0x0000000087b00000, 0x0000000087b00000, 0x0000000087c00000|  0%| F|  |TAMS 0x0000000087b00000| PB 0x0000000087b00000| Untracked 
|  70|0x0000000087c00000, 0x0000000087c00000, 0x0000000087d00000|  0%| F|  |TAMS 0x0000000087c00000| PB 0x0000000087c00000| Untracked 
|  71|0x0000000087d00000, 0x0000000087d00000, 0x0000000087e00000|  0%| F|  |TAMS 0x0000000087d00000| PB 0x0000000087d00000| Untracked 
|  72|0x0000000087e00000, 0x0000000087e00000, 0x0000000087f00000|  0%| F|  |TAMS 0x0000000087e00000| PB 0x0000000087e00000| Untracked 
|  73|0x0000000087f00000, 0x0000000087f00000, 0x0000000088000000|  0%| F|  |TAMS 0x0000000087f00000| PB 0x0000000087f00000| Untracked 
|  74|0x0000000088000000, 0x0000000088000000, 0x0000000088100000|  0%| F|  |TAMS 0x0000000088000000| PB 0x0000000088000000| Untracked 
|  75|0x0000000088100000, 0x0000000088100000, 0x0000000088200000|  0%| F|  |TAMS 0x0000000088100000| PB 0x0000000088100000| Untracked 
|  76|0x0000000088200000, 0x0000000088200000, 0x0000000088300000|  0%| F|  |TAMS 0x0000000088200000| PB 0x0000000088200000| Untracked 
|  77|0x0000000088300000, 0x0000000088300000, 0x0000000088400000|  0%| F|  |TAMS 0x0000000088300000| PB 0x0000000088300000| Untracked 
|  78|0x0000000088400000, 0x0000000088400000, 0x0000000088500000|  0%| F|  |TAMS 0x0000000088400000| PB 0x0000000088400000| Untracked 
|  79|0x0000000088500000, 0x0000000088500000, 0x0000000088600000|  0%| F|  |TAMS 0x0000000088500000| PB 0x0000000088500000| Untracked 
|  80|0x0000000088600000, 0x0000000088600000, 0x0000000088700000|  0%| F|  |TAMS 0x0000000088600000| PB 0x0000000088600000| Untracked 
|  81|0x0000000088700000, 0x0000000088700000, 0x0000000088800000|  0%| F|  |TAMS 0x0000000088700000| PB 0x0000000088700000| Untracked 
|  82|0x0000000088800000, 0x0000000088800000, 0x0000000088900000|  0%| F|  |TAMS 0x0000000088800000| PB 0x0000000088800000| Untracked 
|  83|0x0000000088900000, 0x0000000088900000, 0x0000000088a00000|  0%| F|  |TAMS 0x0000000088900000| PB 0x0000000088900000| Untracked 
|  84|0x0000000088a00000, 0x0000000088a00000, 0x0000000088b00000|  0%| F|  |TAMS 0x0000000088a00000| PB 0x0000000088a00000| Untracked 
|  85|0x0000000088b00000, 0x0000000088b00000, 0x0000000088c00000|  0%| F|  |TAMS 0x0000000088b00000| PB 0x0000000088b00000| Untracked 
|  86|0x0000000088c00000, 0x0000000088c00000, 0x0000000088d00000|  0%| F|  |TAMS 0x0000000088c00000| PB 0x0000000088c00000| Untracked 
|  87|0x0000000088d00000, 0x0000000088d00000, 0x0000000088e00000|  0%| F|  |TAMS 0x0000000088d00000| PB 0x0000000088d00000| Untracked 
|  88|0x0000000088e00000, 0x0000000088e00000, 0x0000000088f00000|  0%| F|  |TAMS 0x0000000088e00000| PB 0x0000000088e00000| Untracked 
|  89|0x0000000088f00000, 0x0000000088f00000, 0x0000000089000000|  0%| F|  |TAMS 0x0000000088f00000| PB 0x0000000088f00000| Untracked 
|  90|0x0000000089000000, 0x0000000089100000, 0x0000000089100000|100%| S|CS|TAMS 0x0000000089000000| PB 0x0000000089000000| Complete 
|  91|0x0000000089100000, 0x0000000089200000, 0x0000000089200000|100%| S|CS|TAMS 0x0000000089100000| PB 0x0000000089100000| Complete 
|  92|0x0000000089200000, 0x0000000089200000, 0x0000000089300000|  0%| F|  |TAMS 0x0000000089200000| PB 0x0000000089200000| Untracked 
|  93|0x0000000089300000, 0x0000000089300000, 0x0000000089400000|  0%| F|  |TAMS 0x0000000089300000| PB 0x0000000089300000| Untracked 
|  94|0x0000000089400000, 0x0000000089400000, 0x0000000089500000|  0%| F|  |TAMS 0x0000000089400000| PB 0x0000000089400000| Untracked 
|  95|0x0000000089500000, 0x0000000089500000, 0x0000000089600000|  0%| F|  |TAMS 0x0000000089500000| PB 0x0000000089500000| Untracked 
|  96|0x0000000089600000, 0x0000000089600000, 0x0000000089700000|  0%| F|  |TAMS 0x0000000089600000| PB 0x0000000089600000| Untracked 
|  97|0x0000000089700000, 0x0000000089700000, 0x0000000089800000|  0%| F|  |TAMS 0x0000000089700000| PB 0x0000000089700000| Untracked 
|  98|0x0000000089800000, 0x0000000089800000, 0x0000000089900000|  0%| F|  |TAMS 0x0000000089800000| PB 0x0000000089800000| Untracked 
|  99|0x0000000089900000, 0x0000000089900000, 0x0000000089a00000|  0%| F|  |TAMS 0x0000000089900000| PB 0x0000000089900000| Untracked 
| 100|0x0000000089a00000, 0x0000000089a00000, 0x0000000089b00000|  0%| F|  |TAMS 0x0000000089a00000| PB 0x0000000089a00000| Untracked 
| 101|0x0000000089b00000, 0x0000000089b00000, 0x0000000089c00000|  0%| F|  |TAMS 0x0000000089b00000| PB 0x0000000089b00000| Untracked 
| 102|0x0000000089c00000, 0x0000000089c00000, 0x0000000089d00000|  0%| F|  |TAMS 0x0000000089c00000| PB 0x0000000089c00000| Untracked 
| 103|0x0000000089d00000, 0x0000000089d00000, 0x0000000089e00000|  0%| F|  |TAMS 0x0000000089d00000| PB 0x0000000089d00000| Untracked 
| 104|0x0000000089e00000, 0x0000000089e00000, 0x0000000089f00000|  0%| F|  |TAMS 0x0000000089e00000| PB 0x0000000089e00000| Untracked 
| 105|0x0000000089f00000, 0x0000000089f00000, 0x000000008a000000|  0%| F|  |TAMS 0x0000000089f00000| PB 0x0000000089f00000| Untracked 
| 106|0x000000008a000000, 0x000000008a000000, 0x000000008a100000|  0%| F|  |TAMS 0x000000008a000000| PB 0x000000008a000000| Untracked 
| 107|0x000000008a100000, 0x000000008a100000, 0x000000008a200000|  0%| F|  |TAMS 0x000000008a100000| PB 0x000000008a100000| Untracked 
| 108|0x000000008a200000, 0x000000008a200000, 0x000000008a300000|  0%| F|  |TAMS 0x000000008a200000| PB 0x000000008a200000| Untracked 
| 109|0x000000008a300000, 0x000000008a300000, 0x000000008a400000|  0%| F|  |TAMS 0x000000008a300000| PB 0x000000008a300000| Untracked 
| 110|0x000000008a400000, 0x000000008a400000, 0x000000008a500000|  0%| F|  |TAMS 0x000000008a400000| PB 0x000000008a400000| Untracked 
| 111|0x000000008a500000, 0x000000008a500000, 0x000000008a600000|  0%| F|  |TAMS 0x000000008a500000| PB 0x000000008a500000| Untracked 
| 112|0x000000008a600000, 0x000000008a600000, 0x000000008a700000|  0%| F|  |TAMS 0x000000008a600000| PB 0x000000008a600000| Untracked 
| 113|0x000000008a700000, 0x000000008a700000, 0x000000008a800000|  0%| F|  |TAMS 0x000000008a700000| PB 0x000000008a700000| Untracked 
| 114|0x000000008a800000, 0x000000008a800000, 0x000000008a900000|  0%| F|  |TAMS 0x000000008a800000| PB 0x000000008a800000| Untracked 
| 115|0x000000008a900000, 0x000000008a980800, 0x000000008aa00000| 50%| E|  |TAMS 0x000000008a900000| PB 0x000000008a900000| Complete 
| 116|0x000000008aa00000, 0x000000008ab00000, 0x000000008ab00000|100%| E|CS|TAMS 0x000000008aa00000| PB 0x000000008aa00000| Complete 
| 117|0x000000008ab00000, 0x000000008ac00000, 0x000000008ac00000|100%| E|CS|TAMS 0x000000008ab00000| PB 0x000000008ab00000| Complete 
| 118|0x000000008ac00000, 0x000000008ad00000, 0x000000008ad00000|100%| E|CS|TAMS 0x000000008ac00000| PB 0x000000008ac00000| Complete 
| 119|0x000000008ad00000, 0x000000008ae00000, 0x000000008ae00000|100%| E|CS|TAMS 0x000000008ad00000| PB 0x000000008ad00000| Complete 
| 120|0x000000008ae00000, 0x000000008af00000, 0x000000008af00000|100%| E|CS|TAMS 0x000000008ae00000| PB 0x000000008ae00000| Complete 
| 121|0x000000008af00000, 0x000000008b000000, 0x000000008b000000|100%| E|CS|TAMS 0x000000008af00000| PB 0x000000008af00000| Complete 
| 122|0x000000008b000000, 0x000000008b100000, 0x000000008b100000|100%| E|CS|TAMS 0x000000008b000000| PB 0x000000008b000000| Complete 
| 123|0x000000008b100000, 0x000000008b200000, 0x000000008b200000|100%| E|CS|TAMS 0x000000008b100000| PB 0x000000008b100000| Complete 
| 124|0x000000008b200000, 0x000000008b300000, 0x000000008b300000|100%| E|CS|TAMS 0x000000008b200000| PB 0x000000008b200000| Complete 
| 125|0x000000008b300000, 0x000000008b400000, 0x000000008b400000|100%| E|CS|TAMS 0x000000008b300000| PB 0x000000008b300000| Complete 

Card table byte_map: [0x0000026cc2760000,0x0000026cc2b50000] _byte_map_base: 0x0000026cc2345000

Marking Bits: (CMBitMap*) 0x0000026caaa01330
 Bits: [0x0000026cc2b50000, 0x0000026cc4a78000)

Polling page: 0x0000026caa170000

Metaspace:

Usage:
  Non-class:     10.64 MB used.
      Class:      1.45 MB used.
       Both:     12.09 MB used.

Virtual space:
  Non-class space:       64.00 MB reserved,      10.69 MB ( 17%) committed,  1 nodes.
      Class space:        1.00 GB reserved,       1.56 MB ( <1%) committed,  1 nodes.
             Both:        1.06 GB reserved,      12.25 MB (  1%) committed. 

Chunk freelists:
   Non-Class:  4.11 MB
       Class:  14.48 MB
        Both:  18.59 MB

MaxMetaspaceSize: unlimited
CompressedClassSpaceSize: 1.00 GB
Initial GC threshold: 21.00 MB
Current GC threshold: 21.00 MB
CDS: on
 - commit_granule_bytes: 65536.
 - commit_granule_words: 8192.
 - virtual_space_node_default_size: 8388608.
 - enlarge_chunks_in_place: 1.
 - use_allocation_guard: 0.


Internal statistics:

num_allocs_failed_limit: 0.
num_arena_births: 108.
num_arena_deaths: 0.
num_vsnodes_births: 2.
num_vsnodes_deaths: 0.
num_space_committed: 196.
num_space_uncommitted: 0.
num_chunks_returned_to_freelist: 0.
num_chunks_taken_from_freelist: 505.
num_chunk_merges: 0.
num_chunk_splits: 362.
num_chunks_enlarged: 303.
num_inconsistent_stats: 0.

CodeHeap 'non-profiled nmethods': size=120000Kb used=911Kb max_used=911Kb free=119088Kb
 bounds [0x0000026cba8e0000, 0x0000026cbab50000, 0x0000026cc1e10000]
CodeHeap 'profiled nmethods': size=120000Kb used=4731Kb max_used=4731Kb free=115268Kb
 bounds [0x0000026cb2e10000, 0x0000026cb32b0000, 0x0000026cba340000]
CodeHeap 'non-nmethods': size=5760Kb used=1501Kb max_used=1535Kb free=4258Kb
 bounds [0x0000026cba340000, 0x0000026cba5b0000, 0x0000026cba8e0000]
 total_blobs=2891 nmethods=2424 adapters=371
 compilation: enabled
              stopped_count=0, restarted_count=0
 full_count=0

Compilation events (20 events):
Event: 1.967 Thread 0x0000026cc7702a00 2415       3       java.lang.reflect.Array::newInstance (6 bytes)
Event: 1.967 Thread 0x0000026cc7702a00 nmethod 2415 0x0000026cb32abd90 code [0x0000026cb32abf40, 0x0000026cb32ac058]
Event: 1.968 Thread 0x0000026cc7702a00 2416       3       com.google.inject.internal.SingletonScope::scope (11 bytes)
Event: 1.968 Thread 0x0000026cc7702a00 nmethod 2416 0x0000026cb32ac110 code [0x0000026cb32ac2c0, 0x0000026cb32ac480]
Event: 1.968 Thread 0x0000026cc7702a00 2417       3       com.google.inject.internal.SingletonScope$1::<init> (77 bytes)
Event: 1.968 Thread 0x0000026cc7702a00 nmethod 2417 0x0000026cb32ac590 code [0x0000026cb32ac7a0, 0x0000026cb32acf88]
Event: 1.968 Thread 0x0000026cc7702a00 2418       3       com.google.inject.internal.ConstructionContext::<init> (5 bytes)
Event: 1.968 Thread 0x0000026cc7702a00 nmethod 2418 0x0000026cb32ad190 code [0x0000026cb32ad340, 0x0000026cb32ad4a8]
Event: 1.969 Thread 0x0000026d0d716780 2419       4       com.google.inject.internal.aop.ImmutableStringTrie::nextPivotColumn (55 bytes)
Event: 1.970 Thread 0x0000026cc7702a00 2420       3       com.google.inject.internal.FailableCache::get (38 bytes)
Event: 1.970 Thread 0x0000026cc76fe930 2422       4       java.util.ArrayList::get (15 bytes)
Event: 1.970 Thread 0x0000026cc7702a00 nmethod 2420 0x0000026cb32ad590 code [0x0000026cb32ad7e0, 0x0000026cb32ae020]
Event: 1.970 Thread 0x0000026cc7702a00 2421       3       com.google.inject.internal.MembersInjectorStore::get (13 bytes)
Event: 1.970 Thread 0x0000026cc7702a00 nmethod 2421 0x0000026cb32ae390 code [0x0000026cb32ae540, 0x0000026cb32ae800]
Event: 1.970 Thread 0x0000026cc76fe930 nmethod 2422 0x0000026cba9c2d90 code [0x0000026cba9c2f20, 0x0000026cba9c3038]
Event: 1.971 Thread 0x0000026cc76fe930 2423       4       java.util.ArrayList$Itr::hasNext (20 bytes)
Event: 1.971 Thread 0x0000026cc76fe930 nmethod 2423 0x0000026cba9c3190 code [0x0000026cba9c3320, 0x0000026cba9c33d0]
Event: 1.971 Thread 0x0000026cc7702a00 2424       3       java.lang.AbstractStringBuilder::delete (55 bytes)
Event: 1.971 Thread 0x0000026cc7702a00 nmethod 2424 0x0000026cb32ae910 code [0x0000026cb32aeae0, 0x0000026cb32aee20]
Event: 1.972 Thread 0x0000026d0d716780 nmethod 2419 0x0000026cba9c3490 code [0x0000026cba9c3660, 0x0000026cba9c3b00]

GC Heap History (4 events):
Event: 1.287 GC heap before
{Heap before GC invocations=0 (full 0):
 garbage-first heap   total 129024K, used 23552K [0x0000000083600000, 0x0000000100000000)
  region size 1024K, 23 young (23552K), 0 survivors (0K)
 Metaspace       used 5820K, committed 6016K, reserved 1114112K
  class space    used 669K, committed 768K, reserved 1048576K
}
Event: 1.293 GC heap after
{Heap after GC invocations=1 (full 0):
 garbage-first heap   total 129024K, used 3826K [0x0000000083600000, 0x0000000100000000)
  region size 1024K, 3 young (3072K), 3 survivors (3072K)
 Metaspace       used 5820K, committed 6016K, reserved 1114112K
  class space    used 669K, committed 768K, reserved 1048576K
}
Event: 1.796 GC heap before
{Heap before GC invocations=1 (full 0):
 garbage-first heap   total 129024K, used 35570K [0x0000000083600000, 0x0000000100000000)
  region size 1024K, 34 young (34816K), 3 survivors (3072K)
 Metaspace       used 10507K, committed 10688K, reserved 1114112K
  class space    used 1244K, committed 1344K, reserved 1048576K
}
Event: 1.802 GC heap after
{Heap after GC invocations=2 (full 0):
 garbage-first heap   total 129024K, used 5878K [0x0000000083600000, 0x0000000100000000)
  region size 1024K, 2 young (2048K), 2 survivors (2048K)
 Metaspace       used 10507K, committed 10688K, reserved 1114112K
  class space    used 1244K, committed 1344K, reserved 1048576K
}

Dll operation events (8 events):
Event: 0.005 Loaded shared library C:\Program Files\Java\jdk-21\bin\java.dll
Event: 0.032 Loaded shared library C:\Program Files\Java\jdk-21\bin\jsvml.dll
Event: 0.045 Loaded shared library C:\Program Files\Java\jdk-21\bin\net.dll
Event: 0.047 Loaded shared library C:\Program Files\Java\jdk-21\bin\nio.dll
Event: 0.049 Loaded shared library C:\Program Files\Java\jdk-21\bin\zip.dll
Event: 0.122 Loaded shared library C:\Program Files\Java\jdk-21\bin\jimage.dll
Event: 0.823 Loaded shared library C:\Program Files\NetBeans-21\netbeans\java\maven\lib\jansi-native\Windows\x86_64\jansi.dll
Event: 0.836 Loaded shared library C:\Program Files\Java\jdk-21\bin\verify.dll

Deoptimization events (20 events):
Event: 1.972 Thread 0x0000026ca869e380 Uncommon trap: trap_request=0xffffffc6 fr.pc=0x0000026cba986c18 relative=0x00000000000008b8
Event: 1.972 Thread 0x0000026ca869e380 Uncommon trap: reason=bimorphic_or_optimized_type_check action=maybe_recompile pc=0x0000026cba986c18 method=java.util.HashMap.putVal(ILjava/lang/Object;Ljava/lang/Object;ZZ)Ljava/lang/Object; @ 91 c2
Event: 1.972 Thread 0x0000026ca869e380 DEOPT PACKING pc=0x0000026cba986c18 sp=0x000000b20cdfe840
Event: 1.972 Thread 0x0000026ca869e380 DEOPT UNPACKING pc=0x0000026cba397da2 sp=0x000000b20cdfe760 mode 2
Event: 1.972 Thread 0x0000026ca869e380 Uncommon trap: trap_request=0xffffffc6 fr.pc=0x0000026cba986c18 relative=0x00000000000008b8
Event: 1.972 Thread 0x0000026ca869e380 Uncommon trap: reason=bimorphic_or_optimized_type_check action=maybe_recompile pc=0x0000026cba986c18 method=java.util.HashMap.putVal(ILjava/lang/Object;Ljava/lang/Object;ZZ)Ljava/lang/Object; @ 91 c2
Event: 1.972 Thread 0x0000026ca869e380 DEOPT PACKING pc=0x0000026cba986c18 sp=0x000000b20cdfe840
Event: 1.972 Thread 0x0000026ca869e380 DEOPT UNPACKING pc=0x0000026cba397da2 sp=0x000000b20cdfe760 mode 2
Event: 1.972 Thread 0x0000026ca869e380 Uncommon trap: trap_request=0xffffffc6 fr.pc=0x0000026cba986c18 relative=0x00000000000008b8
Event: 1.972 Thread 0x0000026ca869e380 Uncommon trap: reason=bimorphic_or_optimized_type_check action=maybe_recompile pc=0x0000026cba986c18 method=java.util.HashMap.putVal(ILjava/lang/Object;Ljava/lang/Object;ZZ)Ljava/lang/Object; @ 91 c2
Event: 1.972 Thread 0x0000026ca869e380 DEOPT PACKING pc=0x0000026cba986c18 sp=0x000000b20cdfe840
Event: 1.972 Thread 0x0000026ca869e380 DEOPT UNPACKING pc=0x0000026cba397da2 sp=0x000000b20cdfe760 mode 2
Event: 1.972 Thread 0x0000026ca869e380 Uncommon trap: trap_request=0xffffffc6 fr.pc=0x0000026cba986c18 relative=0x00000000000008b8
Event: 1.972 Thread 0x0000026ca869e380 Uncommon trap: reason=bimorphic_or_optimized_type_check action=maybe_recompile pc=0x0000026cba986c18 method=java.util.HashMap.putVal(ILjava/lang/Object;Ljava/lang/Object;ZZ)Ljava/lang/Object; @ 91 c2
Event: 1.972 Thread 0x0000026ca869e380 DEOPT PACKING pc=0x0000026cba986c18 sp=0x000000b20cdfe840
Event: 1.972 Thread 0x0000026ca869e380 DEOPT UNPACKING pc=0x0000026cba397da2 sp=0x000000b20cdfe760 mode 2
Event: 1.972 Thread 0x0000026ca869e380 Uncommon trap: trap_request=0xffffffc6 fr.pc=0x0000026cba97cda4 relative=0x0000000000000864
Event: 1.972 Thread 0x0000026ca869e380 Uncommon trap: reason=bimorphic_or_optimized_type_check action=maybe_recompile pc=0x0000026cba97cda4 method=java.util.HashMap.putVal(ILjava/lang/Object;Ljava/lang/Object;ZZ)Ljava/lang/Object; @ 91 c2
Event: 1.972 Thread 0x0000026ca869e380 DEOPT PACKING pc=0x0000026cba97cda4 sp=0x000000b20cdfe7a0
Event: 1.972 Thread 0x0000026ca869e380 DEOPT UNPACKING pc=0x0000026cba397da2 sp=0x000000b20cdfe750 mode 2

Classes loaded (20 events):
Event: 1.775 Loading class java/nio/channels/OverlappingFileLockException
Event: 1.775 Loading class java/nio/channels/OverlappingFileLockException done
Event: 1.775 Loading class java/nio/channels/FileLock
Event: 1.775 Loading class java/nio/channels/FileLock done
Event: 1.790 Loading class java/nio/file/AccessDeniedException
Event: 1.790 Loading class java/nio/file/AccessDeniedException done
Event: 1.820 Loading class java/lang/ExceptionInInitializerError
Event: 1.820 Loading class java/lang/ExceptionInInitializerError done
Event: 1.822 Loading class jdk/internal/vm/annotation/ForceInline
Event: 1.822 Loading class jdk/internal/vm/annotation/ForceInline done
Event: 1.842 Loading class sun/invoke/util/ValueConversions$1
Event: 1.842 Loading class sun/invoke/util/ValueConversions$1 done
Event: 1.843 Loading class java/lang/invoke/BoundMethodHandle$Species_LI
Event: 1.843 Loading class java/lang/invoke/BoundMethodHandle$Species_LI done
Event: 1.846 Loading class jdk/internal/org/objectweb/asm/ClassReader
Event: 1.847 Loading class jdk/internal/org/objectweb/asm/ClassReader done
Event: 1.910 Loading class sun/reflect/generics/scope/MethodScope
Event: 1.910 Loading class sun/reflect/generics/scope/MethodScope done
Event: 1.910 Loading class sun/reflect/generics/repository/MethodRepository
Event: 1.910 Loading class sun/reflect/generics/repository/MethodRepository done

Classes unloaded (0 events):
No events

Classes redefined (0 events):
No events

Internal exceptions (20 events):
Event: 0.850 Thread 0x0000026ca869e380 Exception <a 'java/lang/NoSuchMethodError'{0x000000008aee64c8}: 'void java.lang.invoke.DirectMethodHandle$Holder.invokeStatic(java.lang.Object, java.lang.Object, java.lang.Object)'> (0x000000008aee64c8) 
thrown [s\open\src\hotspot\share\interpreter\linkResolver.cpp, line 773]
Event: 0.904 Thread 0x0000026ca869e380 Exception <a 'java/lang/NoSuchMethodError'{0x000000008ac985e0}: 'java.lang.Object java.lang.invoke.DirectMethodHandle$Holder.invokeSpecialIFC(java.lang.Object, java.lang.Object, java.lang.Object, java.lang.Object)'> (0x000000008ac985e0) 
thrown [s\open\src\hotspot\share\interpreter\linkResolver.cpp, line 773]
Event: 1.129 Thread 0x0000026ca869e380 Exception <a 'java/lang/NoSuchMethodError'{0x000000008a7fd798}: 'void java.lang.invoke.DirectMethodHandle$Holder.invokeSpecial(java.lang.Object, java.lang.Object, java.lang.Object)'> (0x000000008a7fd798) 
thrown [s\open\src\hotspot\share\interpreter\linkResolver.cpp, line 773]
Event: 1.155 Thread 0x0000026ca869e380 Exception <a 'java/lang/NoSuchMethodError'{0x000000008a53e1a0}: 'java.lang.Object java.lang.invoke.DirectMethodHandle$Holder.invokeInterface(java.lang.Object, java.lang.Object)'> (0x000000008a53e1a0) 
thrown [s\open\src\hotspot\share\interpreter\linkResolver.cpp, line 773]
Event: 1.166 Thread 0x0000026ca869e380 Exception <a 'java/lang/NoSuchMethodError'{0x000000008a5cfa50}: 'int java.lang.invoke.DirectMethodHandle$Holder.invokeStatic(java.lang.Object, java.lang.Object, java.lang.Object, java.lang.Object)'> (0x000000008a5cfa50) 
thrown [s\open\src\hotspot\share\interpreter\linkResolver.cpp, line 773]
Event: 1.167 Thread 0x0000026ca869e380 Exception <a 'java/lang/NoSuchMethodError'{0x000000008a5d30d0}: 'java.lang.Object java.lang.invoke.Invokers$Holder.invokeExact_MT(java.lang.Object, java.lang.Object, java.lang.Object, java.lang.Object, java.lang.Object, java.lang.Object)'> (0x000000008a5d30d0) 
thrown [s\open\src\hotspot\share\interpreter\linkResolver.cpp, line 773]
Event: 1.168 Thread 0x0000026ca869e380 Exception <a 'java/lang/NoSuchMethodError'{0x000000008a5e1730}: 'int java.lang.invoke.DirectMethodHandle$Holder.invokeSpecialIFC(java.lang.Object, java.lang.Object, java.lang.Object, java.lang.Object, java.lang.Object)'> (0x000000008a5e1730) 
thrown [s\open\src\hotspot\share\interpreter\linkResolver.cpp, line 773]
Event: 1.202 Thread 0x0000026ca869e380 Exception <a 'java/lang/NoSuchMethodError'{0x000000008a357ab8}: 'java.lang.Object java.lang.invoke.DirectMethodHandle$Holder.newInvokeSpecial(java.lang.Object, java.lang.Object, java.lang.Object, java.lang.Object, java.lang.Object)'> (0x000000008a357ab8) 
thrown [s\open\src\hotspot\share\interpreter\linkResolver.cpp, line 773]
Event: 1.223 Thread 0x0000026ca869e380 Exception <a 'java/lang/NoSuchMethodError'{0x000000008a24daf0}: 'int java.lang.invoke.DirectMethodHandle$Holder.invokeStaticInit(java.lang.Object, java.lang.Object)'> (0x000000008a24daf0) 
thrown [s\open\src\hotspot\share\interpreter\linkResolver.cpp, line 773]
Event: 1.229 Thread 0x0000026ca869e380 Exception <a 'java/lang/NoClassDefFoundError'{0x000000008a282240}: javax/enterprise/inject/Typed> (0x000000008a282240) 
thrown [s\open\src\hotspot\share\classfile\systemDictionary.cpp, line 301]
Event: 1.818 Thread 0x0000026ca869e380 Exception <a 'java/lang/NoSuchMethodError'{0x000000008b253310}: 'void java.lang.invoke.DirectMethodHandle$Holder.invokeStaticInit(java.lang.Object, java.lang.Object, java.lang.Object)'> (0x000000008b253310) 
thrown [s\open\src\hotspot\share\interpreter\linkResolver.cpp, line 773]
Event: 1.821 Thread 0x0000026ca869e380 Exception <a 'java/lang/ExceptionInInitializerError'{0x000000008b27b1c0}> (0x000000008b27b1c0) 
thrown [s\open\src\hotspot\share\oops\instanceKlass.cpp, line 1180]
Event: 1.842 Thread 0x0000026ca869e380 Exception <a 'java/lang/NoSuchMethodError'{0x000000008b183708}: 'long java.lang.invoke.DirectMethodHandle$Holder.invokeStatic(java.lang.Object, java.lang.Object, int)'> (0x000000008b183708) 
thrown [s\open\src\hotspot\share\interpreter\linkResolver.cpp, line 773]
Event: 1.843 Thread 0x0000026ca869e380 Exception <a 'java/lang/NoSuchMethodError'{0x000000008b1967a0}: 'java.lang.Object java.lang.invoke.DirectMethodHandle$Holder.invokeStatic(java.lang.Object, java.lang.Object, java.lang.Object, java.lang.Object, int)'> (0x000000008b1967a0) 
thrown [s\open\src\hotspot\share\interpreter\linkResolver.cpp, line 773]
Event: 1.844 Thread 0x0000026ca869e380 Exception <a 'java/lang/NoSuchMethodError'{0x000000008b19e6b8}: 'java.lang.Object java.lang.invoke.DirectMethodHandle$Holder.invokeSpecial(java.lang.Object, java.lang.Object, java.lang.Object, java.lang.Object, long)'> (0x000000008b19e6b8) 
thrown [s\open\src\hotspot\share\interpreter\linkResolver.cpp, line 773]
Event: 1.845 Thread 0x0000026ca869e380 Exception <a 'java/lang/NoSuchMethodError'{0x000000008b1aa1a8}: 'java.lang.Object java.lang.invoke.DirectMethodHandle$Holder.invokeSpecial(java.lang.Object, java.lang.Object, java.lang.Object, int, java.lang.Object)'> (0x000000008b1aa1a8) 
thrown [s\open\src\hotspot\share\interpreter\linkResolver.cpp, line 773]
Event: 1.845 Thread 0x0000026ca869e380 Exception <a 'java/lang/NoSuchMethodError'{0x000000008b1b22c8}: 'int java.lang.invoke.DirectMethodHandle$Holder.invokeSpecial(java.lang.Object, java.lang.Object, java.lang.Object, int)'> (0x000000008b1b22c8) 
thrown [s\open\src\hotspot\share\interpreter\linkResolver.cpp, line 773]
Event: 1.847 Thread 0x0000026ca869e380 Implicit null exception at 0x0000026cba96cada to 0x0000026cba96ccb4
Event: 1.849 Thread 0x0000026ca869e380 Exception <a 'java/lang/NoSuchMethodError'{0x000000008b1d6720}: 'java.lang.Object java.lang.invoke.Invokers$Holder.invokeExact_MT(java.lang.Object, int, java.lang.Object)'> (0x000000008b1d6720) 
thrown [s\open\src\hotspot\share\interpreter\linkResolver.cpp, line 773]
Event: 1.854 Thread 0x0000026ca869e380 Exception <a 'java/lang/NoSuchMethodError'{0x000000008b047578}: 'void java.lang.invoke.DirectMethodHandle$Holder.invokeStatic(java.lang.Object, java.lang.Object)'> (0x000000008b047578) 
thrown [s\open\src\hotspot\share\interpreter\linkResolver.cpp, line 773]

ZGC Phase Switch (0 events):
No events

VM Operations (20 events):
Event: 1.132 Executing VM operation: Cleanup
Event: 1.132 Executing VM operation: Cleanup done
Event: 1.287 Executing VM operation: G1CollectForAllocation (G1 Evacuation Pause)
Event: 1.293 Executing VM operation: G1CollectForAllocation (G1 Evacuation Pause) done
Event: 1.566 Executing VM operation: HandshakeAllThreads (Deoptimize)
Event: 1.566 Executing VM operation: HandshakeAllThreads (Deoptimize) done
Event: 1.646 Executing VM operation: ICBufferFull
Event: 1.646 Executing VM operation: ICBufferFull done
Event: 1.684 Executing VM operation: HandshakeAllThreads (Deoptimize)
Event: 1.684 Executing VM operation: HandshakeAllThreads (Deoptimize) done
Event: 1.796 Executing VM operation: G1CollectForAllocation (G1 Evacuation Pause)
Event: 1.802 Executing VM operation: G1CollectForAllocation (G1 Evacuation Pause) done
Event: 1.826 Executing VM operation: HandshakeAllThreads (Deoptimize)
Event: 1.826 Executing VM operation: HandshakeAllThreads (Deoptimize) done
Event: 1.873 Executing VM operation: HandshakeAllThreads (Deoptimize)
Event: 1.873 Executing VM operation: HandshakeAllThreads (Deoptimize) done
Event: 1.874 Executing VM operation: HandshakeAllThreads (Deoptimize)
Event: 1.874 Executing VM operation: HandshakeAllThreads (Deoptimize) done
Event: 1.910 Executing VM operation: HandshakeAllThreads (Deoptimize)
Event: 1.910 Executing VM operation: HandshakeAllThreads (Deoptimize) done

Events (16 events):
Event: 0.017 Thread 0x0000026ca869e380 Thread added: 0x0000026ca869e380
Event: 0.029 Thread 0x0000026cc76e7150 Thread added: 0x0000026cc76e7150
Event: 0.030 Thread 0x0000026cc76e8eb0 Thread added: 0x0000026cc76e8eb0
Event: 0.030 Thread 0x0000026cc76eafa0 Thread added: 0x0000026cc76eafa0
Event: 0.030 Thread 0x0000026cc76ede60 Thread added: 0x0000026cc76ede60
Event: 0.030 Thread 0x0000026cc76f1ea0 Thread added: 0x0000026cc76f1ea0
Event: 0.030 Thread 0x0000026cc76f0b00 Thread added: 0x0000026cc76f0b00
Event: 0.030 Thread 0x0000026cc76fe930 Thread added: 0x0000026cc76fe930
Event: 0.030 Thread 0x0000026cc7702a00 Thread added: 0x0000026cc7702a00
Event: 0.039 Thread 0x0000026cc7972c20 Thread added: 0x0000026cc7972c20
Event: 0.042 Thread 0x0000026cc7973450 Thread added: 0x0000026cc7973450
Event: 0.078 Thread 0x0000026cc7a7aef0 Thread added: 0x0000026cc7a7aef0
Event: 0.819 Thread 0x0000026cc7a7aef0 Thread exited: 0x0000026cc7a7aef0
Event: 1.244 Thread 0x0000026d0d716780 Thread added: 0x0000026d0d716780
Event: 1.246 Thread 0x0000026d0d63d720 Thread added: 0x0000026d0d63d720
Event: 1.686 Thread 0x0000026d0d63d720 Thread exited: 0x0000026d0d63d720


Dynamic libraries:
0x00007ff6456b0000 - 0x00007ff6456c0000 	C:\Program Files\Java\jdk-21\bin\java.exe
0x00007ff86a030000 - 0x00007ff86a247000 	C:\WINDOWS\SYSTEM32\ntdll.dll
0x00007ff868950000 - 0x00007ff868a14000 	C:\WINDOWS\System32\KERNEL32.DLL
0x00007ff867560000 - 0x00007ff86790d000 	C:\WINDOWS\System32\KERNELBASE.dll
0x00007ff867360000 - 0x00007ff867471000 	C:\WINDOWS\System32\ucrtbase.dll
0x00007ff82f820000 - 0x00007ff82f83b000 	C:\Program Files\Java\jdk-21\bin\VCRUNTIME140.dll
0x00007ff80dbf0000 - 0x00007ff80dc09000 	C:\Program Files\Java\jdk-21\bin\jli.dll
0x00007ff868890000 - 0x00007ff868942000 	C:\WINDOWS\System32\ADVAPI32.dll
0x00007ff8694a0000 - 0x00007ff869547000 	C:\WINDOWS\System32\msvcrt.dll
0x00007ff868460000 - 0x00007ff868509000 	C:\WINDOWS\System32\sechost.dll
0x00007ff867530000 - 0x00007ff867558000 	C:\WINDOWS\System32\bcrypt.dll
0x00007ff869380000 - 0x00007ff869494000 	C:\WINDOWS\System32\RPCRT4.dll
0x00007ff868be0000 - 0x00007ff868d8e000 	C:\WINDOWS\System32\USER32.dll
0x00007ff867480000 - 0x00007ff8674a6000 	C:\WINDOWS\System32\win32u.dll
0x00007ff8506e0000 - 0x00007ff850973000 	C:\WINDOWS\WinSxS\amd64_microsoft.windows.common-controls_6595b64144ccf1df_6.0.22621.3672_none_2713b9d173822955\COMCTL32.dll
0x00007ff868670000 - 0x00007ff868699000 	C:\WINDOWS\System32\GDI32.dll
0x00007ff867ae0000 - 0x00007ff867bf9000 	C:\WINDOWS\System32\gdi32full.dll
0x00007ff867a40000 - 0x00007ff867ada000 	C:\WINDOWS\System32\msvcp_win.dll
0x00007ff863050000 - 0x00007ff86305a000 	C:\WINDOWS\SYSTEM32\VERSION.dll
0x00007ff8686a0000 - 0x00007ff8686d1000 	C:\WINDOWS\System32\IMM32.DLL
0x00007ff8524e0000 - 0x00007ff8524ec000 	C:\Program Files\Java\jdk-21\bin\vcruntime140_1.dll
0x00007ffff9bd0000 - 0x00007ffff9c5e000 	C:\Program Files\Java\jdk-21\bin\msvcp140.dll
0x00007ffff4f00000 - 0x00007ffff5c17000 	C:\Program Files\Java\jdk-21\bin\server\jvm.dll
0x00007ff868db0000 - 0x00007ff868e21000 	C:\WINDOWS\System32\WS2_32.dll
0x00007ff8661d0000 - 0x00007ff86621d000 	C:\WINDOWS\SYSTEM32\POWRPROF.dll
0x00007ff860a30000 - 0x00007ff860a64000 	C:\WINDOWS\SYSTEM32\WINMM.dll
0x00007ff8661a0000 - 0x00007ff8661b3000 	C:\WINDOWS\SYSTEM32\UMPDC.dll
0x00007ff8663c0000 - 0x00007ff8663d8000 	C:\WINDOWS\SYSTEM32\kernel.appcore.dll
0x00007ff846aa0000 - 0x00007ff846aaa000 	C:\Program Files\Java\jdk-21\bin\jimage.dll
0x00007ff864c40000 - 0x00007ff864e72000 	C:\WINDOWS\SYSTEM32\DBGHELP.DLL
0x00007ff868fe0000 - 0x00007ff869368000 	C:\WINDOWS\System32\combase.dll
0x00007ff868360000 - 0x00007ff868437000 	C:\WINDOWS\System32\OLEAUT32.dll
0x00007ff831dc0000 - 0x00007ff831df2000 	C:\WINDOWS\SYSTEM32\dbgcore.DLL
0x00007ff8674b0000 - 0x00007ff86752b000 	C:\WINDOWS\System32\bcryptPrimitives.dll
0x00007ff80d390000 - 0x00007ff80d3af000 	C:\Program Files\Java\jdk-21\bin\java.dll
0x00007ff869550000 - 0x00007ff869daf000 	C:\WINDOWS\System32\SHELL32.dll
0x00007ff865260000 - 0x00007ff865b5c000 	C:\WINDOWS\SYSTEM32\windows.storage.dll
0x00007ff865120000 - 0x00007ff86525f000 	C:\WINDOWS\SYSTEM32\wintypes.dll
0x00007ff868790000 - 0x00007ff868884000 	C:\WINDOWS\System32\SHCORE.dll
0x00007ff8685a0000 - 0x00007ff8685fe000 	C:\WINDOWS\System32\shlwapi.dll
0x00007ff867290000 - 0x00007ff8672b1000 	C:\WINDOWS\SYSTEM32\profapi.dll
0x00007ffff9af0000 - 0x00007ffff9bc7000 	C:\Program Files\Java\jdk-21\bin\jsvml.dll
0x00007ff845cb0000 - 0x00007ff845cc0000 	C:\Program Files\Java\jdk-21\bin\net.dll
0x00007ff862cb0000 - 0x00007ff862de6000 	C:\WINDOWS\SYSTEM32\WINHTTP.dll
0x00007ff8668f0000 - 0x00007ff866959000 	C:\WINDOWS\system32\mswsock.dll
0x00007fffff510000 - 0x00007fffff526000 	C:\Program Files\Java\jdk-21\bin\nio.dll
0x00007fffff400000 - 0x00007fffff418000 	C:\Program Files\Java\jdk-21\bin\zip.dll
0x0000000069ac0000 - 0x0000000069ae4000 	C:\Program Files\NetBeans-21\netbeans\java\maven\lib\jansi-native\Windows\x86_64\jansi.dll
0x00007ff83f0b0000 - 0x00007ff83f0c0000 	C:\Program Files\Java\jdk-21\bin\verify.dll

dbghelp: loaded successfully - version: 4.0.5 - missing functions: none
symbol engine: initialized successfully - sym options: 0x614 - pdb path: .;C:\Program Files\Java\jdk-21\bin;C:\WINDOWS\SYSTEM32;C:\WINDOWS\WinSxS\amd64_microsoft.windows.common-controls_6595b64144ccf1df_6.0.22621.3672_none_2713b9d173822955;C:\Program Files\Java\jdk-21\bin\server;C:\Program Files\NetBeans-21\netbeans\java\maven\lib\jansi-native\Windows\x86_64

VM Arguments:
jvm_args: -Dclassworlds.conf=C:\Program Files\NetBeans-21\netbeans\java\maven\bin\m2.conf -Dmaven.home=C:\Program Files\NetBeans-21\netbeans\java\maven -Dlibrary.jansi.path=C:\Program Files\NetBeans-21\netbeans\java\maven\lib\jansi-native -Dmaven.multiModuleProjectDirectory=C:\Project Java\MotorcycleRental 
java_command: org.codehaus.plexus.classworlds.launcher.Launcher -Dmaven.ext.class.path=C:\Program Files\NetBeans-21\netbeans\java\maven-nblib\netbeans-eventspy.jar --no-transfer-progress clean install
java_class_path (initial): C:\Program Files\NetBeans-21\netbeans\java\maven\boot\plexus-classworlds-2.7.0.jar
Launcher Type: SUN_STANDARD

[Global flags]
     intx CICompilerCount                          = 4                                         {product} {ergonomic}
     uint ConcGCThreads                            = 3                                         {product} {ergonomic}
     uint G1ConcRefinementThreads                  = 10                                        {product} {ergonomic}
   size_t G1HeapRegionSize                         = 1048576                                   {product} {ergonomic}
    uintx GCDrainStackTargetSize                   = 64                                        {product} {ergonomic}
   size_t InitialHeapSize                          = 132120576                                 {product} {ergonomic}
   size_t MarkStackSize                            = 4194304                                   {product} {ergonomic}
   size_t MaxHeapSize                              = 2090860544                                {product} {ergonomic}
   size_t MaxNewSize                               = 1254096896                                {product} {ergonomic}
   size_t MinHeapDeltaBytes                        = 1048576                                   {product} {ergonomic}
   size_t MinHeapSize                              = 8388608                                   {product} {ergonomic}
    uintx NonNMethodCodeHeapSize                   = 5839372                                {pd product} {ergonomic}
    uintx NonProfiledCodeHeapSize                  = 122909434                              {pd product} {ergonomic}
    uintx ProfiledCodeHeapSize                     = 122909434                              {pd product} {ergonomic}
    uintx ReservedCodeCacheSize                    = 251658240                              {pd product} {ergonomic}
     bool SegmentedCodeCache                       = true                                      {product} {ergonomic}
   size_t SoftMaxHeapSize                          = 2090860544                             {manageable} {ergonomic}
     bool UseCompressedOops                        = true                           {product lp64_product} {ergonomic}
     bool UseG1GC                                  = true                                      {product} {ergonomic}
     bool UseLargePagesIndividualAllocation        = false                                  {pd product} {ergonomic}

Logging:
Log output configuration:
 #0: stdout all=warning uptime,level,tags foldmultilines=false
 #1: stderr all=off uptime,level,tags foldmultilines=false

Environment Variables:
JAVA_HOME=C:\Program Files\Java\jdk-21
PATH=C:\Program Files\Common Files\Oracle\Java\javapath;C:\Program Files (x86)\Common Files\Oracle\Java\java8path;C:\Program Files (x86)\Common Files\Oracle\Java\javapath;C:\ProgramData\Oracle\Java\javapath;C:\Windows\system32;C:\Windows;C:\Windows\System32\Wbem;C:\Windows\System32\WindowsPowerShell\v1.0\;C:\Windows\System32\OpenSSH\;C:\Program Files (x86)\NVIDIA Corporation\PhysX\Common;C:\Program Files\NVIDIA Corporation\NVIDIA NvDLISR;C:\WINDOWS\system32;C:\WINDOWS;C:\WINDOWS\System32\Wbem;C:\WINDOWS\System32\WindowsPowerShell\v1.0\;C:\WINDOWS\System32\OpenSSH\;C:\Program Files\Microsoft SQL Server\Client SDK\ODBC\170\Tools\Binn\;C:\Program Files (x86)\Microsoft SQL Server\150\Tools\Binn\;C:\Program Files\Microsoft SQL Server\150\Tools\Binn\;C:\Program Files\Microsoft SQL Server\150\DTS\Binn\;C:\Program Files\Azure Data Studio\bin;C:\Program Files (x86)\Microsoft SQL Server\150\DTS\Binn\;C:\Program Files (x86)\Microsoft SQL Server\160\DTS\Binn\;C:\Program Files\dotnet\;C:\Program Files\Git\cmd;C:\Program Files\nodejs\;C:\Users\MINH TUAN\AppData\Local\Programs\Python\Python312\Scripts\;C:\Users\MINH TUAN\AppData\Local\Programs\Python\Python312\;C:\Users\MINH TUAN\AppData\Local\Programs\Python\Launcher\;C:\Users\MINH TUAN\AppData\Local\Microsoft\WindowsApps;;C:\Users\MINH TUAN\AppData\Local\Programs\Microsoft VS Code\bin;C:\Program Files\JetBrains\IntelliJ IDEA Community Edition 2023.1\bin;;C:\Program Files\Azure Data Studio\bin;C:\Users\MINH TUAN\.dotnet\tools;C:\Users\MINH TUAN\AppData\Roaming\npm
USERNAME=MINH TUAN
OS=Windows_NT
PROCESSOR_IDENTIFIER=Intel64 Family 6 Model 141 Stepping 1, GenuineIntel
TMP=C:\Users\MINHTU~1\AppData\Local\Temp
TEMP=C:\Users\MINHTU~1\AppData\Local\Temp




Periodic native trim disabled

---------------  S Y S T E M  ---------------

OS:
 Windows 11 , 64 bit Build 22621 (10.0.22621.3672)
OS uptime: 1 days 18:29 hours
Hyper-V role detected

CPU: total 12 (initial active 12) (6 cores per cpu, 2 threads per core) family 6 model 141 stepping 1 microcode 0x3c, cx8, cmov, fxsr, ht, mmx, 3dnowpref, sse, sse2, sse3, ssse3, sse4.1, sse4.2, popcnt, lzcnt, tsc, tscinvbit, avx, avx2, aes, erms, clmul, bmi1, bmi2, adx, avx512f, avx512dq, avx512cd, avx512bw, avx512vl, sha, fma, vzeroupper, avx512_vpopcntdq, avx512_vpclmulqdq, avx512_vaes, avx512_vnni, clflush, clflushopt, clwb, avx512_vbmi2, avx512_vbmi, hv, rdtscp, rdpid, fsrm, gfni, avx512_bitalg, f16c, cet_ibt, cet_ss, avx512_ifma
Processor Information for all 12 processors :
  Max Mhz: 2688, Current Mhz: 2688, Mhz Limit: 2688

Memory: 4k page, system-wide physical 7971M (516M free)
TotalPageFile size 32547M (AvailPageFile size 0M)
current process WorkingSet (physical memory assigned to process): 118M, peak: 118M
current process commit charge ("private bytes"): 250M, peak: 250M

vm_info: Java HotSpot(TM) 64-Bit Server VM (21.0.2+13-LTS-58) for windows-amd64 JRE (21.0.2+13-LTS-58), built on 2024-01-05T18:32:24Z by "mach5one" with MS VC++ 17.1 (VS2022)

END.
