#
# There is insufficient memory for the Java Runtime Environment to continue.
# Native memory allocation (mmap) failed to map 103809024 bytes for G1 virtual space
# Possible reasons:
#   The system is out of physical RAM or swap space
#   The process is running with CompressedOops enabled, and the Java Heap may be blocking the growth of the native heap
# Possible solutions:
#   Reduce memory load on the system
#   Increase physical memory or swap space
#   Check if swap backing store is full
#   Decrease Java heap size (-Xmx/-Xms)
#   Decrease number of Java threads
#   Decrease Java thread stack sizes (-Xss)
#   Set larger code cache with -XX:ReservedCodeCacheSize=
#   JVM is running with Unscaled Compressed Oops mode in which the Java heap is
#     placed in the first 4GB address space. The Java Heap base address is the
#     maximum limit for the native heap growth. Please use -XX:HeapBaseMinAddress
#     to set the Java Heap base and to place the Java Heap above 4GB virtual address.
# This output file may be truncated or incomplete.
#
#  Out of Memory Error (os_windows.cpp:3600), pid=36380, tid=40680
#
# JRE version: Java(TM) SE Runtime Environment (21.0.2+13) (build 21.0.2+13-LTS-58)
# Java VM: Java HotSpot(TM) 64-Bit Server VM (21.0.2+13-LTS-58, mixed mode, sharing, tiered, compressed oops, compressed class ptrs, g1 gc, windows-amd64)
# No core dump will be written. Minidumps are not enabled by default on client versions of Windows
#

---------------  S U M M A R Y ------------

Command Line: -Dclassworlds.conf=C:\Program Files\NetBeans-21\netbeans\java\maven\bin\m2.conf -Dmaven.home=C:\Program Files\NetBeans-21\netbeans\java\maven -Dlibrary.jansi.path=C:\Program Files\NetBeans-21\netbeans\java\maven\lib\jansi-native -Dmaven.multiModuleProjectDirectory=C:\Project Java\MotorcycleRental org.codehaus.plexus.classworlds.launcher.Launcher -Dmaven.ext.class.path=C:\Program Files\NetBeans-21\netbeans\java\maven-nblib\netbeans-eventspy.jar --no-transfer-progress install

Host: 11th Gen Intel(R) Core(TM) i5-11400H @ 2.70GHz, 12 cores, 7G,  Windows 11 , 64 bit Build 22621 (10.0.22621.3672)
Time: Mon Jul 15 12:53:17 2024 SE Asia Standard Time elapsed time: 6.877749 seconds (0d 0h 0m 6s)

---------------  T H R E A D  ---------------

Current thread (0x00000278f8e34860):  VMThread "VM Thread"          [id=40680, stack(0x000000a1d2000000,0x000000a1d2100000) (1024K)]

Stack: [0x000000a1d2000000,0x000000a1d2100000]
Native frames: (J=compiled Java code, j=interpreted, Vv=VM code, C=native code)
V  [jvm.dll+0x6cade9]
V  [jvm.dll+0x8569c1]
V  [jvm.dll+0x858d2e]
V  [jvm.dll+0x859413]
V  [jvm.dll+0x280e56]
V  [jvm.dll+0x6c74d5]
V  [jvm.dll+0x6bbeca]
V  [jvm.dll+0x355bca]
V  [jvm.dll+0x35d816]
V  [jvm.dll+0x3ae67e]
V  [jvm.dll+0x3ae928]
V  [jvm.dll+0x3295dc]
V  [jvm.dll+0x32be86]
V  [jvm.dll+0x335dde]
V  [jvm.dll+0x36c045]
V  [jvm.dll+0x85ef18]
V  [jvm.dll+0x860014]
V  [jvm.dll+0x860550]
V  [jvm.dll+0x8607f3]
V  [jvm.dll+0x7ff568]
V  [jvm.dll+0x6c953d]
C  [ucrtbase.dll+0x29333]
C  [KERNEL32.DLL+0x1257d]
C  [ntdll.dll+0x5af28]

VM_Operation (0x000000a1d1bff6e0): G1PauseRemark, mode: safepoint, requested by thread 0x00000278e9602850


---------------  P R O C E S S  ---------------

Threads class SMR info:
_java_thread_list=0x00000278d0aa4c70, length=11, elements={
0x00000278e93c5560, 0x00000278f8e50bb0, 0x00000278f8e51fd0, 0x00000278f8e57b10,
0x00000278f8e581a0, 0x00000278f8e55a40, 0x00000278f8e553b0, 0x00000278f8e61690,
0x00000278f8e6c360, 0x00000278f8e560d0, 0x00000278f8e58830
}

Java Threads: ( => current thread )
  0x00000278e93c5560 JavaThread "main"                              [_thread_blocked, id=5788, stack(0x000000a1d1900000,0x000000a1d1a00000) (1024K)]
  0x00000278f8e50bb0 JavaThread "Reference Handler"          daemon [_thread_blocked, id=30592, stack(0x000000a1d2100000,0x000000a1d2200000) (1024K)]
  0x00000278f8e51fd0 JavaThread "Finalizer"                  daemon [_thread_blocked, id=35784, stack(0x000000a1d2200000,0x000000a1d2300000) (1024K)]
  0x00000278f8e57b10 JavaThread "Signal Dispatcher"          daemon [_thread_blocked, id=16208, stack(0x000000a1d2300000,0x000000a1d2400000) (1024K)]
  0x00000278f8e581a0 JavaThread "Attach Listener"            daemon [_thread_blocked, id=38040, stack(0x000000a1d2400000,0x000000a1d2500000) (1024K)]
  0x00000278f8e55a40 JavaThread "Service Thread"             daemon [_thread_blocked, id=16460, stack(0x000000a1d2500000,0x000000a1d2600000) (1024K)]
  0x00000278f8e553b0 JavaThread "Monitor Deflation Thread"   daemon [_thread_blocked, id=41200, stack(0x000000a1d2600000,0x000000a1d2700000) (1024K)]
  0x00000278f8e61690 JavaThread "C2 CompilerThread0"         daemon [_thread_blocked, id=23764, stack(0x000000a1d2700000,0x000000a1d2800000) (1024K)]
  0x00000278f8e6c360 JavaThread "C1 CompilerThread0"         daemon [_thread_blocked, id=40576, stack(0x000000a1d2800000,0x000000a1d2900000) (1024K)]
  0x00000278f8e560d0 JavaThread "Notification Thread"        daemon [_thread_blocked, id=29860, stack(0x000000a1d2900000,0x000000a1d2a00000) (1024K)]
  0x00000278f8e58830 JavaThread "Common-Cleaner"             daemon [_thread_blocked, id=43252, stack(0x000000a1d2a00000,0x000000a1d2b00000) (1024K)]
Total: 11

Other Threads:
=>0x00000278f8e34860 VMThread "VM Thread"                           [id=40680, stack(0x000000a1d2000000,0x000000a1d2100000) (1024K)]
  0x00000278f8e1e640 WatcherThread "VM Periodic Task Thread"        [id=26936, stack(0x000000a1d1f00000,0x000000a1d2000000) (1024K)]
  0x00000278e95f1d80 WorkerThread "GC Thread#0"                     [id=42048, stack(0x000000a1d1a00000,0x000000a1d1b00000) (1024K)]
  0x00000278fe260f30 WorkerThread "GC Thread#1"                     [id=30884, stack(0x000000a1d2c00000,0x000000a1d2d00000) (1024K)]
  0x00000278fe109740 WorkerThread "GC Thread#2"                     [id=7548, stack(0x000000a1d2d00000,0x000000a1d2e00000) (1024K)]
  0x00000278fe965860 WorkerThread "GC Thread#3"                     [id=35904, stack(0x000000a1d2e00000,0x000000a1d2f00000) (1024K)]
  0x00000278fe965c00 WorkerThread "GC Thread#4"                     [id=20464, stack(0x000000a1d2f00000,0x000000a1d3000000) (1024K)]
  0x00000278fe965fa0 WorkerThread "GC Thread#5"                     [id=6472, stack(0x000000a1d3000000,0x000000a1d3100000) (1024K)]
  0x00000278fe4e26b0 WorkerThread "GC Thread#6"                     [id=34160, stack(0x000000a1d3100000,0x000000a1d3200000) (1024K)]
  0x00000278fe4e2a50 WorkerThread "GC Thread#7"                     [id=35012, stack(0x000000a1d3200000,0x000000a1d3300000) (1024K)]
  0x00000278fe4e9220 WorkerThread "GC Thread#8"                     [id=38608, stack(0x000000a1d3300000,0x000000a1d3400000) (1024K)]
  0x00000278fe8447f0 WorkerThread "GC Thread#9"                     [id=2544, stack(0x000000a1d3400000,0x000000a1d3500000) (1024K)]
  0x00000278e9602850 ConcurrentGCThread "G1 Main Marker"            [id=20052, stack(0x000000a1d1b00000,0x000000a1d1c00000) (1024K)]
  0x00000278e9603350 WorkerThread "G1 Conc#0"                       [id=36620, stack(0x000000a1d1c00000,0x000000a1d1d00000) (1024K)]
  0x00000278d0774e00 WorkerThread "G1 Conc#1"                       [id=3512, stack(0x000000a1d3500000,0x000000a1d3600000) (1024K)]
  0x00000278d0772280 WorkerThread "G1 Conc#2"                       [id=14720, stack(0x000000a1d3600000,0x000000a1d3700000) (1024K)]
  0x00000278e965a2c0 ConcurrentGCThread "G1 Refine#0"               [id=43832, stack(0x000000a1d1d00000,0x000000a1d1e00000) (1024K)]
  0x00000278e965ae30 ConcurrentGCThread "G1 Service"                [id=30432, stack(0x000000a1d1e00000,0x000000a1d1f00000) (1024K)]
Total: 18

Threads with active compile tasks:
C2 CompilerThread0     6893 6266   !   4       java.nio.CharBuffer::wrap (20 bytes)
Total: 1

VM state: at safepoint (normal execution)

VM Mutex/Monitor currently owned by a thread:  ([mutex/lock_event])
[0x00007ffff5b3cd68] Threads_lock - owner thread: 0x00000278f8e34860
[0x00007ffff5b3ce68] Heap_lock - owner thread: 0x00000278e9602850

Heap address: 0x0000000083600000, size: 1994 MB, Compressed Oops mode: 32-bit

CDS archive(s) mapped at: [0x000002788f000000-0x000002788fc90000-0x000002788fc90000), size 13172736, SharedBaseAddress: 0x000002788f000000, ArchiveRelocationMode: 1.
Compressed class space mapped at: 0x0000027890000000-0x00000278d0000000, reserved size: 1073741824
Narrow klass base: 0x000002788f000000, Narrow klass shift: 0, Narrow klass range: 0x100000000

GC Precious Log:
 CardTable entry size: 512
 Card Set container configuration: InlinePtr #cards 5 size 8 Array Of Cards #cards 12 size 40 Howl #buckets 4 coarsen threshold 1843 Howl Bitmap #cards 512 size 80 coarsen threshold 460 Card regions per heap region 1 cards per card region 2048
 CPUs: 12 total, 12 available
 Memory: 7971M
 Large Page Support: Disabled
 NUMA Support: Disabled
 Compressed Oops: Enabled (32-bit)
 Heap Region Size: 1M
 Heap Min Capacity: 8M
 Heap Initial Capacity: 126M
 Heap Max Capacity: 1994M
 Pre-touch: Disabled
 Parallel Workers: 10
 Concurrent Workers: 3
 Concurrent Refinement Workers: 10
 Periodic GC: Disabled

Heap:
 garbage-first heap   total 199680K, used 178651K [0x0000000083600000, 0x0000000100000000)
  region size 1024K, 2 young (2048K), 1 survivors (1024K)
 Metaspace       used 22383K, committed 22720K, reserved 1114112K
  class space    used 2436K, committed 2624K, reserved 1048576K

Heap Regions: E=young(eden), S=young(survivor), O=old, HS=humongous(starts), HC=humongous(continues), CS=collection set, F=free, TAMS=top-at-mark-start, PB=parsable bottom
|   0|0x0000000083600000, 0x0000000083700000, 0x0000000083700000|100%| O|  |TAMS 0x0000000083700000| PB 0x0000000083700000| Untracked 
|   1|0x0000000083700000, 0x0000000083800000, 0x0000000083800000|100%| O|  |TAMS 0x0000000083800000| PB 0x0000000083800000| Untracked 
|   2|0x0000000083800000, 0x0000000083900000, 0x0000000083900000|100%| O|  |TAMS 0x0000000083900000| PB 0x0000000083900000| Untracked 
|   3|0x0000000083900000, 0x0000000083a00000, 0x0000000083a00000|100%| O|  |TAMS 0x0000000083a00000| PB 0x0000000083a00000| Untracked 
|   4|0x0000000083a00000, 0x0000000083b00000, 0x0000000083b00000|100%| O|  |TAMS 0x0000000083b00000| PB 0x0000000083b00000| Untracked 
|   5|0x0000000083b00000, 0x0000000083c00000, 0x0000000083c00000|100%| O|  |TAMS 0x0000000083c00000| PB 0x0000000083c00000| Untracked 
|   6|0x0000000083c00000, 0x0000000083d00000, 0x0000000083d00000|100%| O|  |TAMS 0x0000000083d00000| PB 0x0000000083d00000| Untracked 
|   7|0x0000000083d00000, 0x0000000083e00000, 0x0000000083e00000|100%| O|  |TAMS 0x0000000083e00000| PB 0x0000000083e00000| Untracked 
|   8|0x0000000083e00000, 0x0000000083f00000, 0x0000000083f00000|100%| O|  |TAMS 0x0000000083f00000| PB 0x0000000083f00000| Untracked 
|   9|0x0000000083f00000, 0x0000000084000000, 0x0000000084000000|100%| O|  |TAMS 0x0000000084000000| PB 0x0000000084000000| Untracked 
|  10|0x0000000084000000, 0x0000000084100000, 0x0000000084100000|100%| O|  |TAMS 0x0000000084100000| PB 0x0000000084100000| Updating 
|  11|0x0000000084100000, 0x0000000084200000, 0x0000000084200000|100%| O|  |TAMS 0x0000000084200000| PB 0x0000000084200000| Updating 
|  12|0x0000000084200000, 0x0000000084300000, 0x0000000084300000|100%| O|  |TAMS 0x0000000084300000| PB 0x0000000084300000| Untracked 
|  13|0x0000000084300000, 0x0000000084400000, 0x0000000084400000|100%| O|  |TAMS 0x0000000084400000| PB 0x0000000084400000| Untracked 
|  14|0x0000000084400000, 0x0000000084400000, 0x0000000084500000|  0%| F|  |TAMS 0x0000000084400000| PB 0x0000000084400000| Untracked 
|  15|0x0000000084500000, 0x0000000084500000, 0x0000000084600000|  0%| F|  |TAMS 0x0000000084500000| PB 0x0000000084500000| Untracked 
|  16|0x0000000084600000, 0x0000000084600000, 0x0000000084700000|  0%| F|  |TAMS 0x0000000084600000| PB 0x0000000084600000| Untracked 
|  17|0x0000000084700000, 0x0000000084700000, 0x0000000084800000|  0%| F|  |TAMS 0x0000000084700000| PB 0x0000000084700000| Untracked 
|  18|0x0000000084800000, 0x0000000084800000, 0x0000000084900000|  0%| F|  |TAMS 0x0000000084800000| PB 0x0000000084800000| Untracked 
|  19|0x0000000084900000, 0x0000000084a00000, 0x0000000084a00000|100%|HS|  |TAMS 0x0000000084a00000| PB 0x0000000084900000| Complete 
|  20|0x0000000084a00000, 0x0000000084b00000, 0x0000000084b00000|100%|HS|  |TAMS 0x0000000084b00000| PB 0x0000000084a00000| Complete 
|  21|0x0000000084b00000, 0x0000000084c00000, 0x0000000084c00000|100%|HS|  |TAMS 0x0000000084c00000| PB 0x0000000084b00000| Complete 
|  22|0x0000000084c00000, 0x0000000084d00000, 0x0000000084d00000|100%|HS|  |TAMS 0x0000000084d00000| PB 0x0000000084c00000| Complete 
|  23|0x0000000084d00000, 0x0000000084e00000, 0x0000000084e00000|100%|HS|  |TAMS 0x0000000084e00000| PB 0x0000000084d00000| Complete 
|  24|0x0000000084e00000, 0x0000000084f00000, 0x0000000084f00000|100%|HS|  |TAMS 0x0000000084f00000| PB 0x0000000084e00000| Complete 
|  25|0x0000000084f00000, 0x0000000085000000, 0x0000000085000000|100%|HS|  |TAMS 0x0000000085000000| PB 0x0000000084f00000| Complete 
|  26|0x0000000085000000, 0x0000000085100000, 0x0000000085100000|100%|HS|  |TAMS 0x0000000085100000| PB 0x0000000085000000| Complete 
|  27|0x0000000085100000, 0x0000000085200000, 0x0000000085200000|100%|HS|  |TAMS 0x0000000085200000| PB 0x0000000085100000| Complete 
|  28|0x0000000085200000, 0x0000000085300000, 0x0000000085300000|100%|HS|  |TAMS 0x0000000085300000| PB 0x0000000085200000| Complete 
|  29|0x0000000085300000, 0x0000000085400000, 0x0000000085400000|100%|HS|  |TAMS 0x0000000085400000| PB 0x0000000085300000| Complete 
|  30|0x0000000085400000, 0x0000000085500000, 0x0000000085500000|100%|HS|  |TAMS 0x0000000085500000| PB 0x0000000085400000| Complete 
|  31|0x0000000085500000, 0x0000000085600000, 0x0000000085600000|100%|HS|  |TAMS 0x0000000085600000| PB 0x0000000085500000| Complete 
|  32|0x0000000085600000, 0x0000000085700000, 0x0000000085700000|100%|HC|  |TAMS 0x0000000085700000| PB 0x0000000085600000| Complete 
|  33|0x0000000085700000, 0x0000000085800000, 0x0000000085800000|100%|HS|  |TAMS 0x0000000085800000| PB 0x0000000085700000| Complete 
|  34|0x0000000085800000, 0x0000000085900000, 0x0000000085900000|100%|HC|  |TAMS 0x0000000085900000| PB 0x0000000085800000| Complete 
|  35|0x0000000085900000, 0x0000000085a00000, 0x0000000085a00000|100%|HS|  |TAMS 0x0000000085a00000| PB 0x0000000085900000| Complete 
|  36|0x0000000085a00000, 0x0000000085b00000, 0x0000000085b00000|100%|HC|  |TAMS 0x0000000085b00000| PB 0x0000000085a00000| Complete 
|  37|0x0000000085b00000, 0x0000000085c00000, 0x0000000085c00000|100%|HS|  |TAMS 0x0000000085c00000| PB 0x0000000085b00000| Complete 
|  38|0x0000000085c00000, 0x0000000085d00000, 0x0000000085d00000|100%|HC|  |TAMS 0x0000000085d00000| PB 0x0000000085c00000| Complete 
|  39|0x0000000085d00000, 0x0000000085e00000, 0x0000000085e00000|100%|HS|  |TAMS 0x0000000085e00000| PB 0x0000000085d00000| Complete 
|  40|0x0000000085e00000, 0x0000000085f00000, 0x0000000085f00000|100%|HC|  |TAMS 0x0000000085f00000| PB 0x0000000085e00000| Complete 
|  41|0x0000000085f00000, 0x0000000086000000, 0x0000000086000000|100%|HS|  |TAMS 0x0000000086000000| PB 0x0000000085f00000| Complete 
|  42|0x0000000086000000, 0x0000000086100000, 0x0000000086100000|100%|HC|  |TAMS 0x0000000086100000| PB 0x0000000086000000| Complete 
|  43|0x0000000086100000, 0x0000000086200000, 0x0000000086200000|100%|HS|  |TAMS 0x0000000086200000| PB 0x0000000086100000| Complete 
|  44|0x0000000086200000, 0x0000000086300000, 0x0000000086300000|100%|HC|  |TAMS 0x0000000086300000| PB 0x0000000086200000| Complete 
|  45|0x0000000086300000, 0x0000000086400000, 0x0000000086400000|100%|HS|  |TAMS 0x0000000086400000| PB 0x0000000086300000| Complete 
|  46|0x0000000086400000, 0x0000000086500000, 0x0000000086500000|100%|HC|  |TAMS 0x0000000086500000| PB 0x0000000086400000| Complete 
|  47|0x0000000086500000, 0x0000000086600000, 0x0000000086600000|100%|HS|  |TAMS 0x0000000086600000| PB 0x0000000086500000| Complete 
|  48|0x0000000086600000, 0x0000000086700000, 0x0000000086700000|100%|HC|  |TAMS 0x0000000086700000| PB 0x0000000086600000| Complete 
|  49|0x0000000086700000, 0x0000000086800000, 0x0000000086800000|100%|HS|  |TAMS 0x0000000086800000| PB 0x0000000086700000| Complete 
|  50|0x0000000086800000, 0x0000000086900000, 0x0000000086900000|100%|HC|  |TAMS 0x0000000086900000| PB 0x0000000086800000| Complete 
|  51|0x0000000086900000, 0x0000000086a00000, 0x0000000086a00000|100%|HS|  |TAMS 0x0000000086a00000| PB 0x0000000086900000| Complete 
|  52|0x0000000086a00000, 0x0000000086b00000, 0x0000000086b00000|100%|HC|  |TAMS 0x0000000086b00000| PB 0x0000000086a00000| Complete 
|  53|0x0000000086b00000, 0x0000000086c00000, 0x0000000086c00000|100%|HC|  |TAMS 0x0000000086c00000| PB 0x0000000086b00000| Complete 
|  54|0x0000000086c00000, 0x0000000086d00000, 0x0000000086d00000|100%|HC|  |TAMS 0x0000000086d00000| PB 0x0000000086c00000| Complete 
|  55|0x0000000086d00000, 0x0000000086e00000, 0x0000000086e00000|100%|HS|  |TAMS 0x0000000086e00000| PB 0x0000000086d00000| Complete 
|  56|0x0000000086e00000, 0x0000000086f00000, 0x0000000086f00000|100%|HC|  |TAMS 0x0000000086f00000| PB 0x0000000086e00000| Complete 
|  57|0x0000000086f00000, 0x0000000087000000, 0x0000000087000000|100%|HS|  |TAMS 0x0000000087000000| PB 0x0000000086f00000| Complete 
|  58|0x0000000087000000, 0x0000000087100000, 0x0000000087100000|100%|HC|  |TAMS 0x0000000087100000| PB 0x0000000087000000| Complete 
|  59|0x0000000087100000, 0x0000000087200000, 0x0000000087200000|100%|HC|  |TAMS 0x0000000087200000| PB 0x0000000087100000| Complete 
|  60|0x0000000087200000, 0x0000000087300000, 0x0000000087300000|100%|HC|  |TAMS 0x0000000087300000| PB 0x0000000087200000| Complete 
|  61|0x0000000087300000, 0x0000000087300000, 0x0000000087400000|  0%| F|  |TAMS 0x0000000087300000| PB 0x0000000087300000| Untracked 
|  62|0x0000000087400000, 0x0000000087500000, 0x0000000087500000|100%|HS|  |TAMS 0x0000000087500000| PB 0x0000000087400000| Complete 
|  63|0x0000000087500000, 0x0000000087600000, 0x0000000087600000|100%|HC|  |TAMS 0x0000000087600000| PB 0x0000000087500000| Complete 
|  64|0x0000000087600000, 0x0000000087600000, 0x0000000087700000|  0%| F|  |TAMS 0x0000000087600000| PB 0x0000000087600000| Untracked 
|  65|0x0000000087700000, 0x0000000087700000, 0x0000000087800000|  0%| F|  |TAMS 0x0000000087700000| PB 0x0000000087700000| Untracked 
|  66|0x0000000087800000, 0x0000000087800000, 0x0000000087900000|  0%| F|  |TAMS 0x0000000087800000| PB 0x0000000087800000| Untracked 
|  67|0x0000000087900000, 0x0000000087979860, 0x0000000087a00000| 47%| S|CS|TAMS 0x0000000087900000| PB 0x0000000087900000| Complete 
|  68|0x0000000087a00000, 0x0000000087a00000, 0x0000000087b00000|  0%| F|  |TAMS 0x0000000087a00000| PB 0x0000000087a00000| Untracked 
|  69|0x0000000087b00000, 0x0000000087b00000, 0x0000000087c00000|  0%| F|  |TAMS 0x0000000087b00000| PB 0x0000000087b00000| Untracked 
|  70|0x0000000087c00000, 0x0000000087c00000, 0x0000000087d00000|  0%| F|  |TAMS 0x0000000087c00000| PB 0x0000000087c00000| Untracked 
|  71|0x0000000087d00000, 0x0000000087e00000, 0x0000000087e00000|100%|HS|  |TAMS 0x0000000087e00000| PB 0x0000000087d00000| Complete 
|  72|0x0000000087e00000, 0x0000000087f00000, 0x0000000087f00000|100%|HC|  |TAMS 0x0000000087f00000| PB 0x0000000087e00000| Complete 
|  73|0x0000000087f00000, 0x0000000088000000, 0x0000000088000000|100%|HC|  |TAMS 0x0000000088000000| PB 0x0000000087f00000| Complete 
|  74|0x0000000088000000, 0x0000000088100000, 0x0000000088100000|100%|HC|  |TAMS 0x0000000088100000| PB 0x0000000088000000| Complete 
|  75|0x0000000088100000, 0x0000000088200000, 0x0000000088200000|100%|HS|  |TAMS 0x0000000088200000| PB 0x0000000088100000| Complete 
|  76|0x0000000088200000, 0x0000000088300000, 0x0000000088300000|100%|HC|  |TAMS 0x0000000088300000| PB 0x0000000088200000| Complete 
|  77|0x0000000088300000, 0x0000000088400000, 0x0000000088400000|100%|HC|  |TAMS 0x0000000088400000| PB 0x0000000088300000| Complete 
|  78|0x0000000088400000, 0x0000000088500000, 0x0000000088500000|100%|HC|  |TAMS 0x0000000088500000| PB 0x0000000088400000| Complete 
|  79|0x0000000088500000, 0x0000000088600000, 0x0000000088600000|100%|HS|  |TAMS 0x0000000088600000| PB 0x0000000088500000| Complete 
|  80|0x0000000088600000, 0x0000000088700000, 0x0000000088700000|100%|HC|  |TAMS 0x0000000088700000| PB 0x0000000088600000| Complete 
|  81|0x0000000088700000, 0x0000000088800000, 0x0000000088800000|100%|HC|  |TAMS 0x0000000088800000| PB 0x0000000088700000| Complete 
|  82|0x0000000088800000, 0x0000000088900000, 0x0000000088900000|100%|HC|  |TAMS 0x0000000088900000| PB 0x0000000088800000| Complete 
|  83|0x0000000088900000, 0x0000000088a00000, 0x0000000088a00000|100%|HS|  |TAMS 0x0000000088a00000| PB 0x0000000088900000| Complete 
|  84|0x0000000088a00000, 0x0000000088b00000, 0x0000000088b00000|100%|HC|  |TAMS 0x0000000088b00000| PB 0x0000000088a00000| Complete 
|  85|0x0000000088b00000, 0x0000000088c00000, 0x0000000088c00000|100%|HC|  |TAMS 0x0000000088c00000| PB 0x0000000088b00000| Complete 
|  86|0x0000000088c00000, 0x0000000088d00000, 0x0000000088d00000|100%|HC|  |TAMS 0x0000000088d00000| PB 0x0000000088c00000| Complete 
|  87|0x0000000088d00000, 0x0000000088e00000, 0x0000000088e00000|100%|HS|  |TAMS 0x0000000088e00000| PB 0x0000000088d00000| Complete 
|  88|0x0000000088e00000, 0x0000000088f00000, 0x0000000088f00000|100%|HC|  |TAMS 0x0000000088f00000| PB 0x0000000088e00000| Complete 
|  89|0x0000000088f00000, 0x0000000089000000, 0x0000000089000000|100%|HC|  |TAMS 0x0000000089000000| PB 0x0000000088f00000| Complete 
|  90|0x0000000089000000, 0x0000000089100000, 0x0000000089100000|100%|HC|  |TAMS 0x0000000089100000| PB 0x0000000089000000| Complete 
|  91|0x0000000089100000, 0x0000000089200000, 0x0000000089200000|100%|HS|  |TAMS 0x0000000089200000| PB 0x0000000089100000| Complete 
|  92|0x0000000089200000, 0x0000000089300000, 0x0000000089300000|100%|HC|  |TAMS 0x0000000089300000| PB 0x0000000089200000| Complete 
|  93|0x0000000089300000, 0x0000000089400000, 0x0000000089400000|100%|HC|  |TAMS 0x0000000089400000| PB 0x0000000089300000| Complete 
|  94|0x0000000089400000, 0x0000000089500000, 0x0000000089500000|100%|HC|  |TAMS 0x0000000089500000| PB 0x0000000089400000| Complete 
|  95|0x0000000089500000, 0x0000000089600000, 0x0000000089600000|100%|HS|  |TAMS 0x0000000089600000| PB 0x0000000089500000| Complete 
|  96|0x0000000089600000, 0x0000000089700000, 0x0000000089700000|100%|HC|  |TAMS 0x0000000089700000| PB 0x0000000089600000| Complete 
|  97|0x0000000089700000, 0x0000000089800000, 0x0000000089800000|100%|HC|  |TAMS 0x0000000089800000| PB 0x0000000089700000| Complete 
|  98|0x0000000089800000, 0x0000000089900000, 0x0000000089900000|100%|HC|  |TAMS 0x0000000089900000| PB 0x0000000089800000| Complete 
|  99|0x0000000089900000, 0x0000000089a00000, 0x0000000089a00000|100%|HS|  |TAMS 0x0000000089a00000| PB 0x0000000089900000| Complete 
| 100|0x0000000089a00000, 0x0000000089b00000, 0x0000000089b00000|100%|HC|  |TAMS 0x0000000089b00000| PB 0x0000000089a00000| Complete 
| 101|0x0000000089b00000, 0x0000000089c00000, 0x0000000089c00000|100%|HC|  |TAMS 0x0000000089c00000| PB 0x0000000089b00000| Complete 
| 102|0x0000000089c00000, 0x0000000089d00000, 0x0000000089d00000|100%|HC|  |TAMS 0x0000000089d00000| PB 0x0000000089c00000| Complete 
| 103|0x0000000089d00000, 0x0000000089d00000, 0x0000000089e00000|  0%| F|  |TAMS 0x0000000089d00000| PB 0x0000000089d00000| Untracked 
| 104|0x0000000089e00000, 0x0000000089e00000, 0x0000000089f00000|  0%| F|  |TAMS 0x0000000089e00000| PB 0x0000000089e00000| Untracked 
| 105|0x0000000089f00000, 0x0000000089f00000, 0x000000008a000000|  0%| F|  |TAMS 0x0000000089f00000| PB 0x0000000089f00000| Untracked 
| 106|0x000000008a000000, 0x000000008a000000, 0x000000008a100000|  0%| F|  |TAMS 0x000000008a000000| PB 0x000000008a000000| Untracked 
| 107|0x000000008a100000, 0x000000008a200000, 0x000000008a200000|100%|HS|  |TAMS 0x000000008a200000| PB 0x000000008a100000| Complete 
| 108|0x000000008a200000, 0x000000008a300000, 0x000000008a300000|100%|HC|  |TAMS 0x000000008a300000| PB 0x000000008a200000| Complete 
| 109|0x000000008a300000, 0x000000008a400000, 0x000000008a400000|100%|HC|  |TAMS 0x000000008a400000| PB 0x000000008a300000| Complete 
| 110|0x000000008a400000, 0x000000008a500000, 0x000000008a500000|100%|HC|  |TAMS 0x000000008a500000| PB 0x000000008a400000| Complete 
| 111|0x000000008a500000, 0x000000008a600000, 0x000000008a600000|100%|HS|  |TAMS 0x000000008a600000| PB 0x000000008a500000| Complete 
| 112|0x000000008a600000, 0x000000008a700000, 0x000000008a700000|100%|HC|  |TAMS 0x000000008a700000| PB 0x000000008a600000| Complete 
| 113|0x000000008a700000, 0x000000008a800000, 0x000000008a800000|100%|HC|  |TAMS 0x000000008a800000| PB 0x000000008a700000| Complete 
| 114|0x000000008a800000, 0x000000008a900000, 0x000000008a900000|100%|HC|  |TAMS 0x000000008a900000| PB 0x000000008a800000| Complete 
| 115|0x000000008a900000, 0x000000008aa00000, 0x000000008aa00000|100%|HS|  |TAMS 0x000000008aa00000| PB 0x000000008a900000| Complete 
| 116|0x000000008aa00000, 0x000000008ab00000, 0x000000008ab00000|100%|HC|  |TAMS 0x000000008ab00000| PB 0x000000008aa00000| Complete 
| 117|0x000000008ab00000, 0x000000008ac00000, 0x000000008ac00000|100%|HC|  |TAMS 0x000000008ac00000| PB 0x000000008ab00000| Complete 
| 118|0x000000008ac00000, 0x000000008ad00000, 0x000000008ad00000|100%|HC|  |TAMS 0x000000008ad00000| PB 0x000000008ac00000| Complete 
| 119|0x000000008ad00000, 0x000000008ae00000, 0x000000008ae00000|100%|HC|  |TAMS 0x000000008ae00000| PB 0x000000008ad00000| Complete 
| 120|0x000000008ae00000, 0x000000008af00000, 0x000000008af00000|100%|HC|  |TAMS 0x000000008af00000| PB 0x000000008ae00000| Complete 
| 121|0x000000008af00000, 0x000000008b000000, 0x000000008b000000|100%|HC|  |TAMS 0x000000008b000000| PB 0x000000008af00000| Complete 
| 122|0x000000008b000000, 0x000000008b000000, 0x000000008b100000|  0%| F|  |TAMS 0x000000008b000000| PB 0x000000008b000000| Untracked 
| 123|0x000000008b100000, 0x000000008b100000, 0x000000008b200000|  0%| F|  |TAMS 0x000000008b100000| PB 0x000000008b100000| Untracked 
| 124|0x000000008b200000, 0x000000008b200000, 0x000000008b300000|  0%| F|  |TAMS 0x000000008b200000| PB 0x000000008b200000| Untracked 
| 125|0x000000008b300000, 0x000000008b3ccf90, 0x000000008b400000| 80%| E|  |TAMS 0x000000008b300000| PB 0x000000008b300000| Complete 
| 126|0x000000008b400000, 0x000000008b500000, 0x000000008b500000|100%|HS|  |TAMS 0x000000008b500000| PB 0x000000008b400000| Complete 
| 127|0x000000008b500000, 0x000000008b600000, 0x000000008b600000|100%|HC|  |TAMS 0x000000008b600000| PB 0x000000008b500000| Complete 
| 128|0x000000008b600000, 0x000000008b700000, 0x000000008b700000|100%|HC|  |TAMS 0x000000008b700000| PB 0x000000008b600000| Complete 
| 129|0x000000008b700000, 0x000000008b800000, 0x000000008b800000|100%|HC|  |TAMS 0x000000008b800000| PB 0x000000008b700000| Complete 
| 130|0x000000008b800000, 0x000000008b900000, 0x000000008b900000|100%|HC|  |TAMS 0x000000008b900000| PB 0x000000008b800000| Complete 
| 131|0x000000008b900000, 0x000000008ba00000, 0x000000008ba00000|100%|HC|  |TAMS 0x000000008ba00000| PB 0x000000008b900000| Complete 
| 132|0x000000008ba00000, 0x000000008bb00000, 0x000000008bb00000|100%|HC|  |TAMS 0x000000008bb00000| PB 0x000000008ba00000| Complete 
| 133|0x000000008bb00000, 0x000000008bc00000, 0x000000008bc00000|100%|HS|  |TAMS 0x000000008bc00000| PB 0x000000008bb00000| Complete 
| 134|0x000000008bc00000, 0x000000008bd00000, 0x000000008bd00000|100%|HC|  |TAMS 0x000000008bd00000| PB 0x000000008bc00000| Complete 
| 135|0x000000008bd00000, 0x000000008be00000, 0x000000008be00000|100%|HC|  |TAMS 0x000000008be00000| PB 0x000000008bd00000| Complete 
| 136|0x000000008be00000, 0x000000008bf00000, 0x000000008bf00000|100%|HC|  |TAMS 0x000000008bf00000| PB 0x000000008be00000| Complete 
| 137|0x000000008bf00000, 0x000000008c000000, 0x000000008c000000|100%|HC|  |TAMS 0x000000008c000000| PB 0x000000008bf00000| Complete 
| 138|0x000000008c000000, 0x000000008c100000, 0x000000008c100000|100%|HC|  |TAMS 0x000000008c100000| PB 0x000000008c000000| Complete 
| 139|0x000000008c100000, 0x000000008c200000, 0x000000008c200000|100%|HC|  |TAMS 0x000000008c200000| PB 0x000000008c100000| Complete 
| 140|0x000000008c200000, 0x000000008c300000, 0x000000008c300000|100%|HS|  |TAMS 0x000000008c300000| PB 0x000000008c200000| Complete 
| 141|0x000000008c300000, 0x000000008c400000, 0x000000008c400000|100%|HC|  |TAMS 0x000000008c400000| PB 0x000000008c300000| Complete 
| 142|0x000000008c400000, 0x000000008c500000, 0x000000008c500000|100%|HC|  |TAMS 0x000000008c500000| PB 0x000000008c400000| Complete 
| 143|0x000000008c500000, 0x000000008c600000, 0x000000008c600000|100%|HC|  |TAMS 0x000000008c600000| PB 0x000000008c500000| Complete 
| 144|0x000000008c600000, 0x000000008c700000, 0x000000008c700000|100%|HC|  |TAMS 0x000000008c700000| PB 0x000000008c600000| Complete 
| 145|0x000000008c700000, 0x000000008c800000, 0x000000008c800000|100%|HC|  |TAMS 0x000000008c800000| PB 0x000000008c700000| Complete 
| 146|0x000000008c800000, 0x000000008c900000, 0x000000008c900000|100%|HC|  |TAMS 0x000000008c900000| PB 0x000000008c800000| Complete 
| 147|0x000000008c900000, 0x000000008ca00000, 0x000000008ca00000|100%|HS|  |TAMS 0x000000008ca00000| PB 0x000000008c900000| Complete 
| 148|0x000000008ca00000, 0x000000008cb00000, 0x000000008cb00000|100%|HC|  |TAMS 0x000000008cb00000| PB 0x000000008ca00000| Complete 
| 149|0x000000008cb00000, 0x000000008cc00000, 0x000000008cc00000|100%|HC|  |TAMS 0x000000008cc00000| PB 0x000000008cb00000| Complete 
| 150|0x000000008cc00000, 0x000000008cd00000, 0x000000008cd00000|100%|HC|  |TAMS 0x000000008cd00000| PB 0x000000008cc00000| Complete 
| 151|0x000000008cd00000, 0x000000008ce00000, 0x000000008ce00000|100%|HC|  |TAMS 0x000000008ce00000| PB 0x000000008cd00000| Complete 
| 152|0x000000008ce00000, 0x000000008cf00000, 0x000000008cf00000|100%|HC|  |TAMS 0x000000008cf00000| PB 0x000000008ce00000| Complete 
| 153|0x000000008cf00000, 0x000000008d000000, 0x000000008d000000|100%|HC|  |TAMS 0x000000008d000000| PB 0x000000008cf00000| Complete 
| 154|0x000000008d000000, 0x000000008d100000, 0x000000008d100000|100%|HS|  |TAMS 0x000000008d100000| PB 0x000000008d000000| Complete 
| 155|0x000000008d100000, 0x000000008d200000, 0x000000008d200000|100%|HC|  |TAMS 0x000000008d200000| PB 0x000000008d100000| Complete 
| 156|0x000000008d200000, 0x000000008d300000, 0x000000008d300000|100%|HC|  |TAMS 0x000000008d300000| PB 0x000000008d200000| Complete 
| 157|0x000000008d300000, 0x000000008d400000, 0x000000008d400000|100%|HC|  |TAMS 0x000000008d400000| PB 0x000000008d300000| Complete 
| 158|0x000000008d400000, 0x000000008d500000, 0x000000008d500000|100%|HC|  |TAMS 0x000000008d500000| PB 0x000000008d400000| Complete 
| 159|0x000000008d500000, 0x000000008d600000, 0x000000008d600000|100%|HC|  |TAMS 0x000000008d600000| PB 0x000000008d500000| Complete 
| 160|0x000000008d600000, 0x000000008d700000, 0x000000008d700000|100%|HC|  |TAMS 0x000000008d700000| PB 0x000000008d600000| Complete 
| 161|0x000000008d700000, 0x000000008d800000, 0x000000008d800000|100%|HS|  |TAMS 0x000000008d800000| PB 0x000000008d700000| Complete 
| 162|0x000000008d800000, 0x000000008d900000, 0x000000008d900000|100%|HC|  |TAMS 0x000000008d900000| PB 0x000000008d800000| Complete 
| 163|0x000000008d900000, 0x000000008da00000, 0x000000008da00000|100%|HC|  |TAMS 0x000000008da00000| PB 0x000000008d900000| Complete 
| 164|0x000000008da00000, 0x000000008db00000, 0x000000008db00000|100%|HC|  |TAMS 0x000000008db00000| PB 0x000000008da00000| Complete 
| 165|0x000000008db00000, 0x000000008dc00000, 0x000000008dc00000|100%|HC|  |TAMS 0x000000008dc00000| PB 0x000000008db00000| Complete 
| 166|0x000000008dc00000, 0x000000008dd00000, 0x000000008dd00000|100%|HC|  |TAMS 0x000000008dd00000| PB 0x000000008dc00000| Complete 
| 167|0x000000008dd00000, 0x000000008de00000, 0x000000008de00000|100%|HC|  |TAMS 0x000000008de00000| PB 0x000000008dd00000| Complete 
| 168|0x000000008de00000, 0x000000008df00000, 0x000000008df00000|100%|HS|  |TAMS 0x000000008df00000| PB 0x000000008de00000| Complete 
| 169|0x000000008df00000, 0x000000008e000000, 0x000000008e000000|100%|HC|  |TAMS 0x000000008e000000| PB 0x000000008df00000| Complete 
| 170|0x000000008e000000, 0x000000008e100000, 0x000000008e100000|100%|HC|  |TAMS 0x000000008e100000| PB 0x000000008e000000| Complete 
| 171|0x000000008e100000, 0x000000008e200000, 0x000000008e200000|100%|HC|  |TAMS 0x000000008e200000| PB 0x000000008e100000| Complete 
| 172|0x000000008e200000, 0x000000008e300000, 0x000000008e300000|100%|HC|  |TAMS 0x000000008e300000| PB 0x000000008e200000| Complete 
| 173|0x000000008e300000, 0x000000008e400000, 0x000000008e400000|100%|HC|  |TAMS 0x000000008e400000| PB 0x000000008e300000| Complete 
| 174|0x000000008e400000, 0x000000008e500000, 0x000000008e500000|100%|HC|  |TAMS 0x000000008e500000| PB 0x000000008e400000| Complete 
| 175|0x000000008e500000, 0x000000008e600000, 0x000000008e600000|100%|HS|  |TAMS 0x000000008e600000| PB 0x000000008e500000| Complete 
| 176|0x000000008e600000, 0x000000008e700000, 0x000000008e700000|100%|HC|  |TAMS 0x000000008e700000| PB 0x000000008e600000| Complete 
| 177|0x000000008e700000, 0x000000008e800000, 0x000000008e800000|100%|HC|  |TAMS 0x000000008e800000| PB 0x000000008e700000| Complete 
| 178|0x000000008e800000, 0x000000008e900000, 0x000000008e900000|100%|HC|  |TAMS 0x000000008e900000| PB 0x000000008e800000| Complete 
| 179|0x000000008e900000, 0x000000008ea00000, 0x000000008ea00000|100%|HC|  |TAMS 0x000000008ea00000| PB 0x000000008e900000| Complete 
| 180|0x000000008ea00000, 0x000000008eb00000, 0x000000008eb00000|100%|HC|  |TAMS 0x000000008eb00000| PB 0x000000008ea00000| Complete 
| 181|0x000000008eb00000, 0x000000008ec00000, 0x000000008ec00000|100%|HC|  |TAMS 0x000000008ec00000| PB 0x000000008eb00000| Complete 
| 182|0x000000008ec00000, 0x000000008ed00000, 0x000000008ed00000|100%|HS|  |TAMS 0x000000008ed00000| PB 0x000000008ec00000| Complete 
| 183|0x000000008ed00000, 0x000000008ee00000, 0x000000008ee00000|100%|HC|  |TAMS 0x000000008ee00000| PB 0x000000008ed00000| Complete 
| 184|0x000000008ee00000, 0x000000008ef00000, 0x000000008ef00000|100%|HC|  |TAMS 0x000000008ef00000| PB 0x000000008ee00000| Complete 
| 185|0x000000008ef00000, 0x000000008f000000, 0x000000008f000000|100%|HC|  |TAMS 0x000000008f000000| PB 0x000000008ef00000| Complete 
| 186|0x000000008f000000, 0x000000008f100000, 0x000000008f100000|100%|HC|  |TAMS 0x000000008f100000| PB 0x000000008f000000| Complete 
| 187|0x000000008f100000, 0x000000008f200000, 0x000000008f200000|100%|HC|  |TAMS 0x000000008f200000| PB 0x000000008f100000| Complete 
| 188|0x000000008f200000, 0x000000008f300000, 0x000000008f300000|100%|HC|  |TAMS 0x000000008f300000| PB 0x000000008f200000| Complete 
|1988|0x00000000ffa00000, 0x00000000ffafd4f0, 0x00000000ffb00000| 98%| O|  |TAMS 0x00000000ffafd4f0| PB 0x00000000ffafd4f0| Updating 
|1989|0x00000000ffb00000, 0x00000000ffc00000, 0x00000000ffc00000|100%| O|  |TAMS 0x00000000ffc00000| PB 0x00000000ffc00000| Untracked 
|1990|0x00000000ffc00000, 0x00000000ffd00000, 0x00000000ffd00000|100%| O|  |TAMS 0x00000000ffd00000| PB 0x00000000ffd00000| Untracked 
|1991|0x00000000ffd00000, 0x00000000ffe00000, 0x00000000ffe00000|100%| O|  |TAMS 0x00000000ffe00000| PB 0x00000000ffe00000| Untracked 
|1992|0x00000000ffe00000, 0x00000000fff00000, 0x00000000fff00000|100%| O|  |TAMS 0x00000000fff00000| PB 0x00000000fff00000| Untracked 
|1993|0x00000000fff00000, 0x0000000100000000, 0x0000000100000000|100%| O|  |TAMS 0x0000000100000000| PB 0x0000000100000000| Untracked 

Card table byte_map: [0x00000278f4260000,0x00000278f4650000] _byte_map_base: 0x00000278f3e45000

Marking Bits: (CMBitMap*) 0x00000278e95f2480
 Bits: [0x00000278f4650000, 0x00000278f6578000)

Polling page: 0x00000278e9660000

Metaspace:

Usage:
  Non-class:     19.48 MB used.
      Class:      2.38 MB used.
       Both:     21.86 MB used.

Virtual space:
  Non-class space:       64.00 MB reserved,      19.62 MB ( 31%) committed,  1 nodes.
      Class space:        1.00 GB reserved,       2.56 MB ( <1%) committed,  1 nodes.
             Both:        1.06 GB reserved,      22.19 MB (  2%) committed. 

Chunk freelists:
   Non-Class:  12.38 MB
       Class:  13.42 MB
        Both:  25.80 MB

MaxMetaspaceSize: unlimited
CompressedClassSpaceSize: 1.00 GB
Initial GC threshold: 21.00 MB
Current GC threshold: 35.12 MB
CDS: on
 - commit_granule_bytes: 65536.
 - commit_granule_words: 8192.
 - virtual_space_node_default_size: 8388608.
 - enlarge_chunks_in_place: 1.
 - use_allocation_guard: 0.


Internal statistics:

num_allocs_failed_limit: 3.
num_arena_births: 218.
num_arena_deaths: 2.
num_vsnodes_births: 2.
num_vsnodes_deaths: 0.
num_space_committed: 355.
num_space_uncommitted: 0.
num_chunks_returned_to_freelist: 5.
num_chunks_taken_from_freelist: 971.
num_chunk_merges: 3.
num_chunk_splits: 694.
num_chunks_enlarged: 564.
num_inconsistent_stats: 0.

CodeHeap 'non-profiled nmethods': size=120000Kb used=3121Kb max_used=3700Kb free=116878Kb
 bounds [0x0000027887ad0000, 0x0000027887e70000, 0x000002788f000000]
CodeHeap 'profiled nmethods': size=120000Kb used=10769Kb max_used=13723Kb free=109230Kb
 bounds [0x0000027880000000, 0x0000027880d70000, 0x0000027887530000]
CodeHeap 'non-nmethods': size=5760Kb used=1624Kb max_used=1642Kb free=4135Kb
 bounds [0x0000027887530000, 0x00000278877a0000, 0x0000027887ad0000]
 total_blobs=5877 nmethods=5331 adapters=450
 compilation: enabled
              stopped_count=0, restarted_count=0
 full_count=0

Compilation events (20 events):
Event: 6.862 Thread 0x00000278f8e61690 nmethod 6264 0x0000027887e6b410 code [0x0000027887e6b5e0, 0x0000027887e6bcb8]
Event: 6.862 Thread 0x00000278f8e61690 6265       4       org.apache.commons.compress.archivers.zip.NioZipEncoding::newEncoder (53 bytes)
Event: 6.862 Thread 0x00000278f8e6c360 6278       1       java.util.Collections$EmptyMap::hashCode (2 bytes)
Event: 6.862 Thread 0x00000278f8e6c360 nmethod 6278 0x0000027887e6be90 code [0x0000027887e6c020, 0x0000027887e6c0e8]
Event: 6.864 Thread 0x00000278f8e6c360 6279       3       org.eclipse.aether.internal.impl.DefaultArtifactResolver::artifactResolving (42 bytes)
Event: 6.864 Thread 0x00000278f8e6c360 nmethod 6279 0x0000027880d60210 code [0x0000027880d60400, 0x0000027880d608e8]
Event: 6.864 Thread 0x00000278f8e6c360 6280       3       org.eclipse.aether.repository.LocalArtifactRequest::<init> (36 bytes)
Event: 6.864 Thread 0x00000278f8e6c360 nmethod 6280 0x0000027880d60b10 code [0x0000027880d60d00, 0x0000027880d61348]
Event: 6.865 Thread 0x00000278f8e6c360 6281       3       org.eclipse.aether.internal.impl.DefaultArtifactResolver::isLocallyInstalled (54 bytes)
Event: 6.865 Thread 0x00000278f8e6c360 nmethod 6281 0x0000027880d61510 code [0x0000027880d61700, 0x0000027880d61c08]
Event: 6.865 Thread 0x00000278f8e6c360 6282   !   3       org.eclipse.aether.internal.impl.DefaultArtifactResolver::getFile (163 bytes)
Event: 6.866 Thread 0x00000278f8e6c360 nmethod 6282 0x0000027880d61d10 code [0x0000027880d621c0, 0x0000027880d63ff8]
Event: 6.866 Thread 0x00000278f8e6c360 6283       3       org.eclipse.aether.artifact.AbstractArtifact::isSnapshot (8 bytes)
Event: 6.866 Thread 0x00000278f8e6c360 nmethod 6283 0x0000027880d64b90 code [0x0000027880d64da0, 0x0000027880d65358]
Event: 6.866 Thread 0x00000278f8e6c360 6284       3       org.eclipse.aether.artifact.AbstractArtifact::isSnapshot (28 bytes)
Event: 6.867 Thread 0x00000278f8e6c360 nmethod 6284 0x0000027880d65610 code [0x0000027880d65820, 0x0000027880d65d40]
Event: 6.867 Thread 0x00000278f8e6c360 6285       3       org.eclipse.aether.internal.impl.DefaultArtifactResolver::artifactResolved (74 bytes)
Event: 6.867 Thread 0x00000278f8e6c360 nmethod 6285 0x0000027880d65f90 code [0x0000027880d661c0, 0x0000027880d66a98]
Event: 6.867 Thread 0x00000278f8e61690 nmethod 6265 0x0000027887e6c190 code [0x0000027887e6c3c0, 0x0000027887e6cec8]
Event: 6.867 Thread 0x00000278f8e61690 6266   !   4       java.nio.CharBuffer::wrap (20 bytes)

GC Heap History (18 events):
Event: 0.468 GC heap before
{Heap before GC invocations=0 (full 0):
 garbage-first heap   total 129024K, used 22528K [0x0000000083600000, 0x0000000100000000)
  region size 1024K, 23 young (23552K), 0 survivors (0K)
 Metaspace       used 5801K, committed 5952K, reserved 1114112K
  class space    used 667K, committed 768K, reserved 1048576K
}
Event: 0.473 GC heap after
{Heap after GC invocations=1 (full 0):
 garbage-first heap   total 129024K, used 3845K [0x0000000083600000, 0x0000000100000000)
  region size 1024K, 3 young (3072K), 3 survivors (3072K)
 Metaspace       used 5801K, committed 5952K, reserved 1114112K
  class space    used 667K, committed 768K, reserved 1048576K
}
Event: 0.863 GC heap before
{Heap before GC invocations=1 (full 0):
 garbage-first heap   total 129024K, used 35589K [0x0000000083600000, 0x0000000100000000)
  region size 1024K, 34 young (34816K), 3 survivors (3072K)
 Metaspace       used 10413K, committed 10560K, reserved 1114112K
  class space    used 1233K, committed 1344K, reserved 1048576K
}
Event: 0.867 GC heap after
{Heap after GC invocations=2 (full 0):
 garbage-first heap   total 129024K, used 5812K [0x0000000083600000, 0x0000000100000000)
  region size 1024K, 2 young (2048K), 2 survivors (2048K)
 Metaspace       used 10413K, committed 10560K, reserved 1114112K
  class space    used 1233K, committed 1344K, reserved 1048576K
}
Event: 1.737 GC heap before
{Heap before GC invocations=2 (full 0):
 garbage-first heap   total 129024K, used 80564K [0x0000000083600000, 0x0000000100000000)
  region size 1024K, 75 young (76800K), 2 survivors (2048K)
 Metaspace       used 16345K, committed 16576K, reserved 1114112K
  class space    used 1877K, committed 1984K, reserved 1048576K
}
Event: 1.745 GC heap after
{Heap after GC invocations=3 (full 0):
 garbage-first heap   total 129024K, used 11466K [0x0000000083600000, 0x0000000100000000)
  region size 1024K, 8 young (8192K), 8 survivors (8192K)
 Metaspace       used 16345K, committed 16576K, reserved 1114112K
  class space    used 1877K, committed 1984K, reserved 1048576K
}
Event: 2.745 GC heap before
{Heap before GC invocations=3 (full 0):
 garbage-first heap   total 129024K, used 80074K [0x0000000083600000, 0x0000000100000000)
  region size 1024K, 75 young (76800K), 8 survivors (8192K)
 Metaspace       used 18300K, committed 18496K, reserved 1114112K
  class space    used 2014K, committed 2112K, reserved 1048576K
}
Event: 2.760 GC heap after
{Heap after GC invocations=4 (full 0):
 garbage-first heap   total 129024K, used 15394K [0x0000000083600000, 0x0000000100000000)
  region size 1024K, 4 young (4096K), 4 survivors (4096K)
 Metaspace       used 18300K, committed 18496K, reserved 1114112K
  class space    used 2014K, committed 2112K, reserved 1048576K
}
Event: 4.034 GC heap before
{Heap before GC invocations=4 (full 0):
 garbage-first heap   total 129024K, used 88098K [0x0000000083600000, 0x0000000100000000)
  region size 1024K, 75 young (76800K), 4 survivors (4096K)
 Metaspace       used 20895K, committed 21248K, reserved 1114112K
  class space    used 2306K, committed 2432K, reserved 1048576K
}
Event: 4.040 GC heap after
{Heap after GC invocations=5 (full 0):
 garbage-first heap   total 129024K, used 18184K [0x0000000083600000, 0x0000000100000000)
  region size 1024K, 7 young (7168K), 7 survivors (7168K)
 Metaspace       used 20895K, committed 21248K, reserved 1114112K
  class space    used 2306K, committed 2432K, reserved 1048576K
}
Event: 4.175 GC heap before
{Heap before GC invocations=5 (full 0):
 garbage-first heap   total 129024K, used 36616K [0x0000000083600000, 0x0000000100000000)
  region size 1024K, 26 young (26624K), 7 survivors (7168K)
 Metaspace       used 21211K, committed 21504K, reserved 1114112K
  class space    used 2335K, committed 2496K, reserved 1048576K
}
Event: 4.181 GC heap after
{Heap after GC invocations=6 (full 0):
 garbage-first heap   total 129024K, used 18325K [0x0000000083600000, 0x0000000100000000)
  region size 1024K, 4 young (4096K), 4 survivors (4096K)
 Metaspace       used 21211K, committed 21504K, reserved 1114112K
  class space    used 2335K, committed 2496K, reserved 1048576K
}
Event: 5.221 GC heap before
{Heap before GC invocations=7 (full 0):
 garbage-first heap   total 70656K, used 69525K [0x0000000083600000, 0x0000000100000000)
  region size 1024K, 22 young (22528K), 4 survivors (4096K)
 Metaspace       used 21962K, committed 22272K, reserved 1114112K
  class space    used 2407K, committed 2560K, reserved 1048576K
}
Event: 5.224 GC heap after
{Heap after GC invocations=8 (full 0):
 garbage-first heap   total 77824K, used 54156K [0x0000000083600000, 0x0000000100000000)
  region size 1024K, 7 young (7168K), 7 survivors (7168K)
 Metaspace       used 21962K, committed 22272K, reserved 1114112K
  class space    used 2407K, committed 2560K, reserved 1048576K
}
Event: 6.637 GC heap before
{Heap before GC invocations=8 (full 0):
 garbage-first heap   total 190464K, used 189324K [0x0000000083600000, 0x0000000100000000)
  region size 1024K, 13 young (13312K), 7 survivors (7168K)
 Metaspace       used 22227K, committed 22592K, reserved 1114112K
  class space    used 2431K, committed 2624K, reserved 1048576K
}
Event: 6.640 GC heap after
{Heap after GC invocations=9 (full 0):
 garbage-first heap   total 197632K, used 183242K [0x0000000083600000, 0x0000000100000000)
  region size 1024K, 1 young (1024K), 1 survivors (1024K)
 Metaspace       used 22227K, committed 22592K, reserved 1114112K
  class space    used 2431K, committed 2624K, reserved 1048576K
}
Event: 6.856 GC heap before
{Heap before GC invocations=9 (full 0):
 garbage-first heap   total 197632K, used 191434K [0x0000000083600000, 0x0000000100000000)
  region size 1024K, 9 young (9216K), 1 survivors (1024K)
 Metaspace       used 22383K, committed 22720K, reserved 1114112K
  class space    used 2436K, committed 2624K, reserved 1048576K
}
Event: 6.857 GC heap after
{Heap after GC invocations=10 (full 0):
 garbage-first heap   total 197632K, used 182747K [0x0000000083600000, 0x0000000100000000)
  region size 1024K, 1 young (1024K), 1 survivors (1024K)
 Metaspace       used 22383K, committed 22720K, reserved 1114112K
  class space    used 2436K, committed 2624K, reserved 1048576K
}

Dll operation events (8 events):
Event: 0.011 Loaded shared library C:\Program Files\Java\jdk-21\bin\java.dll
Event: 0.058 Loaded shared library C:\Program Files\Java\jdk-21\bin\jsvml.dll
Event: 0.076 Loaded shared library C:\Program Files\Java\jdk-21\bin\net.dll
Event: 0.079 Loaded shared library C:\Program Files\Java\jdk-21\bin\nio.dll
Event: 0.083 Loaded shared library C:\Program Files\Java\jdk-21\bin\zip.dll
Event: 0.153 Loaded shared library C:\Program Files\Java\jdk-21\bin\jimage.dll
Event: 0.175 Loaded shared library C:\Program Files\NetBeans-21\netbeans\java\maven\lib\jansi-native\Windows\x86_64\jansi.dll
Event: 0.183 Loaded shared library C:\Program Files\Java\jdk-21\bin\verify.dll

Deoptimization events (20 events):
Event: 6.725 Thread 0x00000278d0bf5100 Uncommon trap: trap_request=0xffffff45 fr.pc=0x0000027887e59878 relative=0x0000000000000058
Event: 6.725 Thread 0x00000278d0bf5100 Uncommon trap: reason=unstable_if action=reinterpret pc=0x0000027887e59878 method=java.lang.Thread.getAndClearInterrupt()Z @ 6 c2
Event: 6.725 Thread 0x00000278d0bf5790 DEOPT PACKING pc=0x0000027887e59878 sp=0x000000a1d39febf0
Event: 6.725 Thread 0x00000278d0bf4a70 DEOPT PACKING pc=0x0000027887e59878 sp=0x000000a1d3efee20
Event: 6.725 Thread 0x00000278f8e57480 DEOPT PACKING pc=0x0000027887e59878 sp=0x000000a1d37fec60
Event: 6.725 Thread 0x00000278f8e56df0 DEOPT PACKING pc=0x0000027887e59878 sp=0x000000a1d2bff180
Event: 6.725 Thread 0x00000278d0bf5100 DEOPT PACKING pc=0x0000027887e59878 sp=0x000000a1d38ff2f0
Event: 6.725 Thread 0x00000278f8e56df0 DEOPT UNPACKING pc=0x0000027887587da2 sp=0x000000a1d2bff0b8 mode 2
Event: 6.725 Thread 0x00000278d0bf5790 DEOPT UNPACKING pc=0x0000027887587da2 sp=0x000000a1d39feb28 mode 2
Event: 6.725 Thread 0x00000278d0bf4a70 DEOPT UNPACKING pc=0x0000027887587da2 sp=0x000000a1d3efed58 mode 2
Event: 6.725 Thread 0x00000278d0bf5100 DEOPT UNPACKING pc=0x0000027887587da2 sp=0x000000a1d38ff228 mode 2
Event: 6.725 Thread 0x00000278f8e57480 DEOPT UNPACKING pc=0x0000027887587da2 sp=0x000000a1d37feb98 mode 2
Event: 6.754 Thread 0x00000278e93c5560 Uncommon trap: trap_request=0xffffff45 fr.pc=0x0000027887e602a8 relative=0x0000000000000328
Event: 6.754 Thread 0x00000278e93c5560 Uncommon trap: reason=unstable_if action=reinterpret pc=0x0000027887e602a8 method=sun.nio.cs.UTF_8$Encoder.encodeBufferLoop(Ljava/nio/CharBuffer;Ljava/nio/ByteBuffer;)Ljava/nio/charset/CoderResult; @ 23 c2
Event: 6.754 Thread 0x00000278e93c5560 DEOPT PACKING pc=0x0000027887e602a8 sp=0x000000a1d19fde90
Event: 6.754 Thread 0x00000278e93c5560 DEOPT UNPACKING pc=0x0000027887587da2 sp=0x000000a1d19fde28 mode 2
Event: 6.854 Thread 0x00000278e93c5560 Uncommon trap: trap_request=0xffffffdc fr.pc=0x0000027887e2b904 relative=0x00000000000002c4
Event: 6.854 Thread 0x00000278e93c5560 Uncommon trap: reason=class_check action=make_not_entrant pc=0x0000027887e2b904 method=java.util.ArrayList.toArray([Ljava/lang/Object;)[Ljava/lang/Object; @ 21 c2
Event: 6.854 Thread 0x00000278e93c5560 DEOPT PACKING pc=0x0000027887e2b904 sp=0x000000a1d19fe440
Event: 6.854 Thread 0x00000278e93c5560 DEOPT UNPACKING pc=0x0000027887587da2 sp=0x000000a1d19fe400 mode 2

Classes loaded (20 events):
Event: 6.615 Loading class java/io/File$TempDirectory
Event: 6.615 Loading class java/io/File$TempDirectory done
Event: 6.615 Loading class java/security/DrbgParameters$NextBytes
Event: 6.615 Loading class java/security/DrbgParameters$NextBytes done
Event: 6.615 Loading class sun/security/provider/AbstractDrbg$SeederHolder
Event: 6.615 Loading class sun/security/provider/AbstractDrbg$SeederHolder done
Event: 6.615 Loading class sun/security/provider/SeedGenerator
Event: 6.616 Loading class sun/security/provider/SeedGenerator done
Event: 6.616 Loading class sun/security/provider/NativeSeedGenerator
Event: 6.616 Loading class sun/security/provider/NativeSeedGenerator done
Event: 6.623 Loading class sun/security/provider/SeedGenerator$1
Event: 6.623 Loading class sun/security/provider/SeedGenerator$1 done
Event: 6.632 Loading class java/net/NetworkInterface$1
Event: 6.632 Loading class java/net/NetworkInterface$1 done
Event: 6.646 Loading class sun/security/provider/AbstractDrbg$NonceProvider
Event: 6.646 Loading class sun/security/provider/AbstractDrbg$NonceProvider done
Event: 6.646 Loading class sun/security/provider/SHA2$SHA256
Event: 6.647 Loading class sun/security/provider/SHA2
Event: 6.647 Loading class sun/security/provider/SHA2 done
Event: 6.647 Loading class sun/security/provider/SHA2$SHA256 done

Classes unloaded (1 events):
Event: 6.869 Thread 0x00000278f8e34860 Unloading class 0x0000027890288000 'jakarta/servlet/annotation/WebServlet'

Classes redefined (0 events):
No events

Internal exceptions (20 events):
Event: 1.727 Thread 0x00000278e93c5560 Implicit null exception at 0x0000027887b7ed98 to 0x0000027887b7ef74
Event: 1.728 Thread 0x00000278e93c5560 Implicit null exception at 0x0000027887b7e098 to 0x0000027887b7e288
Event: 1.728 Thread 0x00000278e93c5560 Implicit null exception at 0x0000027887ba7dbd to 0x0000027887ba7e41
Event: 1.780 Thread 0x00000278e93c5560 Exception <a 'java/lang/NoSuchMethodError'{0x000000008b2b24d0}: 'java.lang.Object java.lang.invoke.DirectMethodHandle$Holder.newInvokeSpecial(java.lang.Object, java.lang.Object, java.lang.Object, java.lang.Object, java.lang.Object, java.lang.Object, java.lang.Object)'> (0x000000008b2b24d0) 
thrown [s\open\src\hotspot\share\interpreter\linkResolver.cpp, line 773]
Event: 1.918 Thread 0x00000278e93c5560 Exception <a 'java/lang/NoSuchMethodError'{0x000000008aac4010}: 'java.lang.Object java.lang.invoke.DirectMethodHandle$Holder.invokeVirtual(java.lang.Object, java.lang.Object, java.lang.Object)'> (0x000000008aac4010) 
thrown [s\open\src\hotspot\share\interpreter\linkResolver.cpp, line 773]
Event: 1.918 Thread 0x00000278e93c5560 Exception <a 'java/lang/NoSuchMethodError'{0x000000008aaca918}: 'void java.lang.invoke.DirectMethodHandle$Holder.invokeSpecial(java.lang.Object, java.lang.Object, java.lang.Object, java.lang.Object, java.lang.Object, java.lang.Object)'> (0x000000008aaca918) 
thrown [s\open\src\hotspot\share\interpreter\linkResolver.cpp, line 773]
Event: 1.919 Thread 0x00000278e93c5560 Exception <a 'java/lang/NoSuchMethodError'{0x000000008aad4b10}: 'int java.lang.invoke.DirectMethodHandle$Holder.invokeVirtual(java.lang.Object, java.lang.Object)'> (0x000000008aad4b10) 
thrown [s\open\src\hotspot\share\interpreter\linkResolver.cpp, line 773]
Event: 1.929 Thread 0x00000278e93c5560 Exception <a 'java/lang/NoSuchMethodError'{0x000000008a9a23f8}: 'void java.lang.invoke.Invokers$Holder.invokeExact_MT(java.lang.Object, java.lang.Object, int, java.lang.Object)'> (0x000000008a9a23f8) 
thrown [s\open\src\hotspot\share\interpreter\linkResolver.cpp, line 773]
Event: 2.196 Thread 0x00000278e93c5560 Implicit null exception at 0x0000027887b20c24 to 0x0000027887b212f4
Event: 3.013 Thread 0x00000278f8e57480 Exception <a 'java/lang/NoSuchMethodError'{0x000000008a337990}: 'java.lang.Object java.lang.invoke.DirectMethodHandle$Holder.invokeStatic(java.lang.Object, long, java.lang.Object)'> (0x000000008a337990) 
thrown [s\open\src\hotspot\share\interpreter\linkResolver.cpp, line 773]
Event: 3.014 Thread 0x00000278f8e57480 Exception <a 'java/lang/NoSuchMethodError'{0x000000008a33ae68}: 'java.lang.Object java.lang.invoke.DirectMethodHandle$Holder.invokeStaticInit(java.lang.Object, long, java.lang.Object)'> (0x000000008a33ae68) 
thrown [s\open\src\hotspot\share\interpreter\linkResolver.cpp, line 773]
Event: 3.014 Thread 0x00000278f8e57480 Exception <a 'java/lang/NoSuchMethodError'{0x000000008a340260}: 'java.lang.Object java.lang.invoke.DirectMethodHandle$Holder.newInvokeSpecial(java.lang.Object, long)'> (0x000000008a340260) 
thrown [s\open\src\hotspot\share\interpreter\linkResolver.cpp, line 773]
Event: 3.016 Thread 0x00000278f8e57480 Exception <a 'java/lang/NoSuchMethodError'{0x000000008a3449e8}: 'long java.lang.invoke.DirectMethodHandle$Holder.invokeInterface(java.lang.Object, java.lang.Object)'> (0x000000008a3449e8) 
thrown [s\open\src\hotspot\share\interpreter\linkResolver.cpp, line 773]
Event: 3.017 Thread 0x00000278f8e57480 Exception <a 'java/lang/NoSuchMethodError'{0x000000008a347ea0}: 'long java.lang.invoke.DelegatingMethodHandle$Holder.reinvoke_L(java.lang.Object, java.lang.Object)'> (0x000000008a347ea0) 
thrown [s\open\src\hotspot\share\interpreter\linkResolver.cpp, line 773]
Event: 4.139 Thread 0x00000278e93c5560 Exception <a 'sun/nio/fs/WindowsException'{0x000000008a66aeb8}> (0x000000008a66aeb8) 
thrown [s\open\src\hotspot\share\prims\jni.cpp, line 520]
Event: 4.932 Thread 0x00000278f8e56df0 Implicit null exception at 0x0000027887d7631d to 0x0000027887d76424
Event: 4.932 Thread 0x00000278f8e57480 Implicit null exception at 0x0000027887c8849b to 0x0000027887c88598
Event: 6.634 Thread 0x00000278d0bf5100 Implicit null exception at 0x0000027887e36cf3 to 0x0000027887e37328
Event: 6.634 Thread 0x00000278d0bf5100 Implicit null exception at 0x0000027887e2f737 to 0x0000027887e2faa4
Event: 6.645 Thread 0x00000278d0bf5100 Exception <a 'java/lang/NoSuchMethodError'{0x000000008b36aac8}: 'java.lang.Object java.lang.invoke.DirectMethodHandle$Holder.invokeStaticInit(java.lang.Object, java.lang.Object, int, int, int, int)'> (0x000000008b36aac8) 
thrown [s\open\src\hotspot\share\interpreter\linkResolver.cpp, line 773]

ZGC Phase Switch (0 events):
No events

VM Operations (20 events):
Event: 4.896 Executing VM operation: HandshakeAllThreads (Deoptimize) done
Event: 5.220 Executing VM operation: G1CollectForAllocation (G1 Evacuation Pause)
Event: 5.220 Executing VM operation: G1CollectForAllocation (G1 Evacuation Pause) done
Event: 5.221 Executing VM operation: G1CollectForAllocation (GCLocker Initiated GC)
Event: 5.224 Executing VM operation: G1CollectForAllocation (GCLocker Initiated GC) done
Event: 5.338 Executing VM operation: HandshakeAllThreads (Deoptimize)
Event: 5.338 Executing VM operation: HandshakeAllThreads (Deoptimize) done
Event: 5.339 Executing VM operation: HandshakeAllThreads (Deoptimize)
Event: 5.339 Executing VM operation: HandshakeAllThreads (Deoptimize) done
Event: 6.340 Executing VM operation: Cleanup
Event: 6.341 Executing VM operation: Cleanup done
Event: 6.626 Executing VM operation: HandshakeAllThreads (Deoptimize)
Event: 6.626 Executing VM operation: HandshakeAllThreads (Deoptimize) done
Event: 6.637 Executing VM operation: G1CollectForAllocation (G1 Evacuation Pause)
Event: 6.637 Executing VM operation: G1CollectForAllocation (G1 Evacuation Pause) done
Event: 6.637 Executing VM operation: G1CollectForAllocation (GCLocker Initiated GC)
Event: 6.640 Executing VM operation: G1CollectForAllocation (GCLocker Initiated GC) done
Event: 6.856 Executing VM operation: G1CollectForAllocation (G1 Evacuation Pause)
Event: 6.857 Executing VM operation: G1CollectForAllocation (G1 Evacuation Pause) done
Event: 6.868 Executing VM operation: G1PauseRemark

Events (20 events):
Event: 6.875 Thread 0x00000278f8e34860 flushing nmethod 0x0000027887b05510
Event: 6.875 Thread 0x00000278f8e34860 flushing nmethod 0x0000027887b15910
Event: 6.875 Thread 0x00000278f8e34860 flushing nmethod 0x0000027887b03490
Event: 6.875 Thread 0x00000278f8e34860 flushing nmethod 0x0000027887affd10
Event: 6.875 Thread 0x00000278f8e34860 flushing nmethod 0x0000027887b01f10
Event: 6.875 Thread 0x00000278f8e34860 flushing nmethod 0x0000027887af9b90
Event: 6.875 Thread 0x00000278f8e34860 flushing nmethod 0x0000027887af8a90
Event: 6.875 Thread 0x00000278f8e34860 flushing nmethod 0x0000027887af8610
Event: 6.875 Thread 0x00000278f8e34860 flushing nmethod 0x0000027887afa790
Event: 6.875 Thread 0x00000278f8e34860 flushing nmethod 0x0000027887ade790
Event: 6.875 Thread 0x00000278f8e34860 flushing nmethod 0x0000027887af4610
Event: 6.875 Thread 0x00000278f8e34860 flushing nmethod 0x0000027887addc10
Event: 6.875 Thread 0x00000278f8e34860 flushing nmethod 0x0000027887add710
Event: 6.875 Thread 0x00000278f8e34860 flushing nmethod 0x0000027887aef410
Event: 6.875 Thread 0x00000278f8e34860 flushing nmethod 0x0000027887adca10
Event: 6.875 Thread 0x00000278f8e34860 flushing nmethod 0x0000027887aec410
Event: 6.875 Thread 0x00000278f8e34860 flushing nmethod 0x0000027887adbd90
Event: 6.875 Thread 0x00000278f8e34860 flushing nmethod 0x0000027887ada210
Event: 6.875 Thread 0x00000278f8e34860 flushing nmethod 0x0000027887ad4790
Event: 6.875 Thread 0x00000278f8e34860 flushing nmethod 0x0000027887ad0610


Dynamic libraries:
0x00007ff750a70000 - 0x00007ff750a80000 	C:\Program Files\Java\jdk-21\bin\java.exe
0x00007ff86a030000 - 0x00007ff86a247000 	C:\WINDOWS\SYSTEM32\ntdll.dll
0x00007ff868950000 - 0x00007ff868a14000 	C:\WINDOWS\System32\KERNEL32.DLL
0x00007ff867560000 - 0x00007ff86790d000 	C:\WINDOWS\System32\KERNELBASE.dll
0x00007ff867360000 - 0x00007ff867471000 	C:\WINDOWS\System32\ucrtbase.dll
0x00007ff80dbf0000 - 0x00007ff80dc0b000 	C:\Program Files\Java\jdk-21\bin\VCRUNTIME140.dll
0x00007ff80d390000 - 0x00007ff80d3a9000 	C:\Program Files\Java\jdk-21\bin\jli.dll
0x00007ff868890000 - 0x00007ff868942000 	C:\WINDOWS\System32\ADVAPI32.dll
0x00007ff8694a0000 - 0x00007ff869547000 	C:\WINDOWS\System32\msvcrt.dll
0x00007ff868460000 - 0x00007ff868509000 	C:\WINDOWS\System32\sechost.dll
0x00007ff867530000 - 0x00007ff867558000 	C:\WINDOWS\System32\bcrypt.dll
0x00007ff869380000 - 0x00007ff869494000 	C:\WINDOWS\System32\RPCRT4.dll
0x00007ff868be0000 - 0x00007ff868d8e000 	C:\WINDOWS\System32\USER32.dll
0x00007ff867480000 - 0x00007ff8674a6000 	C:\WINDOWS\System32\win32u.dll
0x00007ff868670000 - 0x00007ff868699000 	C:\WINDOWS\System32\GDI32.dll
0x00007ff8506e0000 - 0x00007ff850973000 	C:\WINDOWS\WinSxS\amd64_microsoft.windows.common-controls_6595b64144ccf1df_6.0.22621.3672_none_2713b9d173822955\COMCTL32.dll
0x00007ff867ae0000 - 0x00007ff867bf9000 	C:\WINDOWS\System32\gdi32full.dll
0x00007ff867a40000 - 0x00007ff867ada000 	C:\WINDOWS\System32\msvcp_win.dll
0x00007ff863050000 - 0x00007ff86305a000 	C:\WINDOWS\SYSTEM32\VERSION.dll
0x00007ff8686a0000 - 0x00007ff8686d1000 	C:\WINDOWS\System32\IMM32.DLL
0x00007ff846aa0000 - 0x00007ff846aac000 	C:\Program Files\Java\jdk-21\bin\vcruntime140_1.dll
0x00007ffffa840000 - 0x00007ffffa8ce000 	C:\Program Files\Java\jdk-21\bin\msvcp140.dll
0x00007ffff4f00000 - 0x00007ffff5c17000 	C:\Program Files\Java\jdk-21\bin\server\jvm.dll
0x00007ff868db0000 - 0x00007ff868e21000 	C:\WINDOWS\System32\WS2_32.dll
0x00007ff8661d0000 - 0x00007ff86621d000 	C:\WINDOWS\SYSTEM32\POWRPROF.dll
0x00007ff860a30000 - 0x00007ff860a64000 	C:\WINDOWS\SYSTEM32\WINMM.dll
0x00007ff8661a0000 - 0x00007ff8661b3000 	C:\WINDOWS\SYSTEM32\UMPDC.dll
0x00007ff8663c0000 - 0x00007ff8663d8000 	C:\WINDOWS\SYSTEM32\kernel.appcore.dll
0x00007ff845cb0000 - 0x00007ff845cba000 	C:\Program Files\Java\jdk-21\bin\jimage.dll
0x00007ff864c40000 - 0x00007ff864e72000 	C:\WINDOWS\SYSTEM32\DBGHELP.DLL
0x00007ff868fe0000 - 0x00007ff869368000 	C:\WINDOWS\System32\combase.dll
0x00007ff868360000 - 0x00007ff868437000 	C:\WINDOWS\System32\OLEAUT32.dll
0x00007ff831dc0000 - 0x00007ff831df2000 	C:\WINDOWS\SYSTEM32\dbgcore.DLL
0x00007ff8674b0000 - 0x00007ff86752b000 	C:\WINDOWS\System32\bcryptPrimitives.dll
0x00007fffff510000 - 0x00007fffff52f000 	C:\Program Files\Java\jdk-21\bin\java.dll
0x00007ff869550000 - 0x00007ff869daf000 	C:\WINDOWS\System32\SHELL32.dll
0x00007ff865260000 - 0x00007ff865b5c000 	C:\WINDOWS\SYSTEM32\windows.storage.dll
0x00007ff865120000 - 0x00007ff86525f000 	C:\WINDOWS\SYSTEM32\wintypes.dll
0x00007ff868790000 - 0x00007ff868884000 	C:\WINDOWS\System32\SHCORE.dll
0x00007ff8685a0000 - 0x00007ff8685fe000 	C:\WINDOWS\System32\shlwapi.dll
0x00007ff867290000 - 0x00007ff8672b1000 	C:\WINDOWS\SYSTEM32\profapi.dll
0x00007ffff86d0000 - 0x00007ffff87a7000 	C:\Program Files\Java\jdk-21\bin\jsvml.dll
0x00007ff83f0b0000 - 0x00007ff83f0c0000 	C:\Program Files\Java\jdk-21\bin\net.dll
0x00007ff862cb0000 - 0x00007ff862de6000 	C:\WINDOWS\SYSTEM32\WINHTTP.dll
0x00007ff8668f0000 - 0x00007ff866959000 	C:\WINDOWS\system32\mswsock.dll
0x00007fffff400000 - 0x00007fffff416000 	C:\Program Files\Java\jdk-21\bin\nio.dll
0x00007fffff170000 - 0x00007fffff188000 	C:\Program Files\Java\jdk-21\bin\zip.dll
0x0000000069ac0000 - 0x0000000069ae4000 	C:\Program Files\NetBeans-21\netbeans\java\maven\lib\jansi-native\Windows\x86_64\jansi.dll
0x00007ff83e040000 - 0x00007ff83e050000 	C:\Program Files\Java\jdk-21\bin\verify.dll
0x00007ff8664a0000 - 0x00007ff8664d4000 	C:\WINDOWS\SYSTEM32\ntmarta.dll
0x00007ff866b50000 - 0x00007ff866b6b000 	C:\WINDOWS\SYSTEM32\CRYPTSP.dll
0x00007ff8663e0000 - 0x00007ff866415000 	C:\WINDOWS\system32\rsaenh.dll
0x00007ff8669f0000 - 0x00007ff866a18000 	C:\WINDOWS\SYSTEM32\USERENV.dll
0x00007ff866b70000 - 0x00007ff866b7c000 	C:\WINDOWS\SYSTEM32\CRYPTBASE.dll
0x00007ff865e60000 - 0x00007ff865e8d000 	C:\WINDOWS\SYSTEM32\IPHLPAPI.DLL
0x00007ff868600000 - 0x00007ff868609000 	C:\WINDOWS\System32\NSI.dll

dbghelp: loaded successfully - version: 4.0.5 - missing functions: none
symbol engine: initialized successfully - sym options: 0x614 - pdb path: .;C:\Program Files\Java\jdk-21\bin;C:\WINDOWS\SYSTEM32;C:\WINDOWS\WinSxS\amd64_microsoft.windows.common-controls_6595b64144ccf1df_6.0.22621.3672_none_2713b9d173822955;C:\Program Files\Java\jdk-21\bin\server;C:\Program Files\NetBeans-21\netbeans\java\maven\lib\jansi-native\Windows\x86_64

VM Arguments:
jvm_args: -Dclassworlds.conf=C:\Program Files\NetBeans-21\netbeans\java\maven\bin\m2.conf -Dmaven.home=C:\Program Files\NetBeans-21\netbeans\java\maven -Dlibrary.jansi.path=C:\Program Files\NetBeans-21\netbeans\java\maven\lib\jansi-native -Dmaven.multiModuleProjectDirectory=C:\Project Java\MotorcycleRental 
java_command: org.codehaus.plexus.classworlds.launcher.Launcher -Dmaven.ext.class.path=C:\Program Files\NetBeans-21\netbeans\java\maven-nblib\netbeans-eventspy.jar --no-transfer-progress install
java_class_path (initial): C:\Program Files\NetBeans-21\netbeans\java\maven\boot\plexus-classworlds-2.7.0.jar
Launcher Type: SUN_STANDARD

[Global flags]
     intx CICompilerCount                          = 4                                         {product} {ergonomic}
     uint ConcGCThreads                            = 3                                         {product} {ergonomic}
     uint G1ConcRefinementThreads                  = 10                                        {product} {ergonomic}
   size_t G1HeapRegionSize                         = 1048576                                   {product} {ergonomic}
    uintx GCDrainStackTargetSize                   = 64                                        {product} {ergonomic}
   size_t InitialHeapSize                          = 132120576                                 {product} {ergonomic}
   size_t MarkStackSize                            = 4194304                                   {product} {ergonomic}
   size_t MaxHeapSize                              = 2090860544                                {product} {ergonomic}
   size_t MaxNewSize                               = 1254096896                                {product} {ergonomic}
   size_t MinHeapDeltaBytes                        = 1048576                                   {product} {ergonomic}
   size_t MinHeapSize                              = 8388608                                   {product} {ergonomic}
    uintx NonNMethodCodeHeapSize                   = 5839372                                {pd product} {ergonomic}
    uintx NonProfiledCodeHeapSize                  = 122909434                              {pd product} {ergonomic}
    uintx ProfiledCodeHeapSize                     = 122909434                              {pd product} {ergonomic}
    uintx ReservedCodeCacheSize                    = 251658240                              {pd product} {ergonomic}
     bool SegmentedCodeCache                       = true                                      {product} {ergonomic}
   size_t SoftMaxHeapSize                          = 2090860544                             {manageable} {ergonomic}
     bool UseCompressedOops                        = true                           {product lp64_product} {ergonomic}
     bool UseG1GC                                  = true                                      {product} {ergonomic}
     bool UseLargePagesIndividualAllocation        = false                                  {pd product} {ergonomic}

Logging:
Log output configuration:
 #0: stdout all=warning uptime,level,tags foldmultilines=false
 #1: stderr all=off uptime,level,tags foldmultilines=false

Environment Variables:
JAVA_HOME=C:\Program Files\Java\jdk-21
PATH=C:\Program Files\Common Files\Oracle\Java\javapath;C:\Program Files (x86)\Common Files\Oracle\Java\java8path;C:\Program Files (x86)\Common Files\Oracle\Java\javapath;C:\ProgramData\Oracle\Java\javapath;C:\Windows\system32;C:\Windows;C:\Windows\System32\Wbem;C:\Windows\System32\WindowsPowerShell\v1.0\;C:\Windows\System32\OpenSSH\;C:\Program Files (x86)\NVIDIA Corporation\PhysX\Common;C:\Program Files\NVIDIA Corporation\NVIDIA NvDLISR;C:\WINDOWS\system32;C:\WINDOWS;C:\WINDOWS\System32\Wbem;C:\WINDOWS\System32\WindowsPowerShell\v1.0\;C:\WINDOWS\System32\OpenSSH\;C:\Program Files\Microsoft SQL Server\Client SDK\ODBC\170\Tools\Binn\;C:\Program Files (x86)\Microsoft SQL Server\150\Tools\Binn\;C:\Program Files\Microsoft SQL Server\150\Tools\Binn\;C:\Program Files\Microsoft SQL Server\150\DTS\Binn\;C:\Program Files\Azure Data Studio\bin;C:\Program Files (x86)\Microsoft SQL Server\150\DTS\Binn\;C:\Program Files (x86)\Microsoft SQL Server\160\DTS\Binn\;C:\Program Files\dotnet\;C:\Program Files\Git\cmd;C:\Program Files\nodejs\;C:\Users\MINH TUAN\AppData\Local\Programs\Python\Python312\Scripts\;C:\Users\MINH TUAN\AppData\Local\Programs\Python\Python312\;C:\Users\MINH TUAN\AppData\Local\Programs\Python\Launcher\;C:\Users\MINH TUAN\AppData\Local\Microsoft\WindowsApps;;C:\Users\MINH TUAN\AppData\Local\Programs\Microsoft VS Code\bin;C:\Program Files\JetBrains\IntelliJ IDEA Community Edition 2023.1\bin;;C:\Program Files\Azure Data Studio\bin;C:\Users\MINH TUAN\.dotnet\tools;C:\Users\MINH TUAN\AppData\Roaming\npm
USERNAME=MINH TUAN
OS=Windows_NT
PROCESSOR_IDENTIFIER=Intel64 Family 6 Model 141 Stepping 1, GenuineIntel
TMP=C:\Users\MINHTU~1\AppData\Local\Temp
TEMP=C:\Users\MINHTU~1\AppData\Local\Temp




Periodic native trim disabled

---------------  S Y S T E M  ---------------

OS:
 Windows 11 , 64 bit Build 22621 (10.0.22621.3672)
OS uptime: 1 days 18:27 hours
Hyper-V role detected

CPU: total 12 (initial active 12) (6 cores per cpu, 2 threads per core) family 6 model 141 stepping 1 microcode 0x3c, cx8, cmov, fxsr, ht, mmx, 3dnowpref, sse, sse2, sse3, ssse3, sse4.1, sse4.2, popcnt, lzcnt, tsc, tscinvbit, avx, avx2, aes, erms, clmul, bmi1, bmi2, adx, avx512f, avx512dq, avx512cd, avx512bw, avx512vl, sha, fma, vzeroupper, avx512_vpopcntdq, avx512_vpclmulqdq, avx512_vaes, avx512_vnni, clflush, clflushopt, clwb, avx512_vbmi2, avx512_vbmi, hv, rdtscp, rdpid, fsrm, gfni, avx512_bitalg, f16c, cet_ibt, cet_ss, avx512_ifma
Processor Information for all 12 processors :
  Max Mhz: 2688, Current Mhz: 2688, Mhz Limit: 2688

Memory: 4k page, system-wide physical 7971M (217M free)
TotalPageFile size 32547M (AvailPageFile size 56M)
current process WorkingSet (physical memory assigned to process): 271M, peak: 273M
current process commit charge ("private bytes"): 339M, peak: 438M

vm_info: Java HotSpot(TM) 64-Bit Server VM (21.0.2+13-LTS-58) for windows-amd64 JRE (21.0.2+13-LTS-58), built on 2024-01-05T18:32:24Z by "mach5one" with MS VC++ 17.1 (VS2022)

END.
